ARM GAS  C:\Users\acer\AppData\Local\Temp\ccfQ94Sz.s 			page 1


   1              		.syntax unified
   2              		.cpu cortex-m3
   3              		.fpu softvfp
   4              		.eabi_attribute 20, 1
   5              		.eabi_attribute 21, 1
   6              		.eabi_attribute 23, 3
   7              		.eabi_attribute 24, 1
   8              		.eabi_attribute 25, 1
   9              		.eabi_attribute 26, 1
  10              		.eabi_attribute 30, 1
  11              		.eabi_attribute 34, 1
  12              		.eabi_attribute 18, 4
  13              		.thumb
  14              		.syntax unified
  15              		.file	"cymetadata.c"
  16              		.text
  17              	.Ltext0:
  18              		.cfi_sections	.debug_frame
  19              		.global	cy_metadata
  20              		.global	cy_meta_flashprotect
  21              		.global	cy_meta_wonvl
  22              		.global	cy_meta_custnvl
  23              		.global	cy_meta_configecc
  24              		.section	.cyconfigecc,"a",%progbits
  25              		.align	2
  26              		.type	cy_meta_configecc, %object
  27              		.size	cy_meta_configecc, 2048
  28              	cy_meta_configecc:
  29 0000 03       		.byte	3
  30 0001 52       		.byte	82
  31 0002 00       		.byte	0
  32 0003 40       		.byte	64
  33 0004 01       		.byte	1
  34 0005 5B       		.byte	91
  35 0006 00       		.byte	0
  36 0007 40       		.byte	64
  37 0008 02       		.byte	2
  38 0009 64       		.byte	100
  39 000a 00       		.byte	0
  40 000b 40       		.byte	64
  41 000c 02       		.byte	2
  42 000d 65       		.byte	101
  43 000e 00       		.byte	0
  44 000f 40       		.byte	64
  45 0010 01       		.byte	1
  46 0011 05       		.byte	5
  47 0012 01       		.byte	1
  48 0013 40       		.byte	64
  49 0014 34       		.byte	52
  50 0015 06       		.byte	6
  51 0016 01       		.byte	1
  52 0017 40       		.byte	64
  53 0018 2F       		.byte	47
  54 0019 07       		.byte	7
  55 001a 01       		.byte	1
  56 001b 40       		.byte	64
  57 001c 2E       		.byte	46
ARM GAS  C:\Users\acer\AppData\Local\Temp\ccfQ94Sz.s 			page 2


  58 001d 08       		.byte	8
  59 001e 01       		.byte	1
  60 001f 40       		.byte	64
  61 0020 49       		.byte	73
  62 0021 09       		.byte	9
  63 0022 01       		.byte	1
  64 0023 40       		.byte	64
  65 0024 34       		.byte	52
  66 0025 0A       		.byte	10
  67 0026 01       		.byte	1
  68 0027 40       		.byte	64
  69 0028 38       		.byte	56
  70 0029 0B       		.byte	11
  71 002a 01       		.byte	1
  72 002b 40       		.byte	64
  73 002c 1F       		.byte	31
  74 002d 0C       		.byte	12
  75 002e 01       		.byte	1
  76 002f 40       		.byte	64
  77 0030 35       		.byte	53
  78 0031 0D       		.byte	13
  79 0032 01       		.byte	1
  80 0033 40       		.byte	64
  81 0034 1E       		.byte	30
  82 0035 0E       		.byte	14
  83 0036 01       		.byte	1
  84 0037 40       		.byte	64
  85 0038 27       		.byte	39
  86 0039 0F       		.byte	15
  87 003a 01       		.byte	1
  88 003b 40       		.byte	64
  89 003c 06       		.byte	6
  90 003d 15       		.byte	21
  91 003e 01       		.byte	1
  92 003f 40       		.byte	64
  93 0040 13       		.byte	19
  94 0041 16       		.byte	22
  95 0042 01       		.byte	1
  96 0043 40       		.byte	64
  97 0044 43       		.byte	67
  98 0045 17       		.byte	23
  99 0046 01       		.byte	1
 100 0047 40       		.byte	64
 101 0048 05       		.byte	5
 102 0049 18       		.byte	24
 103 004a 01       		.byte	1
 104 004b 40       		.byte	64
 105 004c 45       		.byte	69
 106 004d 19       		.byte	25
 107 004e 01       		.byte	1
 108 004f 40       		.byte	64
 109 0050 41       		.byte	65
 110 0051 1A       		.byte	26
 111 0052 01       		.byte	1
 112 0053 40       		.byte	64
 113 0054 46       		.byte	70
 114 0055 1B       		.byte	27
ARM GAS  C:\Users\acer\AppData\Local\Temp\ccfQ94Sz.s 			page 3


 115 0056 01       		.byte	1
 116 0057 40       		.byte	64
 117 0058 08       		.byte	8
 118 0059 40       		.byte	64
 119 005a 01       		.byte	1
 120 005b 40       		.byte	64
 121 005c 07       		.byte	7
 122 005d 41       		.byte	65
 123 005e 01       		.byte	1
 124 005f 40       		.byte	64
 125 0060 07       		.byte	7
 126 0061 42       		.byte	66
 127 0062 01       		.byte	1
 128 0063 40       		.byte	64
 129 0064 05       		.byte	5
 130 0065 43       		.byte	67
 131 0066 01       		.byte	1
 132 0067 40       		.byte	64
 133 0068 02       		.byte	2
 134 0069 45       		.byte	69
 135 006a 01       		.byte	1
 136 006b 40       		.byte	64
 137 006c 06       		.byte	6
 138 006d 46       		.byte	70
 139 006e 01       		.byte	1
 140 006f 40       		.byte	64
 141 0070 06       		.byte	6
 142 0071 47       		.byte	71
 143 0072 01       		.byte	1
 144 0073 40       		.byte	64
 145 0074 08       		.byte	8
 146 0075 48       		.byte	72
 147 0076 01       		.byte	1
 148 0077 40       		.byte	64
 149 0078 01       		.byte	1
 150 0079 49       		.byte	73
 151 007a 01       		.byte	1
 152 007b 40       		.byte	64
 153 007c 03       		.byte	3
 154 007d 4C       		.byte	76
 155 007e 01       		.byte	1
 156 007f 40       		.byte	64
 157 0080 0B       		.byte	11
 158 0081 4D       		.byte	77
 159 0082 01       		.byte	1
 160 0083 40       		.byte	64
 161 0084 0B       		.byte	11
 162 0085 50       		.byte	80
 163 0086 01       		.byte	1
 164 0087 40       		.byte	64
 165 0088 02       		.byte	2
 166 0089 51       		.byte	81
 167 008a 01       		.byte	1
 168 008b 40       		.byte	64
 169 008c 00       		.byte	0
 170 008d 01       		.byte	1
 171 008e 01       		.byte	1
ARM GAS  C:\Users\acer\AppData\Local\Temp\ccfQ94Sz.s 			page 4


 172 008f 01       		.byte	1
 173 0090 11       		.byte	17
 174 0091 10       		.byte	16
 175 0092 27       		.byte	39
 176 0093 84       		.byte	-124
 177 0094 88       		.byte	-120
 178 0095 38       		.byte	56
 179 0096 8D       		.byte	-115
 180 0097 0F       		.byte	15
 181 0098 87       		.byte	-121
 182 0099 01       		.byte	1
 183 009a 8B       		.byte	-117
 184 009b 72       		.byte	114
 185 009c 87       		.byte	-121
 186 009d 20       		.byte	32
 187 009e 01       		.byte	1
 188 009f 01       		.byte	1
 189 00a0 04       		.byte	4
 190 00a1 01       		.byte	1
 191 00a2 09       		.byte	9
 192 00a3 01       		.byte	1
 193 00a4 11       		.byte	17
 194 00a5 01       		.byte	1
 195 00a6 14       		.byte	20
 196 00a7 01       		.byte	1
 197 00a8 17       		.byte	23
 198 00a9 01       		.byte	1
 199 00aa 1A       		.byte	26
 200 00ab 01       		.byte	1
 201 00ac 1C       		.byte	28
 202 00ad 01       		.byte	1
 203 00ae 20       		.byte	32
 204 00af 01       		.byte	1
 205 00b0 21       		.byte	33
 206 00b1 01       		.byte	1
 207 00b2 25       		.byte	37
 208 00b3 01       		.byte	1
 209 00b4 28       		.byte	40
 210 00b5 01       		.byte	1
 211 00b6 2B       		.byte	43
 212 00b7 01       		.byte	1
 213 00b8 2C       		.byte	44
 214 00b9 01       		.byte	1
 215 00ba 33       		.byte	51
 216 00bb 01       		.byte	1
 217 00bc 34       		.byte	52
 218 00bd 01       		.byte	1
 219 00be 58       		.byte	88
 220 00bf 04       		.byte	4
 221 00c0 59       		.byte	89
 222 00c1 04       		.byte	4
 223 00c2 5F       		.byte	95
 224 00c3 01       		.byte	1
 225 00c4 82       		.byte	-126
 226 00c5 04       		.byte	4
 227 00c6 83       		.byte	-125
 228 00c7 02       		.byte	2
ARM GAS  C:\Users\acer\AppData\Local\Temp\ccfQ94Sz.s 			page 5


 229 00c8 85       		.byte	-123
 230 00c9 01       		.byte	1
 231 00ca 86       		.byte	-122
 232 00cb 08       		.byte	8
 233 00cc 8B       		.byte	-117
 234 00cd 01       		.byte	1
 235 00ce 8D       		.byte	-115
 236 00cf 80       		.byte	-128
 237 00d0 8E       		.byte	-114
 238 00d1 10       		.byte	16
 239 00d2 8F       		.byte	-113
 240 00d3 40       		.byte	64
 241 00d4 92       		.byte	-110
 242 00d5 02       		.byte	2
 243 00d6 93       		.byte	-109
 244 00d7 08       		.byte	8
 245 00d8 95       		.byte	-107
 246 00d9 20       		.byte	32
 247 00da 97       		.byte	-105
 248 00db 10       		.byte	16
 249 00dc 99       		.byte	-103
 250 00dd 08       		.byte	8
 251 00de 9A       		.byte	-102
 252 00df 01       		.byte	1
 253 00e0 9C       		.byte	-100
 254 00e1 08       		.byte	8
 255 00e2 9D       		.byte	-99
 256 00e3 04       		.byte	4
 257 00e4 A0       		.byte	-96
 258 00e5 02       		.byte	2
 259 00e6 A3       		.byte	-93
 260 00e7 04       		.byte	4
 261 00e8 A4       		.byte	-92
 262 00e9 01       		.byte	1
 263 00ea A5       		.byte	-91
 264 00eb 10       		.byte	16
 265 00ec A7       		.byte	-89
 266 00ed 20       		.byte	32
 267 00ee A9       		.byte	-87
 268 00ef 40       		.byte	64
 269 00f0 AB       		.byte	-85
 270 00f1 80       		.byte	-128
 271 00f2 AC       		.byte	-84
 272 00f3 04       		.byte	4
 273 00f4 AD       		.byte	-83
 274 00f5 02       		.byte	2
 275 00f6 B1       		.byte	-79
 276 00f7 FF       		.byte	-1
 277 00f8 B2       		.byte	-78
 278 00f9 1F       		.byte	31
 279 00fa B8       		.byte	-72
 280 00fb 08       		.byte	8
 281 00fc BE       		.byte	-66
 282 00fd 04       		.byte	4
 283 00fe BF       		.byte	-65
 284 00ff 01       		.byte	1
 285 0100 D8       		.byte	-40
ARM GAS  C:\Users\acer\AppData\Local\Temp\ccfQ94Sz.s 			page 6


 286 0101 04       		.byte	4
 287 0102 D9       		.byte	-39
 288 0103 04       		.byte	4
 289 0104 DF       		.byte	-33
 290 0105 01       		.byte	1
 291 0106 00       		.byte	0
 292 0107 40       		.byte	64
 293 0108 03       		.byte	3
 294 0109 58       		.byte	88
 295 010a 05       		.byte	5
 296 010b 04       		.byte	4
 297 010c 08       		.byte	8
 298 010d 01       		.byte	1
 299 010e 0A       		.byte	10
 300 010f 23       		.byte	35
 301 0110 0B       		.byte	11
 302 0111 25       		.byte	37
 303 0112 0F       		.byte	15
 304 0113 19       		.byte	25
 305 0114 10       		.byte	16
 306 0115 04       		.byte	4
 307 0116 11       		.byte	17
 308 0117 01       		.byte	1
 309 0118 12       		.byte	18
 310 0119 11       		.byte	17
 311 011a 14       		.byte	20
 312 011b 04       		.byte	4
 313 011c 15       		.byte	21
 314 011d 01       		.byte	1
 315 011e 16       		.byte	22
 316 011f 01       		.byte	1
 317 0120 18       		.byte	24
 318 0121 20       		.byte	32
 319 0122 1B       		.byte	27
 320 0123 0C       		.byte	12
 321 0124 1F       		.byte	31
 322 0125 20       		.byte	32
 323 0126 20       		.byte	32
 324 0127 40       		.byte	64
 325 0128 26       		.byte	38
 326 0129 04       		.byte	4
 327 012a 28       		.byte	40
 328 012b 05       		.byte	5
 329 012c 29       		.byte	41
 330 012d 45       		.byte	69
 331 012e 2A       		.byte	42
 332 012f 01       		.byte	1
 333 0130 2E       		.byte	46
 334 0131 01       		.byte	1
 335 0132 2F       		.byte	47
 336 0133 18       		.byte	24
 337 0134 30       		.byte	48
 338 0135 08       		.byte	8
 339 0136 32       		.byte	50
 340 0137 01       		.byte	1
 341 0138 33       		.byte	51
 342 0139 50       		.byte	80
ARM GAS  C:\Users\acer\AppData\Local\Temp\ccfQ94Sz.s 			page 7


 343 013a 34       		.byte	52
 344 013b 04       		.byte	4
 345 013c 35       		.byte	53
 346 013d 01       		.byte	1
 347 013e 38       		.byte	56
 348 013f 02       		.byte	2
 349 0140 39       		.byte	57
 350 0141 41       		.byte	65
 351 0142 3A       		.byte	58
 352 0143 18       		.byte	24
 353 0144 3B       		.byte	59
 354 0145 14       		.byte	20
 355 0146 3D       		.byte	61
 356 0147 01       		.byte	1
 357 0148 3F       		.byte	63
 358 0149 10       		.byte	16
 359 014a 89       		.byte	-119
 360 014b 01       		.byte	1
 361 014c 8A       		.byte	-118
 362 014d 01       		.byte	1
 363 014e 8D       		.byte	-115
 364 014f 05       		.byte	5
 365 0150 97       		.byte	-105
 366 0151 10       		.byte	16
 367 0152 A7       		.byte	-89
 368 0153 20       		.byte	32
 369 0154 B3       		.byte	-77
 370 0155 10       		.byte	16
 371 0156 C0       		.byte	-64
 372 0157 2F       		.byte	47
 373 0158 C2       		.byte	-62
 374 0159 EF       		.byte	-17
 375 015a C4       		.byte	-60
 376 015b DF       		.byte	-33
 377 015c CA       		.byte	-54
 378 015d EF       		.byte	-17
 379 015e CC       		.byte	-52
 380 015f CF       		.byte	-49
 381 0160 CE       		.byte	-50
 382 0161 AF       		.byte	-81
 383 0162 EE       		.byte	-18
 384 0163 04       		.byte	4
 385 0164 02       		.byte	2
 386 0165 01       		.byte	1
 387 0166 16       		.byte	22
 388 0167 01       		.byte	1
 389 0168 27       		.byte	39
 390 0169 01       		.byte	1
 391 016a 30       		.byte	48
 392 016b 01       		.byte	1
 393 016c 35       		.byte	53
 394 016d 01       		.byte	1
 395 016e 3E       		.byte	62
 396 016f 01       		.byte	1
 397 0170 54       		.byte	84
 398 0171 18       		.byte	24
 399 0172 58       		.byte	88
ARM GAS  C:\Users\acer\AppData\Local\Temp\ccfQ94Sz.s 			page 8


 400 0173 04       		.byte	4
 401 0174 59       		.byte	89
 402 0175 04       		.byte	4
 403 0176 5B       		.byte	91
 404 0177 04       		.byte	4
 405 0178 5D       		.byte	93
 406 0179 10       		.byte	16
 407 017a 5F       		.byte	95
 408 017b 01       		.byte	1
 409 017c 86       		.byte	-122
 410 017d 06       		.byte	6
 411 017e 8E       		.byte	-114
 412 017f 0C       		.byte	12
 413 0180 90       		.byte	-112
 414 0181 0C       		.byte	12
 415 0182 92       		.byte	-110
 416 0183 02       		.byte	2
 417 0184 96       		.byte	-106
 418 0185 04       		.byte	4
 419 0186 9E       		.byte	-98
 420 0187 02       		.byte	2
 421 0188 A4       		.byte	-92
 422 0189 01       		.byte	1
 423 018a AA       		.byte	-86
 424 018b 0A       		.byte	10
 425 018c B2       		.byte	-78
 426 018d 01       		.byte	1
 427 018e B4       		.byte	-76
 428 018f 0E       		.byte	14
 429 0190 BA       		.byte	-70
 430 0191 20       		.byte	32
 431 0192 BE       		.byte	-66
 432 0193 04       		.byte	4
 433 0194 C0       		.byte	-64
 434 0195 06       		.byte	6
 435 0196 C7       		.byte	-57
 436 0197 04       		.byte	4
 437 0198 C9       		.byte	-55
 438 0199 FF       		.byte	-1
 439 019a CA       		.byte	-54
 440 019b 07       		.byte	7
 441 019c CB       		.byte	-53
 442 019d FF       		.byte	-1
 443 019e CC       		.byte	-52
 444 019f 40       		.byte	64
 445 01a0 CD       		.byte	-51
 446 01a1 20       		.byte	32
 447 01a2 CE       		.byte	-50
 448 01a3 F0       		.byte	-16
 449 01a4 CF       		.byte	-49
 450 01a5 05       		.byte	5
 451 01a6 D0       		.byte	-48
 452 01a7 08       		.byte	8
 453 01a8 D6       		.byte	-42
 454 01a9 08       		.byte	8
 455 01aa D8       		.byte	-40
 456 01ab 04       		.byte	4
ARM GAS  C:\Users\acer\AppData\Local\Temp\ccfQ94Sz.s 			page 9


 457 01ac D9       		.byte	-39
 458 01ad 04       		.byte	4
 459 01ae DA       		.byte	-38
 460 01af 04       		.byte	4
 461 01b0 DB       		.byte	-37
 462 01b1 04       		.byte	4
 463 01b2 DC       		.byte	-36
 464 01b3 01       		.byte	1
 465 01b4 DD       		.byte	-35
 466 01b5 91       		.byte	-111
 467 01b6 DF       		.byte	-33
 468 01b7 01       		.byte	1
 469 01b8 E0       		.byte	-32
 470 01b9 40       		.byte	64
 471 01ba E1       		.byte	-31
 472 01bb A8       		.byte	-88
 473 01bc E2       		.byte	-30
 474 01bd 40       		.byte	64
 475 01be E3       		.byte	-29
 476 01bf 20       		.byte	32
 477 01c0 00       		.byte	0
 478 01c1 04       		.byte	4
 479 01c2 03       		.byte	3
 480 01c3 02       		.byte	2
 481 01c4 05       		.byte	5
 482 01c5 01       		.byte	1
 483 01c6 06       		.byte	6
 484 01c7 01       		.byte	1
 485 01c8 07       		.byte	7
 486 01c9 18       		.byte	24
 487 01ca 09       		.byte	9
 488 01cb 88       		.byte	-120
 489 01cc 0B       		.byte	11
 490 01cd 40       		.byte	64
 491 01ce 0E       		.byte	14
 492 01cf 01       		.byte	1
 493 01d0 0F       		.byte	15
 494 01d1 20       		.byte	32
 495 01d2 11       		.byte	17
 496 01d3 04       		.byte	4
 497 01d4 12       		.byte	18
 498 01d5 08       		.byte	8
 499 01d6 14       		.byte	20
 500 01d7 80       		.byte	-128
 501 01d8 15       		.byte	21
 502 01d9 40       		.byte	64
 503 01da 16       		.byte	22
 504 01db 08       		.byte	8
 505 01dc 18       		.byte	24
 506 01dd 04       		.byte	4
 507 01de 19       		.byte	25
 508 01df 28       		.byte	40
 509 01e0 1A       		.byte	26
 510 01e1 08       		.byte	8
 511 01e2 1F       		.byte	31
 512 01e3 01       		.byte	1
 513 01e4 26       		.byte	38
ARM GAS  C:\Users\acer\AppData\Local\Temp\ccfQ94Sz.s 			page 10


 514 01e5 20       		.byte	32
 515 01e6 27       		.byte	39
 516 01e7 08       		.byte	8
 517 01e8 28       		.byte	40
 518 01e9 80       		.byte	-128
 519 01ea 2C       		.byte	44
 520 01eb 82       		.byte	-126
 521 01ec 2F       		.byte	47
 522 01ed 20       		.byte	32
 523 01ee 30       		.byte	48
 524 01ef 82       		.byte	-126
 525 01f0 32       		.byte	50
 526 01f1 20       		.byte	32
 527 01f2 34       		.byte	52
 528 01f3 80       		.byte	-128
 529 01f4 37       		.byte	55
 530 01f5 08       		.byte	8
 531 01f6 39       		.byte	57
 532 01f7 4A       		.byte	74
 533 01f8 3B       		.byte	59
 534 01f9 80       		.byte	-128
 535 01fa 3C       		.byte	60
 536 01fb 20       		.byte	32
 537 01fc 3D       		.byte	61
 538 01fd 40       		.byte	64
 539 01fe 3E       		.byte	62
 540 01ff 18       		.byte	24
 541 0200 49       		.byte	73
 542 0201 10       		.byte	16
 543 0202 50       		.byte	80
 544 0203 04       		.byte	4
 545 0204 51       		.byte	81
 546 0205 88       		.byte	-120
 547 0206 5A       		.byte	90
 548 0207 80       		.byte	-128
 549 0208 5C       		.byte	92
 550 0209 01       		.byte	1
 551 020a 60       		.byte	96
 552 020b 02       		.byte	2
 553 020c 67       		.byte	103
 554 020d 0A       		.byte	10
 555 020e 88       		.byte	-120
 556 020f 14       		.byte	20
 557 0210 89       		.byte	-119
 558 0211 05       		.byte	5
 559 0212 8A       		.byte	-118
 560 0213 09       		.byte	9
 561 0214 8C       		.byte	-116
 562 0215 82       		.byte	-126
 563 0216 8D       		.byte	-115
 564 0217 08       		.byte	8
 565 0218 8E       		.byte	-114
 566 0219 01       		.byte	1
 567 021a 91       		.byte	-111
 568 021b 04       		.byte	4
 569 021c 93       		.byte	-109
 570 021d C0       		.byte	-64
ARM GAS  C:\Users\acer\AppData\Local\Temp\ccfQ94Sz.s 			page 11


 571 021e 94       		.byte	-108
 572 021f 08       		.byte	8
 573 0220 96       		.byte	-106
 574 0221 19       		.byte	25
 575 0222 99       		.byte	-103
 576 0223 10       		.byte	16
 577 0224 9C       		.byte	-100
 578 0225 80       		.byte	-128
 579 0226 9D       		.byte	-99
 580 0227 20       		.byte	32
 581 0228 9E       		.byte	-98
 582 0229 09       		.byte	9
 583 022a 9F       		.byte	-97
 584 022b 18       		.byte	24
 585 022c A2       		.byte	-94
 586 022d 08       		.byte	8
 587 022e A3       		.byte	-93
 588 022f 02       		.byte	2
 589 0230 A5       		.byte	-91
 590 0231 80       		.byte	-128
 591 0232 A6       		.byte	-90
 592 0233 20       		.byte	32
 593 0234 B2       		.byte	-78
 594 0235 20       		.byte	32
 595 0236 B3       		.byte	-77
 596 0237 40       		.byte	64
 597 0238 C0       		.byte	-64
 598 0239 F5       		.byte	-11
 599 023a C2       		.byte	-62
 600 023b AD       		.byte	-83
 601 023c C4       		.byte	-60
 602 023d D6       		.byte	-42
 603 023e CA       		.byte	-54
 604 023f D1       		.byte	-47
 605 0240 CC       		.byte	-52
 606 0241 5D       		.byte	93
 607 0242 CE       		.byte	-50
 608 0243 7B       		.byte	123
 609 0244 D2       		.byte	-46
 610 0245 04       		.byte	4
 611 0246 D6       		.byte	-42
 612 0247 88       		.byte	-120
 613 0248 D8       		.byte	-40
 614 0249 38       		.byte	56
 615 024a E0       		.byte	-32
 616 024b 30       		.byte	48
 617 024c E4       		.byte	-28
 618 024d C0       		.byte	-64
 619 024e EC       		.byte	-20
 620 024f 80       		.byte	-128
 621 0250 EE       		.byte	-18
 622 0251 04       		.byte	4
 623 0252 06       		.byte	6
 624 0253 03       		.byte	3
 625 0254 07       		.byte	7
 626 0255 08       		.byte	8
 627 0256 08       		.byte	8
ARM GAS  C:\Users\acer\AppData\Local\Temp\ccfQ94Sz.s 			page 12


 628 0257 30       		.byte	48
 629 0258 0A       		.byte	10
 630 0259 0C       		.byte	12
 631 025a 0C       		.byte	12
 632 025b 09       		.byte	9
 633 025c 0D       		.byte	13
 634 025d AC       		.byte	-84
 635 025e 0E       		.byte	14
 636 025f 10       		.byte	16
 637 0260 0F       		.byte	15
 638 0261 43       		.byte	67
 639 0262 10       		.byte	16
 640 0263 1C       		.byte	28
 641 0264 12       		.byte	18
 642 0265 22       		.byte	34
 643 0266 15       		.byte	21
 644 0267 31       		.byte	49
 645 0268 17       		.byte	23
 646 0269 C6       		.byte	-58
 647 026a 19       		.byte	25
 648 026b 30       		.byte	48
 649 026c 1B       		.byte	27
 650 026d 40       		.byte	64
 651 026e 1C       		.byte	28
 652 026f 40       		.byte	64
 653 0270 1F       		.byte	31
 654 0271 53       		.byte	83
 655 0272 20       		.byte	32
 656 0273 14       		.byte	20
 657 0274 24       		.byte	36
 658 0275 10       		.byte	16
 659 0276 28       		.byte	40
 660 0277 2C       		.byte	44
 661 0278 29       		.byte	41
 662 0279 31       		.byte	49
 663 027a 2A       		.byte	42
 664 027b 11       		.byte	17
 665 027c 2B       		.byte	43
 666 027d 4E       		.byte	78
 667 027e 2F       		.byte	47
 668 027f 8C       		.byte	-116
 669 0280 30       		.byte	48
 670 0281 60       		.byte	96
 671 0282 31       		.byte	49
 672 0283 0F       		.byte	15
 673 0284 33       		.byte	51
 674 0285 F0       		.byte	-16
 675 0286 34       		.byte	52
 676 0287 1F       		.byte	31
 677 0288 38       		.byte	56
 678 0289 02       		.byte	2
 679 028a 3B       		.byte	59
 680 028b 0A       		.byte	10
 681 028c 40       		.byte	64
 682 028d 31       		.byte	49
 683 028e 41       		.byte	65
 684 028f 06       		.byte	6
ARM GAS  C:\Users\acer\AppData\Local\Temp\ccfQ94Sz.s 			page 13


 685 0290 46       		.byte	70
 686 0291 CB       		.byte	-53
 687 0292 47       		.byte	71
 688 0293 E0       		.byte	-32
 689 0294 48       		.byte	72
 690 0295 2C       		.byte	44
 691 0296 49       		.byte	73
 692 0297 FF       		.byte	-1
 693 0298 4A       		.byte	74
 694 0299 FF       		.byte	-1
 695 029a 4B       		.byte	75
 696 029b FF       		.byte	-1
 697 029c 4E       		.byte	78
 698 029d F0       		.byte	-16
 699 029e 4F       		.byte	79
 700 029f 44       		.byte	68
 701 02a0 50       		.byte	80
 702 02a1 0C       		.byte	12
 703 02a2 58       		.byte	88
 704 02a3 04       		.byte	4
 705 02a4 59       		.byte	89
 706 02a5 04       		.byte	4
 707 02a6 5A       		.byte	90
 708 02a7 04       		.byte	4
 709 02a8 5C       		.byte	92
 710 02a9 11       		.byte	17
 711 02aa 5D       		.byte	93
 712 02ab 01       		.byte	1
 713 02ac 5F       		.byte	95
 714 02ad 01       		.byte	1
 715 02ae 66       		.byte	102
 716 02af C0       		.byte	-64
 717 02b0 6A       		.byte	106
 718 02b1 40       		.byte	64
 719 02b2 6B       		.byte	107
 720 02b3 02       		.byte	2
 721 02b4 D8       		.byte	-40
 722 02b5 04       		.byte	4
 723 02b6 D9       		.byte	-39
 724 02b7 04       		.byte	4
 725 02b8 DF       		.byte	-33
 726 02b9 01       		.byte	1
 727 02ba 01       		.byte	1
 728 02bb 04       		.byte	4
 729 02bc 02       		.byte	2
 730 02bd 08       		.byte	8
 731 02be 03       		.byte	3
 732 02bf 22       		.byte	34
 733 02c0 06       		.byte	6
 734 02c1 28       		.byte	40
 735 02c2 09       		.byte	9
 736 02c3 80       		.byte	-128
 737 02c4 0B       		.byte	11
 738 02c5 40       		.byte	64
 739 02c6 0E       		.byte	14
 740 02c7 01       		.byte	1
 741 02c8 10       		.byte	16
ARM GAS  C:\Users\acer\AppData\Local\Temp\ccfQ94Sz.s 			page 14


 742 02c9 84       		.byte	-124
 743 02ca 13       		.byte	19
 744 02cb 04       		.byte	4
 745 02cc 14       		.byte	20
 746 02cd 80       		.byte	-128
 747 02ce 15       		.byte	21
 748 02cf 10       		.byte	16
 749 02d0 16       		.byte	22
 750 02d1 01       		.byte	1
 751 02d2 17       		.byte	23
 752 02d3 18       		.byte	24
 753 02d4 1B       		.byte	27
 754 02d5 22       		.byte	34
 755 02d6 21       		.byte	33
 756 02d7 04       		.byte	4
 757 02d8 22       		.byte	34
 758 02d9 08       		.byte	8
 759 02da 23       		.byte	35
 760 02db 40       		.byte	64
 761 02dc 28       		.byte	40
 762 02dd 04       		.byte	4
 763 02de 29       		.byte	41
 764 02df 20       		.byte	32
 765 02e0 2B       		.byte	43
 766 02e1 02       		.byte	2
 767 02e2 2D       		.byte	45
 768 02e3 10       		.byte	16
 769 02e4 2E       		.byte	46
 770 02e5 01       		.byte	1
 771 02e6 30       		.byte	48
 772 02e7 20       		.byte	32
 773 02e8 31       		.byte	49
 774 02e9 80       		.byte	-128
 775 02ea 32       		.byte	50
 776 02eb 08       		.byte	8
 777 02ec 34       		.byte	52
 778 02ed 80       		.byte	-128
 779 02ee 36       		.byte	54
 780 02ef 20       		.byte	32
 781 02f0 38       		.byte	56
 782 02f1 08       		.byte	8
 783 02f2 3B       		.byte	59
 784 02f3 44       		.byte	68
 785 02f4 3D       		.byte	61
 786 02f5 40       		.byte	64
 787 02f6 3E       		.byte	62
 788 02f7 28       		.byte	40
 789 02f8 41       		.byte	65
 790 02f9 84       		.byte	-124
 791 02fa 49       		.byte	73
 792 02fb 20       		.byte	32
 793 02fc 50       		.byte	80
 794 02fd A0       		.byte	-96
 795 02fe 52       		.byte	82
 796 02ff 02       		.byte	2
 797 0300 91       		.byte	-111
 798 0301 40       		.byte	64
ARM GAS  C:\Users\acer\AppData\Local\Temp\ccfQ94Sz.s 			page 15


 799 0302 96       		.byte	-106
 800 0303 18       		.byte	24
 801 0304 97       		.byte	-105
 802 0305 40       		.byte	64
 803 0306 99       		.byte	-103
 804 0307 10       		.byte	16
 805 0308 9C       		.byte	-100
 806 0309 80       		.byte	-128
 807 030a 9E       		.byte	-98
 808 030b 29       		.byte	41
 809 030c 9F       		.byte	-97
 810 030d 10       		.byte	16
 811 030e A4       		.byte	-92
 812 030f 20       		.byte	32
 813 0310 A5       		.byte	-91
 814 0311 80       		.byte	-128
 815 0312 A6       		.byte	-90
 816 0313 2A       		.byte	42
 817 0314 B4       		.byte	-76
 818 0315 40       		.byte	64
 819 0316 B5       		.byte	-75
 820 0317 20       		.byte	32
 821 0318 B6       		.byte	-74
 822 0319 40       		.byte	64
 823 031a C0       		.byte	-64
 824 031b 67       		.byte	103
 825 031c C2       		.byte	-62
 826 031d 89       		.byte	-119
 827 031e C4       		.byte	-60
 828 031f FE       		.byte	-2
 829 0320 CA       		.byte	-54
 830 0321 AC       		.byte	-84
 831 0322 CC       		.byte	-52
 832 0323 3E       		.byte	62
 833 0324 CE       		.byte	-50
 834 0325 7A       		.byte	122
 835 0326 D0       		.byte	-48
 836 0327 0A       		.byte	10
 837 0328 D2       		.byte	-46
 838 0329 04       		.byte	4
 839 032a 58       		.byte	88
 840 032b 04       		.byte	4
 841 032c 59       		.byte	89
 842 032d 04       		.byte	4
 843 032e 5F       		.byte	95
 844 032f 01       		.byte	1
 845 0330 83       		.byte	-125
 846 0331 02       		.byte	2
 847 0332 87       		.byte	-121
 848 0333 01       		.byte	1
 849 0334 8B       		.byte	-117
 850 0335 01       		.byte	1
 851 0336 8F       		.byte	-113
 852 0337 04       		.byte	4
 853 0338 90       		.byte	-112
 854 0339 02       		.byte	2
 855 033a 95       		.byte	-107
ARM GAS  C:\Users\acer\AppData\Local\Temp\ccfQ94Sz.s 			page 16


 856 033b 04       		.byte	4
 857 033c 98       		.byte	-104
 858 033d 03       		.byte	3
 859 033e 9B       		.byte	-101
 860 033f 04       		.byte	4
 861 0340 9E       		.byte	-98
 862 0341 01       		.byte	1
 863 0342 9F       		.byte	-97
 864 0343 04       		.byte	4
 865 0344 A8       		.byte	-88
 866 0345 03       		.byte	3
 867 0346 A9       		.byte	-87
 868 0347 04       		.byte	4
 869 0348 AC       		.byte	-84
 870 0349 04       		.byte	4
 871 034a B1       		.byte	-79
 872 034b 01       		.byte	1
 873 034c B2       		.byte	-78
 874 034d 04       		.byte	4
 875 034e B3       		.byte	-77
 876 034f 02       		.byte	2
 877 0350 B4       		.byte	-76
 878 0351 03       		.byte	3
 879 0352 B5       		.byte	-75
 880 0353 04       		.byte	4
 881 0354 B8       		.byte	-72
 882 0355 20       		.byte	32
 883 0356 BE       		.byte	-66
 884 0357 14       		.byte	20
 885 0358 BF       		.byte	-65
 886 0359 10       		.byte	16
 887 035a D4       		.byte	-44
 888 035b 01       		.byte	1
 889 035c D8       		.byte	-40
 890 035d 04       		.byte	4
 891 035e D9       		.byte	-39
 892 035f 04       		.byte	4
 893 0360 DB       		.byte	-37
 894 0361 04       		.byte	4
 895 0362 DC       		.byte	-36
 896 0363 20       		.byte	32
 897 0364 DD       		.byte	-35
 898 0365 10       		.byte	16
 899 0366 DF       		.byte	-33
 900 0367 01       		.byte	1
 901 0368 01       		.byte	1
 902 0369 21       		.byte	33
 903 036a 02       		.byte	2
 904 036b 01       		.byte	1
 905 036c 03       		.byte	3
 906 036d 30       		.byte	48
 907 036e 05       		.byte	5
 908 036f 20       		.byte	32
 909 0370 07       		.byte	7
 910 0371 10       		.byte	16
 911 0372 09       		.byte	9
 912 0373 80       		.byte	-128
ARM GAS  C:\Users\acer\AppData\Local\Temp\ccfQ94Sz.s 			page 17


 913 0374 0A       		.byte	10
 914 0375 18       		.byte	24
 915 0376 0B       		.byte	11
 916 0377 40       		.byte	64
 917 0378 0E       		.byte	14
 918 0379 10       		.byte	16
 919 037a 10       		.byte	16
 920 037b 05       		.byte	5
 921 037c 12       		.byte	18
 922 037d 2A       		.byte	42
 923 037e 13       		.byte	19
 924 037f 0A       		.byte	10
 925 0380 14       		.byte	20
 926 0381 80       		.byte	-128
 927 0382 15       		.byte	21
 928 0383 41       		.byte	65
 929 0384 16       		.byte	22
 930 0385 09       		.byte	9
 931 0386 17       		.byte	23
 932 0387 08       		.byte	8
 933 0388 19       		.byte	25
 934 0389 18       		.byte	24
 935 038a 20       		.byte	32
 936 038b 50       		.byte	80
 937 038c 21       		.byte	33
 938 038d 20       		.byte	32
 939 038e 28       		.byte	40
 940 038f 04       		.byte	4
 941 0390 2D       		.byte	45
 942 0391 20       		.byte	32
 943 0392 2E       		.byte	46
 944 0393 20       		.byte	32
 945 0394 2F       		.byte	47
 946 0395 20       		.byte	32
 947 0396 30       		.byte	48
 948 0397 30       		.byte	48
 949 0398 31       		.byte	49
 950 0399 80       		.byte	-128
 951 039a 32       		.byte	50
 952 039b 04       		.byte	4
 953 039c 34       		.byte	52
 954 039d 80       		.byte	-128
 955 039e 36       		.byte	54
 956 039f 20       		.byte	32
 957 03a0 38       		.byte	56
 958 03a1 12       		.byte	18
 959 03a2 3B       		.byte	59
 960 03a3 48       		.byte	72
 961 03a4 3D       		.byte	61
 962 03a5 40       		.byte	64
 963 03a6 3E       		.byte	62
 964 03a7 18       		.byte	24
 965 03a8 58       		.byte	88
 966 03a9 11       		.byte	17
 967 03aa 59       		.byte	89
 968 03ab 08       		.byte	8
 969 03ac 5A       		.byte	90
ARM GAS  C:\Users\acer\AppData\Local\Temp\ccfQ94Sz.s 			page 18


 970 03ad 40       		.byte	64
 971 03ae 8A       		.byte	-118
 972 03af 08       		.byte	8
 973 03b0 8B       		.byte	-117
 974 03b1 02       		.byte	2
 975 03b2 90       		.byte	-112
 976 03b3 02       		.byte	2
 977 03b4 93       		.byte	-109
 978 03b5 08       		.byte	8
 979 03b6 94       		.byte	-108
 980 03b7 10       		.byte	16
 981 03b8 96       		.byte	-106
 982 03b9 10       		.byte	16
 983 03ba 9C       		.byte	-100
 984 03bb 80       		.byte	-128
 985 03bc 9D       		.byte	-99
 986 03bd 20       		.byte	32
 987 03be 9E       		.byte	-98
 988 03bf 29       		.byte	41
 989 03c0 9F       		.byte	-97
 990 03c1 10       		.byte	16
 991 03c2 A6       		.byte	-90
 992 03c3 20       		.byte	32
 993 03c4 C0       		.byte	-64
 994 03c5 6F       		.byte	111
 995 03c6 C2       		.byte	-62
 996 03c7 2F       		.byte	47
 997 03c8 C4       		.byte	-60
 998 03c9 FF       		.byte	-1
 999 03ca CA       		.byte	-54
 1000 03cb 64       		.byte	100
 1001 03cc CC       		.byte	-52
 1002 03cd 3E       		.byte	62
 1003 03ce CE       		.byte	-50
 1004 03cf 7F       		.byte	127
 1005 03d0 D6       		.byte	-42
 1006 03d1 0F       		.byte	15
 1007 03d2 40       		.byte	64
 1008 03d3 30       		.byte	48
 1009 03d4 41       		.byte	65
 1010 03d5 06       		.byte	6
 1011 03d6 45       		.byte	69
 1012 03d7 01       		.byte	1
 1013 03d8 46       		.byte	70
 1014 03d9 20       		.byte	32
 1015 03da 48       		.byte	72
 1016 03db 09       		.byte	9
 1017 03dc 49       		.byte	73
 1018 03dd FF       		.byte	-1
 1019 03de 4A       		.byte	74
 1020 03df FF       		.byte	-1
 1021 03e0 4B       		.byte	75
 1022 03e1 FF       		.byte	-1
 1023 03e2 4D       		.byte	77
 1024 03e3 A0       		.byte	-96
 1025 03e4 4F       		.byte	79
 1026 03e5 04       		.byte	4
ARM GAS  C:\Users\acer\AppData\Local\Temp\ccfQ94Sz.s 			page 19


 1027 03e6 50       		.byte	80
 1028 03e7 18       		.byte	24
 1029 03e8 52       		.byte	82
 1030 03e9 80       		.byte	-128
 1031 03ea 58       		.byte	88
 1032 03eb 04       		.byte	4
 1033 03ec 59       		.byte	89
 1034 03ed 04       		.byte	4
 1035 03ee 5A       		.byte	90
 1036 03ef 04       		.byte	4
 1037 03f0 5B       		.byte	91
 1038 03f1 04       		.byte	4
 1039 03f2 5D       		.byte	93
 1040 03f3 22       		.byte	34
 1041 03f4 5F       		.byte	95
 1042 03f5 01       		.byte	1
 1043 03f6 60       		.byte	96
 1044 03f7 40       		.byte	64
 1045 03f8 62       		.byte	98
 1046 03f9 C0       		.byte	-64
 1047 03fa 64       		.byte	100
 1048 03fb 40       		.byte	64
 1049 03fc 65       		.byte	101
 1050 03fd 40       		.byte	64
 1051 03fe 66       		.byte	102
 1052 03ff C0       		.byte	-64
 1053 0400 68       		.byte	104
 1054 0401 C0       		.byte	-64
 1055 0402 6A       		.byte	106
 1056 0403 C0       		.byte	-64
 1057 0404 6C       		.byte	108
 1058 0405 C0       		.byte	-64
 1059 0406 6E       		.byte	110
 1060 0407 C0       		.byte	-64
 1061 0408 D8       		.byte	-40
 1062 0409 04       		.byte	4
 1063 040a D9       		.byte	-39
 1064 040b 04       		.byte	4
 1065 040c DF       		.byte	-33
 1066 040d 01       		.byte	1
 1067 040e 01       		.byte	1
 1068 040f 20       		.byte	32
 1069 0410 02       		.byte	2
 1070 0411 20       		.byte	32
 1071 0412 05       		.byte	5
 1072 0413 04       		.byte	4
 1073 0414 06       		.byte	6
 1074 0415 1C       		.byte	28
 1075 0416 07       		.byte	7
 1076 0417 10       		.byte	16
 1077 0418 08       		.byte	8
 1078 0419 80       		.byte	-128
 1079 041a 0A       		.byte	10
 1080 041b 10       		.byte	16
 1081 041c 0E       		.byte	14
 1082 041d 10       		.byte	16
 1083 041e 12       		.byte	18
ARM GAS  C:\Users\acer\AppData\Local\Temp\ccfQ94Sz.s 			page 20


 1084 041f 15       		.byte	21
 1085 0420 14       		.byte	20
 1086 0421 80       		.byte	-128
 1087 0422 16       		.byte	22
 1088 0423 21       		.byte	33
 1089 0424 17       		.byte	23
 1090 0425 20       		.byte	32
 1091 0426 28       		.byte	40
 1092 0427 80       		.byte	-128
 1093 0428 29       		.byte	41
 1094 0429 04       		.byte	4
 1095 042a 2A       		.byte	42
 1096 042b 20       		.byte	32
 1097 042c 2E       		.byte	46
 1098 042d 20       		.byte	32
 1099 042e 32       		.byte	50
 1100 042f 20       		.byte	32
 1101 0430 34       		.byte	52
 1102 0431 80       		.byte	-128
 1103 0432 35       		.byte	53
 1104 0433 04       		.byte	4
 1105 0434 36       		.byte	54
 1106 0435 20       		.byte	32
 1107 0436 37       		.byte	55
 1108 0437 20       		.byte	32
 1109 0438 39       		.byte	57
 1110 0439 10       		.byte	16
 1111 043a 3A       		.byte	58
 1112 043b 09       		.byte	9
 1113 043c 3B       		.byte	59
 1114 043d 01       		.byte	1
 1115 043e 3D       		.byte	61
 1116 043f 10       		.byte	16
 1117 0440 3E       		.byte	62
 1118 0441 18       		.byte	24
 1119 0442 3F       		.byte	63
 1120 0443 01       		.byte	1
 1121 0444 40       		.byte	64
 1122 0445 10       		.byte	16
 1123 0446 4B       		.byte	75
 1124 0447 28       		.byte	40
 1125 0448 53       		.byte	83
 1126 0449 10       		.byte	16
 1127 044a 70       		.byte	112
 1128 044b 01       		.byte	1
 1129 044c C0       		.byte	-64
 1130 044d 66       		.byte	102
 1131 044e C2       		.byte	-62
 1132 044f 25       		.byte	37
 1133 0450 C4       		.byte	-60
 1134 0451 F7       		.byte	-9
 1135 0452 CA       		.byte	-54
 1136 0453 27       		.byte	39
 1137 0454 CC       		.byte	-52
 1138 0455 74       		.byte	116
 1139 0456 CE       		.byte	-50
 1140 0457 E7       		.byte	-25
ARM GAS  C:\Users\acer\AppData\Local\Temp\ccfQ94Sz.s 			page 21


 1141 0458 D0       		.byte	-48
 1142 0459 02       		.byte	2
 1143 045a D2       		.byte	-46
 1144 045b 04       		.byte	4
 1145 045c 88       		.byte	-120
 1146 045d 40       		.byte	64
 1147 045e 8C       		.byte	-116
 1148 045f 08       		.byte	8
 1149 0460 8E       		.byte	-114
 1150 0461 08       		.byte	8
 1151 0462 9C       		.byte	-100
 1152 0463 48       		.byte	72
 1153 0464 A6       		.byte	-90
 1154 0465 08       		.byte	8
 1155 0466 E8       		.byte	-24
 1156 0467 10       		.byte	16
 1157 0468 58       		.byte	88
 1158 0469 04       		.byte	4
 1159 046a 59       		.byte	89
 1160 046b 04       		.byte	4
 1161 046c 5F       		.byte	95
 1162 046d 01       		.byte	1
 1163 046e 92       		.byte	-110
 1164 046f 01       		.byte	1
 1165 0470 9B       		.byte	-101
 1166 0471 02       		.byte	2
 1167 0472 A2       		.byte	-94
 1168 0473 04       		.byte	4
 1169 0474 A7       		.byte	-89
 1170 0475 01       		.byte	1
 1171 0476 AA       		.byte	-86
 1172 0477 02       		.byte	2
 1173 0478 B0       		.byte	-80
 1174 0479 04       		.byte	4
 1175 047a B1       		.byte	-79
 1176 047b 02       		.byte	2
 1177 047c B2       		.byte	-78
 1178 047d 02       		.byte	2
 1179 047e B3       		.byte	-77
 1180 047f 01       		.byte	1
 1181 0480 B6       		.byte	-74
 1182 0481 01       		.byte	1
 1183 0482 D6       		.byte	-42
 1184 0483 02       		.byte	2
 1185 0484 D7       		.byte	-41
 1186 0485 3A       		.byte	58
 1187 0486 D8       		.byte	-40
 1188 0487 04       		.byte	4
 1189 0488 D9       		.byte	-39
 1190 0489 04       		.byte	4
 1191 048a DB       		.byte	-37
 1192 048b 0C       		.byte	12
 1193 048c DF       		.byte	-33
 1194 048d 01       		.byte	1
 1195 048e 00       		.byte	0
 1196 048f 40       		.byte	64
 1197 0490 03       		.byte	3
ARM GAS  C:\Users\acer\AppData\Local\Temp\ccfQ94Sz.s 			page 22


 1198 0491 A0       		.byte	-96
 1199 0492 05       		.byte	5
 1200 0493 05       		.byte	5
 1201 0494 08       		.byte	8
 1202 0495 11       		.byte	17
 1203 0496 0A       		.byte	10
 1204 0497 22       		.byte	34
 1205 0498 0C       		.byte	12
 1206 0499 10       		.byte	16
 1207 049a 0F       		.byte	15
 1208 049b 98       		.byte	-104
 1209 049c 10       		.byte	16
 1210 049d 08       		.byte	8
 1211 049e 11       		.byte	17
 1212 049f 01       		.byte	1
 1213 04a0 12       		.byte	18
 1214 04a1 10       		.byte	16
 1215 04a2 14       		.byte	20
 1216 04a3 04       		.byte	4
 1217 04a4 15       		.byte	21
 1218 04a5 02       		.byte	2
 1219 04a6 18       		.byte	24
 1220 04a7 42       		.byte	66
 1221 04a8 19       		.byte	25
 1222 04a9 05       		.byte	5
 1223 04aa 1A       		.byte	26
 1224 04ab 20       		.byte	32
 1225 04ac 1B       		.byte	27
 1226 04ad C0       		.byte	-64
 1227 04ae 21       		.byte	33
 1228 04af 01       		.byte	1
 1229 04b0 22       		.byte	34
 1230 04b1 01       		.byte	1
 1231 04b2 23       		.byte	35
 1232 04b3 90       		.byte	-112
 1233 04b4 28       		.byte	40
 1234 04b5 04       		.byte	4
 1235 04b6 29       		.byte	41
 1236 04b7 01       		.byte	1
 1237 04b8 2A       		.byte	42
 1238 04b9 08       		.byte	8
 1239 04ba 2C       		.byte	44
 1240 04bb 04       		.byte	4
 1241 04bc 2F       		.byte	47
 1242 04bd 80       		.byte	-128
 1243 04be 31       		.byte	49
 1244 04bf 04       		.byte	4
 1245 04c0 32       		.byte	50
 1246 04c1 01       		.byte	1
 1247 04c2 33       		.byte	51
 1248 04c3 90       		.byte	-112
 1249 04c4 35       		.byte	53
 1250 04c5 05       		.byte	5
 1251 04c6 37       		.byte	55
 1252 04c7 80       		.byte	-128
 1253 04c8 3B       		.byte	59
 1254 04c9 14       		.byte	20
ARM GAS  C:\Users\acer\AppData\Local\Temp\ccfQ94Sz.s 			page 23


 1255 04ca 3F       		.byte	63
 1256 04cb 1C       		.byte	28
 1257 04cc 58       		.byte	88
 1258 04cd 08       		.byte	8
 1259 04ce 62       		.byte	98
 1260 04cf 08       		.byte	8
 1261 04d0 68       		.byte	104
 1262 04d1 08       		.byte	8
 1263 04d2 69       		.byte	105
 1264 04d3 41       		.byte	65
 1265 04d4 6B       		.byte	107
 1266 04d5 50       		.byte	80
 1267 04d6 71       		.byte	113
 1268 04d7 40       		.byte	64
 1269 04d8 72       		.byte	114
 1270 04d9 08       		.byte	8
 1271 04da 78       		.byte	120
 1272 04db 44       		.byte	68
 1273 04dc 7B       		.byte	123
 1274 04dd 20       		.byte	32
 1275 04de 94       		.byte	-108
 1276 04df 02       		.byte	2
 1277 04e0 95       		.byte	-107
 1278 04e1 40       		.byte	64
 1279 04e2 96       		.byte	-106
 1280 04e3 22       		.byte	34
 1281 04e4 97       		.byte	-105
 1282 04e5 10       		.byte	16
 1283 04e6 98       		.byte	-104
 1284 04e7 05       		.byte	5
 1285 04e8 9A       		.byte	-102
 1286 04e9 10       		.byte	16
 1287 04ea 9D       		.byte	-99
 1288 04eb 45       		.byte	69
 1289 04ec 9E       		.byte	-98
 1290 04ed 08       		.byte	8
 1291 04ee 9F       		.byte	-97
 1292 04ef 50       		.byte	80
 1293 04f0 A3       		.byte	-93
 1294 04f1 04       		.byte	4
 1295 04f2 A4       		.byte	-92
 1296 04f3 08       		.byte	8
 1297 04f4 AA       		.byte	-86
 1298 04f5 04       		.byte	4
 1299 04f6 AC       		.byte	-84
 1300 04f7 04       		.byte	4
 1301 04f8 B4       		.byte	-76
 1302 04f9 10       		.byte	16
 1303 04fa B5       		.byte	-75
 1304 04fb 40       		.byte	64
 1305 04fc C0       		.byte	-64
 1306 04fd 3D       		.byte	61
 1307 04fe C2       		.byte	-62
 1308 04ff 7F       		.byte	127
 1309 0500 C4       		.byte	-60
 1310 0501 5E       		.byte	94
 1311 0502 CA       		.byte	-54
ARM GAS  C:\Users\acer\AppData\Local\Temp\ccfQ94Sz.s 			page 24


 1312 0503 A7       		.byte	-89
 1313 0504 CC       		.byte	-52
 1314 0505 DF       		.byte	-33
 1315 0506 CE       		.byte	-50
 1316 0507 66       		.byte	102
 1317 0508 D6       		.byte	-42
 1318 0509 02       		.byte	2
 1319 050a D8       		.byte	-40
 1320 050b 02       		.byte	2
 1321 050c DE       		.byte	-34
 1322 050d 08       		.byte	8
 1323 050e E6       		.byte	-26
 1324 050f 01       		.byte	1
 1325 0510 EA       		.byte	-22
 1326 0511 08       		.byte	8
 1327 0512 EC       		.byte	-20
 1328 0513 01       		.byte	1
 1329 0514 D4       		.byte	-44
 1330 0515 01       		.byte	1
 1331 0516 D8       		.byte	-40
 1332 0517 04       		.byte	4
 1333 0518 D9       		.byte	-39
 1334 0519 04       		.byte	4
 1335 051a DB       		.byte	-37
 1336 051b 0C       		.byte	12
 1337 051c DF       		.byte	-33
 1338 051d 01       		.byte	1
 1339 051e 00       		.byte	0
 1340 051f 38       		.byte	56
 1341 0520 04       		.byte	4
 1342 0521 02       		.byte	2
 1343 0522 06       		.byte	6
 1344 0523 28       		.byte	40
 1345 0524 08       		.byte	8
 1346 0525 80       		.byte	-128
 1347 0526 0B       		.byte	11
 1348 0527 80       		.byte	-128
 1349 0528 0D       		.byte	13
 1350 0529 20       		.byte	32
 1351 052a 0E       		.byte	14
 1352 052b 01       		.byte	1
 1353 052c 0F       		.byte	15
 1354 052d 40       		.byte	64
 1355 052e 10       		.byte	16
 1356 052f 82       		.byte	-126
 1357 0530 12       		.byte	18
 1358 0531 20       		.byte	32
 1359 0532 15       		.byte	21
 1360 0533 01       		.byte	1
 1361 0534 16       		.byte	22
 1362 0535 11       		.byte	17
 1363 0536 17       		.byte	23
 1364 0537 10       		.byte	16
 1365 0538 1D       		.byte	29
 1366 0539 13       		.byte	19
 1367 053a 1F       		.byte	31
 1368 053b 04       		.byte	4
ARM GAS  C:\Users\acer\AppData\Local\Temp\ccfQ94Sz.s 			page 25


 1369 053c 24       		.byte	36
 1370 053d 01       		.byte	1
 1371 053e 25       		.byte	37
 1372 053f 08       		.byte	8
 1373 0540 26       		.byte	38
 1374 0541 08       		.byte	8
 1375 0542 27       		.byte	39
 1376 0543 50       		.byte	80
 1377 0544 28       		.byte	40
 1378 0545 80       		.byte	-128
 1379 0546 29       		.byte	41
 1380 0547 10       		.byte	16
 1381 0548 2A       		.byte	42
 1382 0549 10       		.byte	16
 1383 054a 2D       		.byte	45
 1384 054b 82       		.byte	-126
 1385 054c 2E       		.byte	46
 1386 054d 28       		.byte	40
 1387 054e 30       		.byte	48
 1388 054f 82       		.byte	-126
 1389 0550 32       		.byte	50
 1390 0551 20       		.byte	32
 1391 0552 36       		.byte	54
 1392 0553 1A       		.byte	26
 1393 0554 38       		.byte	56
 1394 0555 10       		.byte	16
 1395 0556 39       		.byte	57
 1396 0557 02       		.byte	2
 1397 0558 3B       		.byte	59
 1398 0559 80       		.byte	-128
 1399 055a 3C       		.byte	60
 1400 055b 80       		.byte	-128
 1401 055c 3D       		.byte	61
 1402 055d 28       		.byte	40
 1403 055e 3E       		.byte	62
 1404 055f 01       		.byte	1
 1405 0560 3F       		.byte	63
 1406 0561 40       		.byte	64
 1407 0562 45       		.byte	69
 1408 0563 3A       		.byte	58
 1409 0564 47       		.byte	71
 1410 0565 40       		.byte	64
 1411 0566 4D       		.byte	77
 1412 0567 01       		.byte	1
 1413 0568 4E       		.byte	78
 1414 0569 02       		.byte	2
 1415 056a 57       		.byte	87
 1416 056b 10       		.byte	16
 1417 056c 5A       		.byte	90
 1418 056d 80       		.byte	-128
 1419 056e 62       		.byte	98
 1420 056f 03       		.byte	3
 1421 0570 79       		.byte	121
 1422 0571 40       		.byte	64
 1423 0572 82       		.byte	-126
 1424 0573 40       		.byte	64
 1425 0574 8D       		.byte	-115
ARM GAS  C:\Users\acer\AppData\Local\Temp\ccfQ94Sz.s 			page 26


 1426 0575 12       		.byte	18
 1427 0576 91       		.byte	-111
 1428 0577 02       		.byte	2
 1429 0578 93       		.byte	-109
 1430 0579 80       		.byte	-128
 1431 057a 94       		.byte	-108
 1432 057b 01       		.byte	1
 1433 057c 97       		.byte	-105
 1434 057d 08       		.byte	8
 1435 057e 98       		.byte	-104
 1436 057f 82       		.byte	-126
 1437 0580 9D       		.byte	-99
 1438 0581 01       		.byte	1
 1439 0582 A0       		.byte	-96
 1440 0583 96       		.byte	-106
 1441 0584 A2       		.byte	-94
 1442 0585 20       		.byte	32
 1443 0586 A7       		.byte	-89
 1444 0587 10       		.byte	16
 1445 0588 AA       		.byte	-86
 1446 0589 40       		.byte	64
 1447 058a AF       		.byte	-81
 1448 058b 08       		.byte	8
 1449 058c B4       		.byte	-76
 1450 058d 80       		.byte	-128
 1451 058e B7       		.byte	-73
 1452 058f 30       		.byte	48
 1453 0590 C0       		.byte	-64
 1454 0591 76       		.byte	118
 1455 0592 C2       		.byte	-62
 1456 0593 D9       		.byte	-39
 1457 0594 C4       		.byte	-60
 1458 0595 FD       		.byte	-3
 1459 0596 CA       		.byte	-54
 1460 0597 F1       		.byte	-15
 1461 0598 CC       		.byte	-52
 1462 0599 ED       		.byte	-19
 1463 059a CE       		.byte	-50
 1464 059b FD       		.byte	-3
 1465 059c D0       		.byte	-48
 1466 059d F0       		.byte	-16
 1467 059e D2       		.byte	-46
 1468 059f 10       		.byte	16
 1469 05a0 D6       		.byte	-42
 1470 05a1 08       		.byte	8
 1471 05a2 DE       		.byte	-34
 1472 05a3 08       		.byte	8
 1473 05a4 E8       		.byte	-24
 1474 05a5 40       		.byte	64
 1475 05a6 EC       		.byte	-20
 1476 05a7 40       		.byte	64
 1477 05a8 00       		.byte	0
 1478 05a9 01       		.byte	1
 1479 05aa 06       		.byte	6
 1480 05ab 01       		.byte	1
 1481 05ac 11       		.byte	17
 1482 05ad 01       		.byte	1
ARM GAS  C:\Users\acer\AppData\Local\Temp\ccfQ94Sz.s 			page 27


 1483 05ae 12       		.byte	18
 1484 05af 02       		.byte	2
 1485 05b0 1B       		.byte	27
 1486 05b1 03       		.byte	3
 1487 05b2 20       		.byte	32
 1488 05b3 04       		.byte	4
 1489 05b4 28       		.byte	40
 1490 05b5 04       		.byte	4
 1491 05b6 31       		.byte	49
 1492 05b7 02       		.byte	2
 1493 05b8 32       		.byte	50
 1494 05b9 04       		.byte	4
 1495 05ba 34       		.byte	52
 1496 05bb 03       		.byte	3
 1497 05bc 37       		.byte	55
 1498 05bd 01       		.byte	1
 1499 05be 38       		.byte	56
 1500 05bf 08       		.byte	8
 1501 05c0 3E       		.byte	62
 1502 05c1 04       		.byte	4
 1503 05c2 52       		.byte	82
 1504 05c3 03       		.byte	3
 1505 05c4 53       		.byte	83
 1506 05c5 02       		.byte	2
 1507 05c6 58       		.byte	88
 1508 05c7 04       		.byte	4
 1509 05c8 59       		.byte	89
 1510 05c9 0C       		.byte	12
 1511 05ca 5B       		.byte	91
 1512 05cb 04       		.byte	4
 1513 05cc 5C       		.byte	92
 1514 05cd 09       		.byte	9
 1515 05ce 5F       		.byte	95
 1516 05cf 01       		.byte	1
 1517 05d0 82       		.byte	-126
 1518 05d1 06       		.byte	6
 1519 05d2 83       		.byte	-125
 1520 05d3 40       		.byte	64
 1521 05d4 84       		.byte	-124
 1522 05d5 18       		.byte	24
 1523 05d6 85       		.byte	-123
 1524 05d7 10       		.byte	16
 1525 05d8 87       		.byte	-121
 1526 05d9 28       		.byte	40
 1527 05da 88       		.byte	-120
 1528 05db 08       		.byte	8
 1529 05dc 89       		.byte	-119
 1530 05dd 40       		.byte	64
 1531 05de 8C       		.byte	-116
 1532 05df 01       		.byte	1
 1533 05e0 8D       		.byte	-115
 1534 05e1 01       		.byte	1
 1535 05e2 8E       		.byte	-114
 1536 05e3 40       		.byte	64
 1537 05e4 96       		.byte	-106
 1538 05e5 01       		.byte	1
 1539 05e6 97       		.byte	-105
ARM GAS  C:\Users\acer\AppData\Local\Temp\ccfQ94Sz.s 			page 28


 1540 05e7 40       		.byte	64
 1541 05e8 98       		.byte	-104
 1542 05e9 3F       		.byte	63
 1543 05ea 99       		.byte	-103
 1544 05eb 24       		.byte	36
 1545 05ec 9B       		.byte	-101
 1546 05ed 12       		.byte	18
 1547 05ee 9C       		.byte	-100
 1548 05ef 39       		.byte	57
 1549 05f0 9E       		.byte	-98
 1550 05f1 04       		.byte	4
 1551 05f2 A0       		.byte	-96
 1552 05f3 10       		.byte	16
 1553 05f4 A1       		.byte	-95
 1554 05f5 40       		.byte	64
 1555 05f6 A4       		.byte	-92
 1556 05f7 39       		.byte	57
 1557 05f8 A5       		.byte	-91
 1558 05f9 3F       		.byte	63
 1559 05fa A6       		.byte	-90
 1560 05fb 02       		.byte	2
 1561 05fc A8       		.byte	-88
 1562 05fd 27       		.byte	39
 1563 05fe A9       		.byte	-87
 1564 05ff 3F       		.byte	63
 1565 0600 AA       		.byte	-86
 1566 0601 18       		.byte	24
 1567 0602 AD       		.byte	-83
 1568 0603 0A       		.byte	10
 1569 0604 AF       		.byte	-81
 1570 0605 14       		.byte	20
 1571 0606 B0       		.byte	-80
 1572 0607 20       		.byte	32
 1573 0608 B1       		.byte	-79
 1574 0609 01       		.byte	1
 1575 060a B2       		.byte	-78
 1576 060b 40       		.byte	64
 1577 060c B3       		.byte	-77
 1578 060d 38       		.byte	56
 1579 060e B5       		.byte	-75
 1580 060f 06       		.byte	6
 1581 0610 B6       		.byte	-74
 1582 0611 1F       		.byte	31
 1583 0612 B7       		.byte	-73
 1584 0613 40       		.byte	64
 1585 0614 B9       		.byte	-71
 1586 0615 80       		.byte	-128
 1587 0616 BA       		.byte	-70
 1588 0617 A0       		.byte	-96
 1589 0618 BE       		.byte	-66
 1590 0619 01       		.byte	1
 1591 061a D6       		.byte	-42
 1592 061b 02       		.byte	2
 1593 061c D7       		.byte	-41
 1594 061d 10       		.byte	16
 1595 061e D8       		.byte	-40
 1596 061f 04       		.byte	4
ARM GAS  C:\Users\acer\AppData\Local\Temp\ccfQ94Sz.s 			page 29


 1597 0620 D9       		.byte	-39
 1598 0621 04       		.byte	4
 1599 0622 DB       		.byte	-37
 1600 0623 04       		.byte	4
 1601 0624 DC       		.byte	-36
 1602 0625 11       		.byte	17
 1603 0626 DD       		.byte	-35
 1604 0627 10       		.byte	16
 1605 0628 DF       		.byte	-33
 1606 0629 01       		.byte	1
 1607 062a 00       		.byte	0
 1608 062b 05       		.byte	5
 1609 062c 05       		.byte	5
 1610 062d 80       		.byte	-128
 1611 062e 06       		.byte	6
 1612 062f 28       		.byte	40
 1613 0630 07       		.byte	7
 1614 0631 40       		.byte	64
 1615 0632 08       		.byte	8
 1616 0633 02       		.byte	2
 1617 0634 0E       		.byte	14
 1618 0635 15       		.byte	21
 1619 0636 10       		.byte	16
 1620 0637 08       		.byte	8
 1621 0638 13       		.byte	19
 1622 0639 01       		.byte	1
 1623 063a 15       		.byte	21
 1624 063b 10       		.byte	16
 1625 063c 16       		.byte	22
 1626 063d 10       		.byte	16
 1627 063e 17       		.byte	23
 1628 063f 19       		.byte	25
 1629 0640 18       		.byte	24
 1630 0641 24       		.byte	36
 1631 0642 19       		.byte	25
 1632 0643 10       		.byte	16
 1633 0644 1C       		.byte	28
 1634 0645 40       		.byte	64
 1635 0646 1D       		.byte	29
 1636 0647 20       		.byte	32
 1637 0648 1E       		.byte	30
 1638 0649 15       		.byte	21
 1639 064a 20       		.byte	32
 1640 064b 01       		.byte	1
 1641 064c 21       		.byte	33
 1642 064d 02       		.byte	2
 1643 064e 22       		.byte	34
 1644 064f 40       		.byte	64
 1645 0650 24       		.byte	36
 1646 0651 02       		.byte	2
 1647 0652 25       		.byte	37
 1648 0653 04       		.byte	4
 1649 0654 26       		.byte	38
 1650 0655 12       		.byte	18
 1651 0656 27       		.byte	39
 1652 0657 40       		.byte	64
 1653 0658 2C       		.byte	44
ARM GAS  C:\Users\acer\AppData\Local\Temp\ccfQ94Sz.s 			page 30


 1654 0659 80       		.byte	-128
 1655 065a 2D       		.byte	45
 1656 065b 80       		.byte	-128
 1657 065c 2F       		.byte	47
 1658 065d 28       		.byte	40
 1659 065e 31       		.byte	49
 1660 065f 12       		.byte	18
 1661 0660 36       		.byte	54
 1662 0661 10       		.byte	16
 1663 0662 37       		.byte	55
 1664 0663 08       		.byte	8
 1665 0664 3D       		.byte	61
 1666 0665 98       		.byte	-104
 1667 0666 3E       		.byte	62
 1668 0667 01       		.byte	1
 1669 0668 5C       		.byte	92
 1670 0669 40       		.byte	64
 1671 066a 68       		.byte	104
 1672 066b 09       		.byte	9
 1673 066c 69       		.byte	105
 1674 066d 40       		.byte	64
 1675 066e 6A       		.byte	106
 1676 066f 20       		.byte	32
 1677 0670 6D       		.byte	109
 1678 0671 80       		.byte	-128
 1679 0672 6F       		.byte	111
 1680 0673 28       		.byte	40
 1681 0674 74       		.byte	116
 1682 0675 40       		.byte	64
 1683 0676 76       		.byte	118
 1684 0677 28       		.byte	40
 1685 0678 77       		.byte	119
 1686 0679 01       		.byte	1
 1687 067a 79       		.byte	121
 1688 067b 40       		.byte	64
 1689 067c 84       		.byte	-124
 1690 067d 80       		.byte	-128
 1691 067e 85       		.byte	-123
 1692 067f 20       		.byte	32
 1693 0680 88       		.byte	-120
 1694 0681 01       		.byte	1
 1695 0682 89       		.byte	-119
 1696 0683 80       		.byte	-128
 1697 0684 8C       		.byte	-116
 1698 0685 10       		.byte	16
 1699 0686 8E       		.byte	-114
 1700 0687 10       		.byte	16
 1701 0688 8F       		.byte	-113
 1702 0689 01       		.byte	1
 1703 068a 94       		.byte	-108
 1704 068b 02       		.byte	2
 1705 068c 95       		.byte	-107
 1706 068d 40       		.byte	64
 1707 068e 96       		.byte	-106
 1708 068f 81       		.byte	-127
 1709 0690 98       		.byte	-104
 1710 0691 02       		.byte	2
ARM GAS  C:\Users\acer\AppData\Local\Temp\ccfQ94Sz.s 			page 31


 1711 0692 9A       		.byte	-102
 1712 0693 10       		.byte	16
 1713 0694 9B       		.byte	-101
 1714 0695 10       		.byte	16
 1715 0696 9D       		.byte	-99
 1716 0697 80       		.byte	-128
 1717 0698 9E       		.byte	-98
 1718 0699 28       		.byte	40
 1719 069a A4       		.byte	-92
 1720 069b 40       		.byte	64
 1721 069c A5       		.byte	-91
 1722 069d 24       		.byte	36
 1723 069e A6       		.byte	-90
 1724 069f 12       		.byte	18
 1725 06a0 C0       		.byte	-64
 1726 06a1 FC       		.byte	-4
 1727 06a2 C2       		.byte	-62
 1728 06a3 E8       		.byte	-24
 1729 06a4 C4       		.byte	-60
 1730 06a5 7A       		.byte	122
 1731 06a6 CA       		.byte	-54
 1732 06a7 F0       		.byte	-16
 1733 06a8 CC       		.byte	-52
 1734 06a9 65       		.byte	101
 1735 06aa CE       		.byte	-50
 1736 06ab F0       		.byte	-16
 1737 06ac D6       		.byte	-42
 1738 06ad 10       		.byte	16
 1739 06ae DE       		.byte	-34
 1740 06af 08       		.byte	8
 1741 06b0 E2       		.byte	-30
 1742 06b1 C0       		.byte	-64
 1743 06b2 E6       		.byte	-26
 1744 06b3 40       		.byte	64
 1745 06b4 E8       		.byte	-24
 1746 06b5 10       		.byte	16
 1747 06b6 13       		.byte	19
 1748 06b7 02       		.byte	2
 1749 06b8 16       		.byte	22
 1750 06b9 80       		.byte	-128
 1751 06ba 32       		.byte	50
 1752 06bb 40       		.byte	64
 1753 06bc 3B       		.byte	59
 1754 06bd 02       		.byte	2
 1755 06be 3E       		.byte	62
 1756 06bf 80       		.byte	-128
 1757 06c0 C4       		.byte	-60
 1758 06c1 30       		.byte	48
 1759 06c2 CC       		.byte	-52
 1760 06c3 10       		.byte	16
 1761 06c4 CE       		.byte	-50
 1762 06c5 60       		.byte	96
 1763 06c6 53       		.byte	83
 1764 06c7 80       		.byte	-128
 1765 06c8 56       		.byte	86
 1766 06c9 02       		.byte	2
 1767 06ca 96       		.byte	-106
ARM GAS  C:\Users\acer\AppData\Local\Temp\ccfQ94Sz.s 			page 32


 1768 06cb 80       		.byte	-128
 1769 06cc 97       		.byte	-105
 1770 06cd 02       		.byte	2
 1771 06ce 9B       		.byte	-101
 1772 06cf 02       		.byte	2
 1773 06d0 D4       		.byte	-44
 1774 06d1 20       		.byte	32
 1775 06d2 D6       		.byte	-42
 1776 06d3 20       		.byte	32
 1777 06d4 86       		.byte	-122
 1778 06d5 02       		.byte	2
 1779 06d6 96       		.byte	-106
 1780 06d7 80       		.byte	-128
 1781 06d8 97       		.byte	-105
 1782 06d9 02       		.byte	2
 1783 06da 9B       		.byte	-101
 1784 06db 02       		.byte	2
 1785 06dc 9E       		.byte	-98
 1786 06dd 02       		.byte	2
 1787 06de A7       		.byte	-89
 1788 06df 80       		.byte	-128
 1789 06e0 E6       		.byte	-26
 1790 06e1 10       		.byte	16
 1791 06e2 96       		.byte	-106
 1792 06e3 80       		.byte	-128
 1793 06e4 9B       		.byte	-101
 1794 06e5 02       		.byte	2
 1795 06e6 A7       		.byte	-89
 1796 06e7 80       		.byte	-128
 1797 06e8 AB       		.byte	-85
 1798 06e9 01       		.byte	1
 1799 06ea EE       		.byte	-18
 1800 06eb 20       		.byte	32
 1801 06ec 63       		.byte	99
 1802 06ed 08       		.byte	8
 1803 06ee D8       		.byte	-40
 1804 06ef 02       		.byte	2
 1805 06f0 1B       		.byte	27
 1806 06f1 04       		.byte	4
 1807 06f2 27       		.byte	39
 1808 06f3 80       		.byte	-128
 1809 06f4 B7       		.byte	-73
 1810 06f5 04       		.byte	4
 1811 06f6 C6       		.byte	-58
 1812 06f7 08       		.byte	8
 1813 06f8 C8       		.byte	-56
 1814 06f9 01       		.byte	1
 1815 06fa E8       		.byte	-24
 1816 06fb 02       		.byte	2
 1817 06fc 44       		.byte	68
 1818 06fd 02       		.byte	2
 1819 06fe 8D       		.byte	-115
 1820 06ff 02       		.byte	2
 1821 0700 9B       		.byte	-101
 1822 0701 80       		.byte	-128
 1823 0702 AB       		.byte	-85
 1824 0703 04       		.byte	4
ARM GAS  C:\Users\acer\AppData\Local\Temp\ccfQ94Sz.s 			page 33


 1825 0704 D0       		.byte	-48
 1826 0705 04       		.byte	4
 1827 0706 E0       		.byte	-32
 1828 0707 02       		.byte	2
 1829 0708 24       		.byte	36
 1830 0709 08       		.byte	8
 1831 070a 82       		.byte	-126
 1832 070b 40       		.byte	64
 1833 070c 96       		.byte	-106
 1834 070d 80       		.byte	-128
 1835 070e AB       		.byte	-85
 1836 070f 82       		.byte	-126
 1837 0710 C8       		.byte	-56
 1838 0711 20       		.byte	32
 1839 0712 E6       		.byte	-26
 1840 0713 80       		.byte	-128
 1841 0714 EC       		.byte	-20
 1842 0715 80       		.byte	-128
 1843 0716 EE       		.byte	-18
 1844 0717 20       		.byte	32
 1845 0718 B4       		.byte	-76
 1846 0719 04       		.byte	4
 1847 071a 99       		.byte	-103
 1848 071b 02       		.byte	2
 1849 071c 9B       		.byte	-101
 1850 071d 80       		.byte	-128
 1851 071e 9C       		.byte	-100
 1852 071f 02       		.byte	2
 1853 0720 11       		.byte	17
 1854 0721 01       		.byte	1
 1855 0722 75       		.byte	117
 1856 0723 02       		.byte	2
 1857 0724 89       		.byte	-119
 1858 0725 01       		.byte	1
 1859 0726 8F       		.byte	-113
 1860 0727 80       		.byte	-128
 1861 0728 99       		.byte	-103
 1862 0729 02       		.byte	2
 1863 072a 9B       		.byte	-101
 1864 072b 80       		.byte	-128
 1865 072c B4       		.byte	-76
 1866 072d 02       		.byte	2
 1867 072e C4       		.byte	-60
 1868 072f 08       		.byte	8
 1869 0730 DE       		.byte	-34
 1870 0731 04       		.byte	4
 1871 0732 E6       		.byte	-26
 1872 0733 09       		.byte	9
 1873 0734 E8       		.byte	-24
 1874 0735 08       		.byte	8
 1875 0736 00       		.byte	0
 1876 0737 07       		.byte	7
 1877 0738 01       		.byte	1
 1878 0739 01       		.byte	1
 1879 073a 0A       		.byte	10
 1880 073b 01       		.byte	1
 1881 073c 0C       		.byte	12
ARM GAS  C:\Users\acer\AppData\Local\Temp\ccfQ94Sz.s 			page 34


 1882 073d 03       		.byte	3
 1883 073e 0D       		.byte	13
 1884 073f 01       		.byte	1
 1885 0740 0E       		.byte	14
 1886 0741 07       		.byte	7
 1887 0742 10       		.byte	16
 1888 0743 03       		.byte	3
 1889 0744 11       		.byte	17
 1890 0745 01       		.byte	1
 1891 0746 1A       		.byte	26
 1892 0747 01       		.byte	1
 1893 0748 1C       		.byte	28
 1894 0749 03       		.byte	3
 1895 074a 1D       		.byte	29
 1896 074b 01       		.byte	1
 1897 074c 00       		.byte	0
 1898 074d 03       		.byte	3
 1899 074e 10       		.byte	16
 1900 074f 0A       		.byte	10
 1901 0750 80       		.byte	-128
 1902 0751 80       		.byte	-128
 1903 0752 00       		.byte	0
 1904 0753 00       		.byte	0
 1905 0754 40       		.byte	64
 1906 0755 00       		.byte	0
 1907 0756 00       		.byte	0
 1908 0757 00       		.byte	0
 1909 0758 00       		.byte	0
 1910 0759 0C       		.byte	12
 1911 075a 10       		.byte	16
 1912 075b 33       		.byte	51
 1913 075c 06       		.byte	6
 1914 075d 33       		.byte	51
 1915 075e 00       		.byte	0
 1916 075f 80       		.byte	-128
 1917 0760 02       		.byte	2
 1918 0761 3F       		.byte	63
 1919 0762 00       		.byte	0
 1920 0763 00       		.byte	0
 1921 0764 00       		.byte	0
 1922 0765 08       		.byte	8
 1923 0766 00       		.byte	0
 1924 0767 00       		.byte	0
 1925 0768 04       		.byte	4
 1926 0769 00       		.byte	0
 1927 076a 00       		.byte	0
 1928 076b 33       		.byte	51
 1929 076c 00       		.byte	0
 1930 076d 33       		.byte	51
 1931 076e 00       		.byte	0
 1932 076f 0C       		.byte	12
 1933 0770 0F       		.byte	15
 1934 0771 22       		.byte	34
 1935 0772 00       		.byte	0
 1936 0773 40       		.byte	64
 1937 0774 07       		.byte	7
 1938 0775 00       		.byte	0
ARM GAS  C:\Users\acer\AppData\Local\Temp\ccfQ94Sz.s 			page 35


 1939 0776 08       		.byte	8
 1940 0777 00       		.byte	0
 1941 0778 00       		.byte	0
 1942 0779 0F       		.byte	15
 1943 077a 10       		.byte	16
 1944 077b 30       		.byte	48
 1945 077c 06       		.byte	6
 1946 077d 04       		.byte	4
 1947 077e 09       		.byte	9
 1948 077f 00       		.byte	0
 1949 0780 09       		.byte	9
 1950 0781 0C       		.byte	12
 1951 0782 06       		.byte	6
 1952 0783 00       		.byte	0
 1953 0784 00       		.byte	0
 1954 0785 11       		.byte	17
 1955 0786 09       		.byte	9
 1956 0787 40       		.byte	64
 1957 0788 07       		.byte	7
 1958 0789 C0       		.byte	-64
 1959 078a 10       		.byte	16
 1960 078b 0F       		.byte	15
 1961 078c 0E       		.byte	14
 1962 078d 00       		.byte	0
 1963 078e 00       		.byte	0
 1964 078f 30       		.byte	48
 1965 0790 00       		.byte	0
 1966 0791 00       		.byte	0
 1967 0792 20       		.byte	32
 1968 0793 08       		.byte	8
 1969 0794 00       		.byte	0
 1970 0795 00       		.byte	0
 1971 0796 04       		.byte	4
 1972 0797 01       		.byte	1
 1973 0798 35       		.byte	53
 1974 0799 02       		.byte	2
 1975 079a 04       		.byte	4
 1976 079b 00       		.byte	0
 1977 079c 01       		.byte	1
 1978 079d E0       		.byte	-32
 1979 079e C0       		.byte	-64
 1980 079f 00       		.byte	0
 1981 07a0 0A       		.byte	10
 1982 07a1 FF       		.byte	-1
 1983 07a2 FF       		.byte	-1
 1984 07a3 FF       		.byte	-1
 1985 07a4 62       		.byte	98
 1986 07a5 A0       		.byte	-96
 1987 07a6 F0       		.byte	-16
 1988 07a7 41       		.byte	65
 1989 07a8 0C       		.byte	12
 1990 07a9 00       		.byte	0
 1991 07aa 00       		.byte	0
 1992 07ab 00       		.byte	0
 1993 07ac 00       		.byte	0
 1994 07ad 00       		.byte	0
 1995 07ae 00       		.byte	0
ARM GAS  C:\Users\acer\AppData\Local\Temp\ccfQ94Sz.s 			page 36


 1996 07af 00       		.byte	0
 1997 07b0 04       		.byte	4
 1998 07b1 04       		.byte	4
 1999 07b2 04       		.byte	4
 2000 07b3 00       		.byte	0
 2001 07b4 11       		.byte	17
 2002 07b5 01       		.byte	1
 2003 07b6 00       		.byte	0
 2004 07b7 01       		.byte	1
 2005 07b8 00       		.byte	0
 2006 07b9 00       		.byte	0
 2007 07ba 00       		.byte	0
 2008 07bb 00       		.byte	0
 2009 07bc 00       		.byte	0
 2010 07bd 00       		.byte	0
 2011 07be 40       		.byte	64
 2012 07bf 02       		.byte	2
 2013 07c0 00       		.byte	0
 2014 07c1 10       		.byte	16
 2015 07c2 30       		.byte	48
 2016 07c3 10       		.byte	16
 2017 07c4 00       		.byte	0
 2018 07c5 10       		.byte	16
 2019 07c6 10       		.byte	16
 2020 07c7 12       		.byte	18
 2021 07c8 00       		.byte	0
 2022 07c9 00       		.byte	0
 2023 07ca 00       		.byte	0
 2024 07cb 00       		.byte	0
 2025 07cc 00       		.byte	0
 2026 07cd 00       		.byte	0
 2027 07ce 00       		.byte	0
 2028 07cf 00       		.byte	0
 2029 07d0 00       		.byte	0
 2030 07d1 00       		.byte	0
 2031 07d2 00       		.byte	0
 2032 07d3 00       		.byte	0
 2033 07d4 00       		.byte	0
 2034 07d5 00       		.byte	0
 2035 07d6 00       		.byte	0
 2036 07d7 00       		.byte	0
 2037 07d8 00       		.byte	0
 2038 07d9 40       		.byte	64
 2039 07da 40       		.byte	64
 2040 07db 00       		.byte	0
 2041 07dc 00       		.byte	0
 2042 07dd 03       		.byte	3
 2043 07de 03       		.byte	3
 2044 07df 00       		.byte	0
 2045 07e0 80       		.byte	-128
 2046 07e1 00       		.byte	0
 2047 07e2 40       		.byte	64
 2048 07e3 80       		.byte	-128
 2049 07e4 80       		.byte	-128
 2050 07e5 00       		.byte	0
 2051 07e6 80       		.byte	-128
 2052 07e7 00       		.byte	0
ARM GAS  C:\Users\acer\AppData\Local\Temp\ccfQ94Sz.s 			page 37


 2053 07e8 00       		.byte	0
 2054 07e9 00       		.byte	0
 2055 07ea 00       		.byte	0
 2056 07eb 00       		.byte	0
 2057 07ec 00       		.byte	0
 2058 07ed 0B       		.byte	11
 2059 07ee 0B       		.byte	11
 2060 07ef 00       		.byte	0
 2061 07f0 00       		.byte	0
 2062 07f1 00       		.byte	0
 2063 07f2 00       		.byte	0
 2064 07f3 00       		.byte	0
 2065 07f4 00       		.byte	0
 2066 07f5 10       		.byte	16
 2067 07f6 10       		.byte	16
 2068 07f7 00       		.byte	0
 2069 07f8 10       		.byte	16
 2070 07f9 00       		.byte	0
 2071 07fa 00       		.byte	0
 2072 07fb 00       		.byte	0
 2073 07fc 00       		.byte	0
 2074 07fd 01       		.byte	1
 2075 07fe 00       		.byte	0
 2076 07ff 00       		.byte	0
 2077              		.section	.cywolatch,"a",%progbits
 2078              		.align	2
 2079              		.type	cy_meta_wonvl, %object
 2080              		.size	cy_meta_wonvl, 4
 2081              	cy_meta_wonvl:
 2082 0000 BC       		.byte	-68
 2083 0001 90       		.byte	-112
 2084 0002 AC       		.byte	-84
 2085 0003 AF       		.byte	-81
 2086              		.section	.cycustnvl,"a",%progbits
 2087              		.align	2
 2088              		.type	cy_meta_custnvl, %object
 2089              		.size	cy_meta_custnvl, 4
 2090              	cy_meta_custnvl:
 2091 0000 00       		.byte	0
 2092 0001 00       		.byte	0
 2093 0002 40       		.byte	64
 2094 0003 05       		.byte	5
 2095              		.section	.cymeta,"a",%progbits
 2096              		.align	2
 2097              		.type	cy_metadata, %object
 2098              		.size	cy_metadata, 12
 2099              	cy_metadata:
 2100 0000 00       		.byte	0
 2101 0001 01       		.byte	1
 2102 0002 2E       		.byte	46
 2103 0003 16       		.byte	22
 2104 0004 10       		.byte	16
 2105 0005 69       		.byte	105
 2106 0006 00       		.byte	0
 2107 0007 01       		.byte	1
 2108 0008 00       		.byte	0
 2109 0009 00       		.byte	0
ARM GAS  C:\Users\acer\AppData\Local\Temp\ccfQ94Sz.s 			page 38


 2110 000a 00       		.byte	0
 2111 000b 00       		.byte	0
 2112              		.section	.cyflashprotect,"a",%progbits
 2113              		.align	2
 2114              		.type	cy_meta_flashprotect, %object
 2115              		.size	cy_meta_flashprotect, 256
 2116              	cy_meta_flashprotect:
 2117 0000 00000000 		.space	256
 2117      00000000 
 2117      00000000 
 2117      00000000 
 2117      00000000 
 2118              		.text
 2119              	.Letext0:
 2120              		.file 1 "c:\\program files (x86)\\cypress\\psoc creator\\4.4\\psoc creator\\import\\gnu\\arm\\5.4.
 2121              		.file 2 "c:\\program files (x86)\\cypress\\psoc creator\\4.4\\psoc creator\\import\\gnu\\arm\\5.4.
 2122              		.file 3 "Generated_Source\\PSoC5\\cymetadata.c"
 2123              		.section	.debug_info,"",%progbits
 2124              	.Ldebug_info0:
 2125 0000 35010000 		.4byte	0x135
 2126 0004 0400     		.2byte	0x4
 2127 0006 00000000 		.4byte	.Ldebug_abbrev0
 2128 000a 04       		.byte	0x4
 2129 000b 01       		.uleb128 0x1
 2130 000c 24000000 		.4byte	.LASF17
 2131 0010 0C       		.byte	0xc
 2132 0011 BF010000 		.4byte	.LASF18
 2133 0015 25010000 		.4byte	.LASF19
 2134 0019 00000000 		.4byte	.Ldebug_line0
 2135 001d 02       		.uleb128 0x2
 2136 001e 01       		.byte	0x1
 2137 001f 06       		.byte	0x6
 2138 0020 B3010000 		.4byte	.LASF0
 2139 0024 03       		.uleb128 0x3
 2140 0025 00000000 		.4byte	.LASF9
 2141 0029 01       		.byte	0x1
 2142 002a 1D       		.byte	0x1d
 2143 002b 2F000000 		.4byte	0x2f
 2144 002f 02       		.uleb128 0x2
 2145 0030 01       		.byte	0x1
 2146 0031 08       		.byte	0x8
 2147 0032 16000000 		.4byte	.LASF1
 2148 0036 02       		.uleb128 0x2
 2149 0037 02       		.byte	0x2
 2150 0038 05       		.byte	0x5
 2151 0039 A0010000 		.4byte	.LASF2
 2152 003d 02       		.uleb128 0x2
 2153 003e 02       		.byte	0x2
 2154 003f 07       		.byte	0x7
 2155 0040 C4000000 		.4byte	.LASF3
 2156 0044 02       		.uleb128 0x2
 2157 0045 04       		.byte	0x4
 2158 0046 05       		.byte	0x5
 2159 0047 AA010000 		.4byte	.LASF4
 2160 004b 02       		.uleb128 0x2
 2161 004c 04       		.byte	0x4
 2162 004d 07       		.byte	0x7
ARM GAS  C:\Users\acer\AppData\Local\Temp\ccfQ94Sz.s 			page 39


 2163 004e B2000000 		.4byte	.LASF5
 2164 0052 02       		.uleb128 0x2
 2165 0053 08       		.byte	0x8
 2166 0054 05       		.byte	0x5
 2167 0055 92010000 		.4byte	.LASF6
 2168 0059 02       		.uleb128 0x2
 2169 005a 08       		.byte	0x8
 2170 005b 07       		.byte	0x7
 2171 005c 06010000 		.4byte	.LASF7
 2172 0060 04       		.uleb128 0x4
 2173 0061 04       		.byte	0x4
 2174 0062 05       		.byte	0x5
 2175 0063 696E7400 		.ascii	"int\000"
 2176 0067 02       		.uleb128 0x2
 2177 0068 04       		.byte	0x4
 2178 0069 07       		.byte	0x7
 2179 006a F9000000 		.4byte	.LASF8
 2180 006e 03       		.uleb128 0x3
 2181 006f 1D010000 		.4byte	.LASF10
 2182 0073 02       		.byte	0x2
 2183 0074 18       		.byte	0x18
 2184 0075 24000000 		.4byte	0x24
 2185 0079 05       		.uleb128 0x5
 2186 007a 91000000 		.4byte	0x91
 2187 007e 8A000000 		.4byte	0x8a
 2188 0082 06       		.uleb128 0x6
 2189 0083 8A000000 		.4byte	0x8a
 2190 0087 FF07     		.2byte	0x7ff
 2191 0089 00       		.byte	0
 2192 008a 02       		.uleb128 0x2
 2193 008b 04       		.byte	0x4
 2194 008c 07       		.byte	0x7
 2195 008d 89010000 		.4byte	.LASF11
 2196 0091 07       		.uleb128 0x7
 2197 0092 6E000000 		.4byte	0x6e
 2198 0096 08       		.uleb128 0x8
 2199 0097 E7000000 		.4byte	.LASF12
 2200 009b 03       		.byte	0x3
 2201 009c 1F       		.byte	0x1f
 2202 009d A7000000 		.4byte	0xa7
 2203 00a1 05       		.uleb128 0x5
 2204 00a2 03       		.byte	0x3
 2205 00a3 00000000 		.4byte	cy_meta_configecc
 2206 00a7 07       		.uleb128 0x7
 2207 00a8 79000000 		.4byte	0x79
 2208 00ac 05       		.uleb128 0x5
 2209 00ad 91000000 		.4byte	0x91
 2210 00b1 BC000000 		.4byte	0xbc
 2211 00b5 09       		.uleb128 0x9
 2212 00b6 8A000000 		.4byte	0x8a
 2213 00ba 03       		.byte	0x3
 2214 00bb 00       		.byte	0
 2215 00bc 0A       		.uleb128 0xa
 2216 00bd D7000000 		.4byte	.LASF13
 2217 00c1 03       		.byte	0x3
 2218 00c2 2C01     		.2byte	0x12c
 2219 00c4 CE000000 		.4byte	0xce
ARM GAS  C:\Users\acer\AppData\Local\Temp\ccfQ94Sz.s 			page 40


 2220 00c8 05       		.uleb128 0x5
 2221 00c9 03       		.byte	0x3
 2222 00ca 00000000 		.4byte	cy_meta_custnvl
 2223 00ce 07       		.uleb128 0x7
 2224 00cf AC000000 		.4byte	0xac
 2225 00d3 0A       		.uleb128 0xa
 2226 00d4 7B010000 		.4byte	.LASF14
 2227 00d8 03       		.byte	0x3
 2228 00d9 3A01     		.2byte	0x13a
 2229 00db E5000000 		.4byte	0xe5
 2230 00df 05       		.uleb128 0x5
 2231 00e0 03       		.byte	0x3
 2232 00e1 00000000 		.4byte	cy_meta_wonvl
 2233 00e5 07       		.uleb128 0x7
 2234 00e6 AC000000 		.4byte	0xac
 2235 00ea 05       		.uleb128 0x5
 2236 00eb 91000000 		.4byte	0x91
 2237 00ef FA000000 		.4byte	0xfa
 2238 00f3 09       		.uleb128 0x9
 2239 00f4 8A000000 		.4byte	0x8a
 2240 00f8 FF       		.byte	0xff
 2241 00f9 00       		.byte	0
 2242 00fa 0A       		.uleb128 0xa
 2243 00fb 66010000 		.4byte	.LASF15
 2244 00ff 03       		.byte	0x3
 2245 0100 4801     		.2byte	0x148
 2246 0102 0C010000 		.4byte	0x10c
 2247 0106 05       		.uleb128 0x5
 2248 0107 03       		.byte	0x3
 2249 0108 00000000 		.4byte	cy_meta_flashprotect
 2250 010c 07       		.uleb128 0x7
 2251 010d EA000000 		.4byte	0xea
 2252 0111 05       		.uleb128 0x5
 2253 0112 91000000 		.4byte	0x91
 2254 0116 21010000 		.4byte	0x121
 2255 011a 09       		.uleb128 0x9
 2256 011b 8A000000 		.4byte	0x8a
 2257 011f 0B       		.byte	0xb
 2258 0120 00       		.byte	0
 2259 0121 0A       		.uleb128 0xa
 2260 0122 0A000000 		.4byte	.LASF16
 2261 0126 03       		.byte	0x3
 2262 0127 7501     		.2byte	0x175
 2263 0129 33010000 		.4byte	0x133
 2264 012d 05       		.uleb128 0x5
 2265 012e 03       		.byte	0x3
 2266 012f 00000000 		.4byte	cy_metadata
 2267 0133 07       		.uleb128 0x7
 2268 0134 11010000 		.4byte	0x111
 2269 0138 00       		.byte	0
 2270              		.section	.debug_abbrev,"",%progbits
 2271              	.Ldebug_abbrev0:
 2272 0000 01       		.uleb128 0x1
 2273 0001 11       		.uleb128 0x11
 2274 0002 01       		.byte	0x1
 2275 0003 25       		.uleb128 0x25
 2276 0004 0E       		.uleb128 0xe
ARM GAS  C:\Users\acer\AppData\Local\Temp\ccfQ94Sz.s 			page 41


 2277 0005 13       		.uleb128 0x13
 2278 0006 0B       		.uleb128 0xb
 2279 0007 03       		.uleb128 0x3
 2280 0008 0E       		.uleb128 0xe
 2281 0009 1B       		.uleb128 0x1b
 2282 000a 0E       		.uleb128 0xe
 2283 000b 10       		.uleb128 0x10
 2284 000c 17       		.uleb128 0x17
 2285 000d 00       		.byte	0
 2286 000e 00       		.byte	0
 2287 000f 02       		.uleb128 0x2
 2288 0010 24       		.uleb128 0x24
 2289 0011 00       		.byte	0
 2290 0012 0B       		.uleb128 0xb
 2291 0013 0B       		.uleb128 0xb
 2292 0014 3E       		.uleb128 0x3e
 2293 0015 0B       		.uleb128 0xb
 2294 0016 03       		.uleb128 0x3
 2295 0017 0E       		.uleb128 0xe
 2296 0018 00       		.byte	0
 2297 0019 00       		.byte	0
 2298 001a 03       		.uleb128 0x3
 2299 001b 16       		.uleb128 0x16
 2300 001c 00       		.byte	0
 2301 001d 03       		.uleb128 0x3
 2302 001e 0E       		.uleb128 0xe
 2303 001f 3A       		.uleb128 0x3a
 2304 0020 0B       		.uleb128 0xb
 2305 0021 3B       		.uleb128 0x3b
 2306 0022 0B       		.uleb128 0xb
 2307 0023 49       		.uleb128 0x49
 2308 0024 13       		.uleb128 0x13
 2309 0025 00       		.byte	0
 2310 0026 00       		.byte	0
 2311 0027 04       		.uleb128 0x4
 2312 0028 24       		.uleb128 0x24
 2313 0029 00       		.byte	0
 2314 002a 0B       		.uleb128 0xb
 2315 002b 0B       		.uleb128 0xb
 2316 002c 3E       		.uleb128 0x3e
 2317 002d 0B       		.uleb128 0xb
 2318 002e 03       		.uleb128 0x3
 2319 002f 08       		.uleb128 0x8
 2320 0030 00       		.byte	0
 2321 0031 00       		.byte	0
 2322 0032 05       		.uleb128 0x5
 2323 0033 01       		.uleb128 0x1
 2324 0034 01       		.byte	0x1
 2325 0035 49       		.uleb128 0x49
 2326 0036 13       		.uleb128 0x13
 2327 0037 01       		.uleb128 0x1
 2328 0038 13       		.uleb128 0x13
 2329 0039 00       		.byte	0
 2330 003a 00       		.byte	0
 2331 003b 06       		.uleb128 0x6
 2332 003c 21       		.uleb128 0x21
 2333 003d 00       		.byte	0
ARM GAS  C:\Users\acer\AppData\Local\Temp\ccfQ94Sz.s 			page 42


 2334 003e 49       		.uleb128 0x49
 2335 003f 13       		.uleb128 0x13
 2336 0040 2F       		.uleb128 0x2f
 2337 0041 05       		.uleb128 0x5
 2338 0042 00       		.byte	0
 2339 0043 00       		.byte	0
 2340 0044 07       		.uleb128 0x7
 2341 0045 26       		.uleb128 0x26
 2342 0046 00       		.byte	0
 2343 0047 49       		.uleb128 0x49
 2344 0048 13       		.uleb128 0x13
 2345 0049 00       		.byte	0
 2346 004a 00       		.byte	0
 2347 004b 08       		.uleb128 0x8
 2348 004c 34       		.uleb128 0x34
 2349 004d 00       		.byte	0
 2350 004e 03       		.uleb128 0x3
 2351 004f 0E       		.uleb128 0xe
 2352 0050 3A       		.uleb128 0x3a
 2353 0051 0B       		.uleb128 0xb
 2354 0052 3B       		.uleb128 0x3b
 2355 0053 0B       		.uleb128 0xb
 2356 0054 49       		.uleb128 0x49
 2357 0055 13       		.uleb128 0x13
 2358 0056 3F       		.uleb128 0x3f
 2359 0057 19       		.uleb128 0x19
 2360 0058 02       		.uleb128 0x2
 2361 0059 18       		.uleb128 0x18
 2362 005a 00       		.byte	0
 2363 005b 00       		.byte	0
 2364 005c 09       		.uleb128 0x9
 2365 005d 21       		.uleb128 0x21
 2366 005e 00       		.byte	0
 2367 005f 49       		.uleb128 0x49
 2368 0060 13       		.uleb128 0x13
 2369 0061 2F       		.uleb128 0x2f
 2370 0062 0B       		.uleb128 0xb
 2371 0063 00       		.byte	0
 2372 0064 00       		.byte	0
 2373 0065 0A       		.uleb128 0xa
 2374 0066 34       		.uleb128 0x34
 2375 0067 00       		.byte	0
 2376 0068 03       		.uleb128 0x3
 2377 0069 0E       		.uleb128 0xe
 2378 006a 3A       		.uleb128 0x3a
 2379 006b 0B       		.uleb128 0xb
 2380 006c 3B       		.uleb128 0x3b
 2381 006d 05       		.uleb128 0x5
 2382 006e 49       		.uleb128 0x49
 2383 006f 13       		.uleb128 0x13
 2384 0070 3F       		.uleb128 0x3f
 2385 0071 19       		.uleb128 0x19
 2386 0072 02       		.uleb128 0x2
 2387 0073 18       		.uleb128 0x18
 2388 0074 00       		.byte	0
 2389 0075 00       		.byte	0
 2390 0076 00       		.byte	0
ARM GAS  C:\Users\acer\AppData\Local\Temp\ccfQ94Sz.s 			page 43


 2391              		.section	.debug_aranges,"",%progbits
 2392 0000 14000000 		.4byte	0x14
 2393 0004 0200     		.2byte	0x2
 2394 0006 00000000 		.4byte	.Ldebug_info0
 2395 000a 04       		.byte	0x4
 2396 000b 00       		.byte	0
 2397 000c 0000     		.2byte	0
 2398 000e 0000     		.2byte	0
 2399 0010 00000000 		.4byte	0
 2400 0014 00000000 		.4byte	0
 2401              		.section	.debug_line,"",%progbits
 2402              	.Ldebug_line0:
 2403 0000 3D010000 		.section	.debug_str,"MS",%progbits,1
 2403      02003701 
 2403      00000201 
 2403      FB0E0D00 
 2403      01010101 
 2404              	.LASF9:
 2405 0000 5F5F7569 		.ascii	"__uint8_t\000"
 2405      6E74385F 
 2405      7400
 2406              	.LASF16:
 2407 000a 63795F6D 		.ascii	"cy_metadata\000"
 2407      65746164 
 2407      61746100 
 2408              	.LASF1:
 2409 0016 756E7369 		.ascii	"unsigned char\000"
 2409      676E6564 
 2409      20636861 
 2409      7200
 2410              	.LASF17:
 2411 0024 474E5520 		.ascii	"GNU C11 5.4.1 20160609 (release) [ARM/embedded-5-br"
 2411      43313120 
 2411      352E342E 
 2411      31203230 
 2411      31363036 
 2412 0057 616E6368 		.ascii	"anch revision 237715] -mcpu=cortex-m3 -mthumb -g -O"
 2412      20726576 
 2412      6973696F 
 2412      6E203233 
 2412      37373135 
 2413 008a 67202D66 		.ascii	"g -ffunction-sections -ffat-lto-objects\000"
 2413      66756E63 
 2413      74696F6E 
 2413      2D736563 
 2413      74696F6E 
 2414              	.LASF5:
 2415 00b2 6C6F6E67 		.ascii	"long unsigned int\000"
 2415      20756E73 
 2415      69676E65 
 2415      6420696E 
 2415      7400
 2416              	.LASF3:
 2417 00c4 73686F72 		.ascii	"short unsigned int\000"
 2417      7420756E 
 2417      7369676E 
 2417      65642069 
ARM GAS  C:\Users\acer\AppData\Local\Temp\ccfQ94Sz.s 			page 44


 2417      6E7400
 2418              	.LASF13:
 2419 00d7 63795F6D 		.ascii	"cy_meta_custnvl\000"
 2419      6574615F 
 2419      63757374 
 2419      6E766C00 
 2420              	.LASF12:
 2421 00e7 63795F6D 		.ascii	"cy_meta_configecc\000"
 2421      6574615F 
 2421      636F6E66 
 2421      69676563 
 2421      6300
 2422              	.LASF8:
 2423 00f9 756E7369 		.ascii	"unsigned int\000"
 2423      676E6564 
 2423      20696E74 
 2423      00
 2424              	.LASF7:
 2425 0106 6C6F6E67 		.ascii	"long long unsigned int\000"
 2425      206C6F6E 
 2425      6720756E 
 2425      7369676E 
 2425      65642069 
 2426              	.LASF10:
 2427 011d 75696E74 		.ascii	"uint8_t\000"
 2427      385F7400 
 2428              	.LASF19:
 2429 0125 433A5C53 		.ascii	"C:\\Sandbox\\Sem2\\EAA\\Lab\\Lab01\\Lab01EAA\\EGasP"
 2429      616E6462 
 2429      6F785C53 
 2429      656D325C 
 2429      4541415C 
 2430 0151 6564616C 		.ascii	"edal\\EGasPedal.cydsn\000"
 2430      5C454761 
 2430      73506564 
 2430      616C2E63 
 2430      7964736E 
 2431              	.LASF15:
 2432 0166 63795F6D 		.ascii	"cy_meta_flashprotect\000"
 2432      6574615F 
 2432      666C6173 
 2432      6870726F 
 2432      74656374 
 2433              	.LASF14:
 2434 017b 63795F6D 		.ascii	"cy_meta_wonvl\000"
 2434      6574615F 
 2434      776F6E76 
 2434      6C00
 2435              	.LASF11:
 2436 0189 73697A65 		.ascii	"sizetype\000"
 2436      74797065 
 2436      00
 2437              	.LASF6:
 2438 0192 6C6F6E67 		.ascii	"long long int\000"
 2438      206C6F6E 
 2438      6720696E 
 2438      7400
ARM GAS  C:\Users\acer\AppData\Local\Temp\ccfQ94Sz.s 			page 45


 2439              	.LASF2:
 2440 01a0 73686F72 		.ascii	"short int\000"
 2440      7420696E 
 2440      7400
 2441              	.LASF4:
 2442 01aa 6C6F6E67 		.ascii	"long int\000"
 2442      20696E74 
 2442      00
 2443              	.LASF0:
 2444 01b3 7369676E 		.ascii	"signed char\000"
 2444      65642063 
 2444      68617200 
 2445              	.LASF18:
 2446 01bf 47656E65 		.ascii	"Generated_Source\\PSoC5\\cymetadata.c\000"
 2446      72617465 
 2446      645F536F 
 2446      75726365 
 2446      5C50536F 
 2447              		.ident	"GCC: (GNU Tools for ARM Embedded Processors) 5.4.1 20160609 (release) [ARM/embedded-5-bran
