ARM GAS  C:\Users\acer\AppData\Local\Temp\cc6SeIRT.s 			page 1


   1              		.syntax unified
   2              		.cpu cortex-m3
   3              		.fpu softvfp
   4              		.eabi_attribute 20, 1
   5              		.eabi_attribute 21, 1
   6              		.eabi_attribute 23, 3
   7              		.eabi_attribute 24, 1
   8              		.eabi_attribute 25, 1
   9              		.eabi_attribute 26, 1
  10              		.eabi_attribute 30, 1
  11              		.eabi_attribute 34, 1
  12              		.eabi_attribute 18, 4
  13              		.thumb
  14              		.syntax unified
  15              		.file	"ErikaOS_1_eecfg.c"
  16              		.text
  17              	.Ltext0:
  18              		.cfi_sections	.debug_frame
  19              		.global	EE_oo_autostart_task_data
  20              		.comm	EE_ApplicationMode,4,4
  21              		.global	EE_oo_action_ROM
  22              		.comm	EE_oo_counter_object_RAM,16,4
  23              		.global	EE_oo_counter_object_ROM
  24              		.global	EE_ALARM_ID
  25              		.global	EE_ALARM_NAME
  26              		.global	EE_alarm_ROM
  27              		.global	EE_counter_RAM
  28              		.global	EE_counter_ROM
  29              		.global	EE_th_is_extended
  30              		.global	EE_th_waswaiting
  31              		.global	EE_th_event_waitmask
  32              		.global	EE_th_event_active
  33              		.global	EE_th_terminate_nextask
  34              		.global	EE_rq_free
  35              		.comm	EE_rq_pairs_tid,20,4
  36              		.global	EE_rq_pairs_next
  37              		.global	EE_rq_link
  38              		.global	EE_th_rnact_max
  39              		.global	EE_th_rnact
  40              		.global	EE_rq_bitmask
  41              		.global	EE_rq_queues_tail
  42              		.global	EE_rq_queues_head
  43              		.global	EE_sys_ceiling
  44              		.global	EE_stkfirst
  45              		.global	EE_th_next
  46              		.global	EE_th_status
  47              		.global	EE_th_dispatch_prio
  48              		.global	EE_EVENT_ID
  49              		.global	EE_EVENT_NAME
  50              		.global	EE_TASK_NAME
  51              		.global	EE_th_ready_prio
  52              		.global	EE_terminate_real_th_body
  53              		.comm	EE_terminate_data,20,4
  54              		.global	EE_hal_thread_body
  55              		.global	EE_cortex_mx_IRQ_tos
  56              		.global	EE_cortex_mx_active_tos
  57              		.global	EE_cortex_mx_system_tos
ARM GAS  C:\Users\acer\AppData\Local\Temp\cc6SeIRT.s 			page 2


  58              		.global	EE_std_thread_tos
  59              		.comm	EE_cortex_mx_stack_9,512,4
  60              		.comm	EE_cortex_mx_stack_5,2000,4
  61              		.comm	EE_cortex_mx_stack_2,1000,4
  62              		.section	.rodata
  63              		.align	2
  64              		.type	EE_oo_autostart_task_data, %object
  65              		.size	EE_oo_autostart_task_data, 8
  66              	EE_oo_autostart_task_data:
  67 0000 01000000 		.word	1
  68 0004 08000000 		.word	EE_oo_autostart_task_mode_OSDEFAULTAPPMODE
  69              		.type	EE_oo_autostart_task_mode_OSDEFAULTAPPMODE, %object
  70              		.size	EE_oo_autostart_task_mode_OSDEFAULTAPPMODE, 4
  71              	EE_oo_autostart_task_mode_OSDEFAULTAPPMODE:
  72 0008 00000000 		.space	4
  73              		.type	EE_oo_action_ROM, %object
  74              		.size	EE_oo_action_ROM, 20
  75              	EE_oo_action_ROM:
  76 000c 03       		.byte	3
  77 000d 000000   		.space	3
  78 0010 00000000 		.word	0
  79 0014 00000000 		.word	0
  80 0018 00000000 		.word	Alr_CallBack
  81 001c FFFFFFFF 		.word	-1
  82              		.type	EE_oo_counter_object_ROM, %object
  83              		.size	EE_oo_counter_object_ROM, 12
  84              	EE_oo_counter_object_ROM:
  85 0020 00000000 		.space	12
  85      00000000 
  85      00000000 
  86              		.type	EE_ALARM_ID, %object
  87              		.size	EE_ALARM_ID, 4
  88              	EE_ALARM_ID:
  89 002c 00000000 		.space	4
  90              		.type	EE_alarm_ROM, %object
  91              		.size	EE_alarm_ROM, 4
  92              	EE_alarm_ROM:
  93 0030 00000000 		.space	4
  94              		.type	EE_counter_ROM, %object
  95              		.size	EE_counter_ROM, 12
  96              	EE_counter_ROM:
  97 0034 10270000 		.word	10000
  98 0038 00000000 		.word	0
  99 003c 01000000 		.word	1
 100              		.type	EE_th_is_extended, %object
 101              		.size	EE_th_is_extended, 20
 102              	EE_th_is_extended:
 103 0040 00000000 		.word	0
 104 0044 00000000 		.word	0
 105 0048 00000000 		.word	0
 106 004c 00000000 		.word	0
 107 0050 01000000 		.word	1
 108              		.type	EE_th_rnact_max, %object
 109              		.size	EE_th_rnact_max, 20
 110              	EE_th_rnact_max:
 111 0054 01000000 		.word	1
 112 0058 01000000 		.word	1
ARM GAS  C:\Users\acer\AppData\Local\Temp\cc6SeIRT.s 			page 3


 113 005c 01000000 		.word	1
 114 0060 01000000 		.word	1
 115 0064 01000000 		.word	1
 116              		.type	EE_th_dispatch_prio, %object
 117              		.size	EE_th_dispatch_prio, 20
 118              	EE_th_dispatch_prio:
 119 0068 80000000 		.word	128
 120 006c 01000000 		.word	1
 121 0070 20000000 		.word	32
 122 0074 02000000 		.word	2
 123 0078 10000000 		.word	16
 124              		.type	EE_EVENT_ID, %object
 125              		.size	EE_EVENT_ID, 12
 126              	EE_EVENT_ID:
 127 007c 01000000 		.word	1
 128 0080 02000000 		.word	2
 129 0084 04000000 		.word	4
 130              		.type	EE_th_ready_prio, %object
 131              		.size	EE_th_ready_prio, 20
 132              	EE_th_ready_prio:
 133 0088 01000000 		.word	1
 134 008c 01000000 		.word	1
 135 0090 20000000 		.word	32
 136 0094 02000000 		.word	2
 137 0098 10000000 		.word	16
 138              		.type	EE_terminate_real_th_body, %object
 139              		.size	EE_terminate_real_th_body, 20
 140              	EE_terminate_real_th_body:
 141 009c 00000000 		.word	Functsk_init
 142 00a0 00000000 		.word	Functsk_background
 143 00a4 00000000 		.word	Functsk_io
 144 00a8 00000000 		.word	Functsk_system
 145 00ac 00000000 		.word	Functsk_control
 146              		.type	EE_hal_thread_body, %object
 147              		.size	EE_hal_thread_body, 20
 148              	EE_hal_thread_body:
 149 00b0 00000000 		.word	EE_oo_thread_stub
 150 00b4 00000000 		.word	EE_oo_thread_stub
 151 00b8 00000000 		.word	EE_oo_thread_stub
 152 00bc 00000000 		.word	EE_oo_thread_stub
 153 00c0 00000000 		.word	EE_oo_thread_stub
 154              		.type	EE_std_thread_tos, %object
 155              		.size	EE_std_thread_tos, 24
 156              	EE_std_thread_tos:
 157 00c4 00000000 		.word	0
 158 00c8 00000000 		.word	0
 159 00cc 01000000 		.word	1
 160 00d0 00000000 		.word	0
 161 00d4 00000000 		.word	0
 162 00d8 02000000 		.word	2
 163              		.data
 164              		.align	2
 165              		.type	EE_ALARM_NAME, %object
 166              		.size	EE_ALARM_NAME, 4
 167              	EE_ALARM_NAME:
 168 0000 00000000 		.word	.LC0
 169              		.type	EE_counter_RAM, %object
ARM GAS  C:\Users\acer\AppData\Local\Temp\cc6SeIRT.s 			page 4


 170              		.size	EE_counter_RAM, 8
 171              	EE_counter_RAM:
 172 0004 00000000 		.word	0
 173 0008 FFFFFFFF 		.word	-1
 174              		.type	EE_th_terminate_nextask, %object
 175              		.size	EE_th_terminate_nextask, 20
 176              	EE_th_terminate_nextask:
 177 000c FFFFFFFF 		.word	-1
 178 0010 FFFFFFFF 		.word	-1
 179 0014 FFFFFFFF 		.word	-1
 180 0018 FFFFFFFF 		.word	-1
 181 001c FFFFFFFF 		.word	-1
 182              		.type	EE_rq_pairs_next, %object
 183              		.size	EE_rq_pairs_next, 20
 184              	EE_rq_pairs_next:
 185 0020 01000000 		.word	1
 186 0024 02000000 		.word	2
 187 0028 03000000 		.word	3
 188 002c 04000000 		.word	4
 189 0030 FFFFFFFF 		.word	-1
 190              		.type	EE_rq_link, %object
 191              		.size	EE_rq_link, 20
 192              	EE_rq_link:
 193 0034 00000000 		.word	0
 194 0038 00000000 		.word	0
 195 003c 05000000 		.word	5
 196 0040 01000000 		.word	1
 197 0044 04000000 		.word	4
 198              		.type	EE_th_rnact, %object
 199              		.size	EE_th_rnact, 20
 200              	EE_th_rnact:
 201 0048 01000000 		.word	1
 202 004c 01000000 		.word	1
 203 0050 01000000 		.word	1
 204 0054 01000000 		.word	1
 205 0058 01000000 		.word	1
 206              		.type	EE_rq_queues_tail, %object
 207              		.size	EE_rq_queues_tail, 64
 208              	EE_rq_queues_tail:
 209 005c FFFFFFFF 		.word	-1
 210 0060 FFFFFFFF 		.word	-1
 211 0064 FFFFFFFF 		.word	-1
 212 0068 FFFFFFFF 		.word	-1
 213 006c FFFFFFFF 		.word	-1
 214 0070 FFFFFFFF 		.word	-1
 215 0074 FFFFFFFF 		.word	-1
 216 0078 FFFFFFFF 		.word	-1
 217 007c FFFFFFFF 		.word	-1
 218 0080 FFFFFFFF 		.word	-1
 219 0084 FFFFFFFF 		.word	-1
 220 0088 FFFFFFFF 		.word	-1
 221 008c FFFFFFFF 		.word	-1
 222 0090 FFFFFFFF 		.word	-1
 223 0094 FFFFFFFF 		.word	-1
 224 0098 FFFFFFFF 		.word	-1
 225              		.type	EE_rq_queues_head, %object
 226              		.size	EE_rq_queues_head, 64
ARM GAS  C:\Users\acer\AppData\Local\Temp\cc6SeIRT.s 			page 5


 227              	EE_rq_queues_head:
 228 009c FFFFFFFF 		.word	-1
 229 00a0 FFFFFFFF 		.word	-1
 230 00a4 FFFFFFFF 		.word	-1
 231 00a8 FFFFFFFF 		.word	-1
 232 00ac FFFFFFFF 		.word	-1
 233 00b0 FFFFFFFF 		.word	-1
 234 00b4 FFFFFFFF 		.word	-1
 235 00b8 FFFFFFFF 		.word	-1
 236 00bc FFFFFFFF 		.word	-1
 237 00c0 FFFFFFFF 		.word	-1
 238 00c4 FFFFFFFF 		.word	-1
 239 00c8 FFFFFFFF 		.word	-1
 240 00cc FFFFFFFF 		.word	-1
 241 00d0 FFFFFFFF 		.word	-1
 242 00d4 FFFFFFFF 		.word	-1
 243 00d8 FFFFFFFF 		.word	-1
 244              		.type	EE_stkfirst, %object
 245              		.size	EE_stkfirst, 4
 246              	EE_stkfirst:
 247 00dc FFFFFFFF 		.word	-1
 248              		.type	EE_th_next, %object
 249              		.size	EE_th_next, 20
 250              	EE_th_next:
 251 00e0 FFFFFFFF 		.word	-1
 252 00e4 FFFFFFFF 		.word	-1
 253 00e8 FFFFFFFF 		.word	-1
 254 00ec FFFFFFFF 		.word	-1
 255 00f0 FFFFFFFF 		.word	-1
 256              		.type	EE_th_status, %object
 257              		.size	EE_th_status, 20
 258              	EE_th_status:
 259 00f4 03000000 		.word	3
 260 00f8 03000000 		.word	3
 261 00fc 03000000 		.word	3
 262 0100 03000000 		.word	3
 263 0104 03000000 		.word	3
 264              		.type	EE_EVENT_NAME, %object
 265              		.size	EE_EVENT_NAME, 12
 266              	EE_EVENT_NAME:
 267 0108 10000000 		.word	.LC1
 268 010c 24000000 		.word	.LC2
 269 0110 34000000 		.word	.LC3
 270              		.type	EE_TASK_NAME, %object
 271              		.size	EE_TASK_NAME, 20
 272              	EE_TASK_NAME:
 273 0114 3C000000 		.word	.LC4
 274 0118 48000000 		.word	.LC5
 275 011c 58000000 		.word	.LC6
 276 0120 60000000 		.word	.LC7
 277 0124 6C000000 		.word	.LC8
 278              		.type	EE_cortex_mx_IRQ_tos, %object
 279              		.size	EE_cortex_mx_IRQ_tos, 4
 280              	EE_cortex_mx_IRQ_tos:
 281 0128 00020000 		.word	EE_cortex_mx_stack_9+512
 282              		.type	EE_cortex_mx_system_tos, %object
 283              		.size	EE_cortex_mx_system_tos, 12
ARM GAS  C:\Users\acer\AppData\Local\Temp\cc6SeIRT.s 			page 6


 284              	EE_cortex_mx_system_tos:
 285 012c 00000000 		.word	0
 286 0130 C0030000 		.word	EE_cortex_mx_stack_2+960
 287 0134 A8070000 		.word	EE_cortex_mx_stack_5+1960
 288              		.section	.rodata.str1.4,"aMS",%progbits,1
 289              		.align	2
 290              	.LC0:
 291 0000 616C726D 		.ascii	"alrm_callback\000"
 291      5F63616C 
 291      6C626163 
 291      6B00
 292 000e 0000     		.space	2
 293              	.LC1:
 294 0010 65765F6A 		.ascii	"ev_joystick_onData\000"
 294      6F797374 
 294      69636B5F 
 294      6F6E4461 
 294      746100
 295 0023 00       		.space	1
 296              	.LC2:
 297 0024 65765F73 		.ascii	"ev_speed_onData\000"
 297      70656564 
 297      5F6F6E44 
 297      61746100 
 298              	.LC3:
 299 0034 65765F31 		.ascii	"ev_1ms\000"
 299      6D7300
 300 003b 00       		.space	1
 301              	.LC4:
 302 003c 74736B5F 		.ascii	"tsk_init\000"
 302      696E6974 
 302      00
 303 0045 000000   		.space	3
 304              	.LC5:
 305 0048 74736B5F 		.ascii	"tsk_background\000"
 305      6261636B 
 305      67726F75 
 305      6E6400
 306 0057 00       		.space	1
 307              	.LC6:
 308 0058 74736B5F 		.ascii	"tsk_io\000"
 308      696F00
 309 005f 00       		.space	1
 310              	.LC7:
 311 0060 74736B5F 		.ascii	"tsk_system\000"
 311      73797374 
 311      656D00
 312 006b 00       		.space	1
 313              	.LC8:
 314 006c 74736B5F 		.ascii	"tsk_control\000"
 314      636F6E74 
 314      726F6C00 
 315              		.bss
 316              		.align	2
 317              		.type	EE_th_waswaiting, %object
 318              		.size	EE_th_waswaiting, 20
 319              	EE_th_waswaiting:
ARM GAS  C:\Users\acer\AppData\Local\Temp\cc6SeIRT.s 			page 7


 320 0000 00000000 		.space	20
 320      00000000 
 320      00000000 
 320      00000000 
 320      00000000 
 321              		.type	EE_th_event_waitmask, %object
 322              		.size	EE_th_event_waitmask, 20
 323              	EE_th_event_waitmask:
 324 0014 00000000 		.space	20
 324      00000000 
 324      00000000 
 324      00000000 
 324      00000000 
 325              		.type	EE_th_event_active, %object
 326              		.size	EE_th_event_active, 20
 327              	EE_th_event_active:
 328 0028 00000000 		.space	20
 328      00000000 
 328      00000000 
 328      00000000 
 328      00000000 
 329              		.type	EE_rq_free, %object
 330              		.size	EE_rq_free, 4
 331              	EE_rq_free:
 332 003c 00000000 		.space	4
 333              		.type	EE_rq_bitmask, %object
 334              		.size	EE_rq_bitmask, 2
 335              	EE_rq_bitmask:
 336 0040 0000     		.space	2
 337 0042 0000     		.space	2
 338              		.type	EE_sys_ceiling, %object
 339              		.size	EE_sys_ceiling, 4
 340              	EE_sys_ceiling:
 341 0044 00000000 		.space	4
 342              		.type	EE_cortex_mx_active_tos, %object
 343              		.size	EE_cortex_mx_active_tos, 4
 344              	EE_cortex_mx_active_tos:
 345 0048 00000000 		.space	4
 346              		.text
 347              	.Letext0:
 348              		.file 1 "Generated_Source\\PSoC5\\ErikaOS_1_common_ee_types.inc"
 349              		.file 2 "Generated_Source\\PSoC5\\ErikaOS_1_cortex_mx_ee_cpu.inc"
 350              		.file 3 "Generated_Source\\PSoC5\\ErikaOS_1_ee_oo_common.inc"
 351              		.file 4 "Generated_Source\\PSoC5\\ErikaOS_1_common_ee_hal_structs.inc"
 352              		.file 5 "Generated_Source\\PSoC5\\ErikaOS_1_eecfg.c"
 353              		.file 6 "Generated_Source\\PSoC5\\ErikaOS_1_ee_oo_intfunc.inc"
 354              		.file 7 "Generated_Source\\PSoC5\\ErikaOS_1_cortex_mx_ee_context.inc"
 355              		.file 8 "Generated_Source\\PSoC5\\ErikaOS_1_common_ee_primitives.inc"
 356              		.section	.debug_info,"",%progbits
 357              	.Ldebug_info0:
 358 0000 D4080000 		.4byte	0x8d4
 359 0004 0400     		.2byte	0x4
 360 0006 00000000 		.4byte	.Ldebug_abbrev0
 361 000a 04       		.byte	0x4
 362 000b 01       		.uleb128 0x1
 363 000c EA040000 		.4byte	.LASF113
 364 0010 0C       		.byte	0xc
ARM GAS  C:\Users\acer\AppData\Local\Temp\cc6SeIRT.s 			page 8


 365 0011 4F070000 		.4byte	.LASF114
 366 0015 7F060000 		.4byte	.LASF115
 367 0019 00000000 		.4byte	.Ldebug_line0
 368 001d 02       		.uleb128 0x2
 369 001e 01       		.byte	0x1
 370 001f 06       		.byte	0x6
 371 0020 0F010000 		.4byte	.LASF0
 372 0024 02       		.uleb128 0x2
 373 0025 01       		.byte	0x1
 374 0026 08       		.byte	0x8
 375 0027 62040000 		.4byte	.LASF1
 376 002b 02       		.uleb128 0x2
 377 002c 02       		.byte	0x2
 378 002d 05       		.byte	0x5
 379 002e A7040000 		.4byte	.LASF2
 380 0032 02       		.uleb128 0x2
 381 0033 02       		.byte	0x2
 382 0034 07       		.byte	0x7
 383 0035 73020000 		.4byte	.LASF3
 384 0039 02       		.uleb128 0x2
 385 003a 04       		.byte	0x4
 386 003b 05       		.byte	0x5
 387 003c 96010000 		.4byte	.LASF4
 388 0040 02       		.uleb128 0x2
 389 0041 04       		.byte	0x4
 390 0042 07       		.byte	0x7
 391 0043 31020000 		.4byte	.LASF5
 392 0047 02       		.uleb128 0x2
 393 0048 08       		.byte	0x8
 394 0049 05       		.byte	0x5
 395 004a 01010000 		.4byte	.LASF6
 396 004e 02       		.uleb128 0x2
 397 004f 08       		.byte	0x8
 398 0050 07       		.byte	0x7
 399 0051 5E000000 		.4byte	.LASF7
 400 0055 03       		.uleb128 0x3
 401 0056 04       		.byte	0x4
 402 0057 05       		.byte	0x5
 403 0058 696E7400 		.ascii	"int\000"
 404 005c 02       		.uleb128 0x2
 405 005d 04       		.byte	0x4
 406 005e 07       		.byte	0x7
 407 005f F9010000 		.4byte	.LASF8
 408 0063 02       		.uleb128 0x2
 409 0064 08       		.byte	0x8
 410 0065 04       		.byte	0x4
 411 0066 B0030000 		.4byte	.LASF9
 412 006a 04       		.uleb128 0x4
 413 006b 2F040000 		.4byte	.LASF10
 414 006f 01       		.byte	0x1
 415 0070 52       		.byte	0x52
 416 0071 32000000 		.4byte	0x32
 417 0075 04       		.uleb128 0x4
 418 0076 34070000 		.4byte	.LASF11
 419 007a 01       		.byte	0x1
 420 007b 53       		.byte	0x53
 421 007c 55000000 		.4byte	0x55
ARM GAS  C:\Users\acer\AppData\Local\Temp\cc6SeIRT.s 			page 9


 422 0080 04       		.uleb128 0x4
 423 0081 2A070000 		.4byte	.LASF12
 424 0085 01       		.byte	0x1
 425 0086 54       		.byte	0x54
 426 0087 5C000000 		.4byte	0x5c
 427 008b 04       		.uleb128 0x4
 428 008c A8070000 		.4byte	.LASF13
 429 0090 01       		.byte	0x1
 430 0091 64       		.byte	0x64
 431 0092 96000000 		.4byte	0x96
 432 0096 05       		.uleb128 0x5
 433 0097 04       		.byte	0x4
 434 0098 06       		.uleb128 0x6
 435 0099 04       		.byte	0x4
 436 009a 9E000000 		.4byte	0x9e
 437 009e 07       		.uleb128 0x7
 438 009f 04       		.uleb128 0x4
 439 00a0 33030000 		.4byte	.LASF14
 440 00a4 01       		.byte	0x1
 441 00a5 70       		.byte	0x70
 442 00a6 98000000 		.4byte	0x98
 443 00aa 04       		.uleb128 0x4
 444 00ab 84050000 		.4byte	.LASF15
 445 00af 01       		.byte	0x1
 446 00b0 73       		.byte	0x73
 447 00b1 98000000 		.4byte	0x98
 448 00b5 04       		.uleb128 0x4
 449 00b6 06020000 		.4byte	.LASF16
 450 00ba 02       		.byte	0x2
 451 00bb 4D       		.byte	0x4d
 452 00bc 80000000 		.4byte	0x80
 453 00c0 04       		.uleb128 0x4
 454 00c1 D2030000 		.4byte	.LASF17
 455 00c5 02       		.byte	0x2
 456 00c6 4E       		.byte	0x4e
 457 00c7 75000000 		.4byte	0x75
 458 00cb 04       		.uleb128 0x4
 459 00cc C2070000 		.4byte	.LASF18
 460 00d0 02       		.byte	0x2
 461 00d1 4F       		.byte	0x4f
 462 00d2 80000000 		.4byte	0x80
 463 00d6 04       		.uleb128 0x4
 464 00d7 3D000000 		.4byte	.LASF19
 465 00db 02       		.byte	0x2
 466 00dc 54       		.byte	0x54
 467 00dd B5000000 		.4byte	0xb5
 468 00e1 04       		.uleb128 0x4
 469 00e2 EC010000 		.4byte	.LASF20
 470 00e6 02       		.byte	0x2
 471 00e7 78       		.byte	0x78
 472 00e8 75000000 		.4byte	0x75
 473 00ec 08       		.uleb128 0x8
 474 00ed B3000000 		.4byte	.LASF61
 475 00f1 04       		.byte	0x4
 476 00f2 04       		.byte	0x4
 477 00f3 4D       		.byte	0x4d
 478 00f4 05010000 		.4byte	0x105
ARM GAS  C:\Users\acer\AppData\Local\Temp\cc6SeIRT.s 			page 10


 479 00f8 09       		.uleb128 0x9
 480 00f9 94070000 		.4byte	.LASF28
 481 00fd 04       		.byte	0x4
 482 00fe 4E       		.byte	0x4e
 483 00ff 8B000000 		.4byte	0x8b
 484 0103 00       		.byte	0
 485 0104 00       		.byte	0
 486 0105 0A       		.uleb128 0xa
 487 0106 97030000 		.4byte	.LASF21
 488 010a 03       		.byte	0x3
 489 010b 1101     		.2byte	0x111
 490 010d 6A000000 		.4byte	0x6a
 491 0111 0A       		.uleb128 0xa
 492 0112 AA000000 		.4byte	.LASF22
 493 0116 03       		.byte	0x3
 494 0117 F701     		.2byte	0x1f7
 495 0119 E1000000 		.4byte	0xe1
 496 011d 0A       		.uleb128 0xa
 497 011e 32010000 		.4byte	.LASF23
 498 0122 03       		.byte	0x3
 499 0123 2C02     		.2byte	0x22c
 500 0125 B5000000 		.4byte	0xb5
 501 0129 0A       		.uleb128 0xa
 502 012a 1D000000 		.4byte	.LASF24
 503 012e 03       		.byte	0x3
 504 012f 3502     		.2byte	0x235
 505 0131 B5000000 		.4byte	0xb5
 506 0135 0A       		.uleb128 0xa
 507 0136 DD050000 		.4byte	.LASF25
 508 013a 03       		.byte	0x3
 509 013b 5D02     		.2byte	0x25d
 510 013d B5000000 		.4byte	0xb5
 511 0141 0A       		.uleb128 0xa
 512 0142 32000000 		.4byte	.LASF26
 513 0146 03       		.byte	0x3
 514 0147 6302     		.2byte	0x263
 515 0149 B5000000 		.4byte	0xb5
 516 014d 0A       		.uleb128 0xa
 517 014e 44030000 		.4byte	.LASF27
 518 0152 03       		.byte	0x3
 519 0153 6C02     		.2byte	0x26c
 520 0155 B5000000 		.4byte	0xb5
 521 0159 0B       		.uleb128 0xb
 522 015a 0C       		.byte	0xc
 523 015b 03       		.byte	0x3
 524 015c 7202     		.2byte	0x272
 525 015e 8A010000 		.4byte	0x18a
 526 0162 0C       		.uleb128 0xc
 527 0163 BA000000 		.4byte	.LASF29
 528 0167 03       		.byte	0x3
 529 0168 7302     		.2byte	0x273
 530 016a 29010000 		.4byte	0x129
 531 016e 00       		.byte	0
 532 016f 0C       		.uleb128 0xc
 533 0170 DA030000 		.4byte	.LASF30
 534 0174 03       		.byte	0x3
 535 0175 7402     		.2byte	0x274
ARM GAS  C:\Users\acer\AppData\Local\Temp\cc6SeIRT.s 			page 11


 536 0177 29010000 		.4byte	0x129
 537 017b 04       		.byte	0x4
 538 017c 0C       		.uleb128 0xc
 539 017d E3010000 		.4byte	.LASF31
 540 0181 03       		.byte	0x3
 541 0182 7502     		.2byte	0x275
 542 0184 29010000 		.4byte	0x129
 543 0188 08       		.byte	0x8
 544 0189 00       		.byte	0
 545 018a 0A       		.uleb128 0xa
 546 018b D3040000 		.4byte	.LASF32
 547 018f 03       		.byte	0x3
 548 0190 7A02     		.2byte	0x27a
 549 0192 59010000 		.4byte	0x159
 550 0196 0B       		.uleb128 0xb
 551 0197 08       		.byte	0x8
 552 0198 03       		.byte	0x3
 553 0199 7D02     		.2byte	0x27d
 554 019b BA010000 		.4byte	0x1ba
 555 019f 0C       		.uleb128 0xc
 556 01a0 F3010000 		.4byte	.LASF33
 557 01a4 03       		.byte	0x3
 558 01a5 7E02     		.2byte	0x27e
 559 01a7 29010000 		.4byte	0x129
 560 01ab 00       		.byte	0
 561 01ac 0C       		.uleb128 0xc
 562 01ad D7050000 		.4byte	.LASF34
 563 01b1 03       		.byte	0x3
 564 01b2 7F02     		.2byte	0x27f
 565 01b4 35010000 		.4byte	0x135
 566 01b8 04       		.byte	0x4
 567 01b9 00       		.byte	0
 568 01ba 0A       		.uleb128 0xa
 569 01bb 73010000 		.4byte	.LASF35
 570 01bf 03       		.byte	0x3
 571 01c0 8002     		.2byte	0x280
 572 01c2 96010000 		.4byte	0x196
 573 01c6 0D       		.uleb128 0xd
 574 01c7 01       		.byte	0x1
 575 01c8 24000000 		.4byte	0x24
 576 01cc 03       		.byte	0x3
 577 01cd 8A02     		.2byte	0x28a
 578 01cf E0010000 		.4byte	0x1e0
 579 01d3 0E       		.uleb128 0xe
 580 01d4 70040000 		.4byte	.LASF36
 581 01d8 00       		.byte	0
 582 01d9 0E       		.uleb128 0xe
 583 01da 39040000 		.4byte	.LASF37
 584 01de 01       		.byte	0x1
 585 01df 00       		.byte	0
 586 01e0 0A       		.uleb128 0xa
 587 01e1 9E020000 		.4byte	.LASF38
 588 01e5 03       		.byte	0x3
 589 01e6 8D02     		.2byte	0x28d
 590 01e8 C6010000 		.4byte	0x1c6
 591 01ec 0A       		.uleb128 0xa
 592 01ed CA020000 		.4byte	.LASF39
ARM GAS  C:\Users\acer\AppData\Local\Temp\cc6SeIRT.s 			page 12


 593 01f1 03       		.byte	0x3
 594 01f2 9002     		.2byte	0x290
 595 01f4 E0010000 		.4byte	0x1e0
 596 01f8 0B       		.uleb128 0xb
 597 01f9 0C       		.byte	0xc
 598 01fa 03       		.byte	0x3
 599 01fb 9402     		.2byte	0x294
 600 01fd 27020000 		.4byte	0x227
 601 0201 0F       		.uleb128 0xf
 602 0202 6300     		.ascii	"c\000"
 603 0204 03       		.byte	0x3
 604 0205 9602     		.2byte	0x296
 605 0207 4D010000 		.4byte	0x14d
 606 020b 00       		.byte	0
 607 020c 0C       		.uleb128 0xc
 608 020d 34060000 		.4byte	.LASF40
 609 0211 03       		.byte	0x3
 610 0212 9802     		.2byte	0x298
 611 0214 35010000 		.4byte	0x135
 612 0218 04       		.byte	0x4
 613 0219 0C       		.uleb128 0xc
 614 021a 6E020000 		.4byte	.LASF41
 615 021e 03       		.byte	0x3
 616 021f 9A02     		.2byte	0x29a
 617 0221 EC010000 		.4byte	0x1ec
 618 0225 08       		.byte	0x8
 619 0226 00       		.byte	0
 620 0227 0A       		.uleb128 0xa
 621 0228 7B000000 		.4byte	.LASF42
 622 022c 03       		.byte	0x3
 623 022d 9B02     		.2byte	0x29b
 624 022f F8010000 		.4byte	0x1f8
 625 0233 0B       		.uleb128 0xb
 626 0234 10       		.byte	0x10
 627 0235 03       		.byte	0x3
 628 0236 9F02     		.2byte	0x29f
 629 0238 71020000 		.4byte	0x271
 630 023c 0C       		.uleb128 0xc
 631 023d E7030000 		.4byte	.LASF43
 632 0241 03       		.byte	0x3
 633 0242 A002     		.2byte	0x2a0
 634 0244 D6000000 		.4byte	0xd6
 635 0248 00       		.byte	0
 636 0249 0C       		.uleb128 0xc
 637 024a 8B070000 		.4byte	.LASF44
 638 024e 03       		.byte	0x3
 639 024f A102     		.2byte	0x2a1
 640 0251 29010000 		.4byte	0x129
 641 0255 04       		.byte	0x4
 642 0256 0C       		.uleb128 0xc
 643 0257 75000000 		.4byte	.LASF45
 644 025b 03       		.byte	0x3
 645 025c A202     		.2byte	0x2a2
 646 025e 29010000 		.4byte	0x129
 647 0262 08       		.byte	0x8
 648 0263 0C       		.uleb128 0xc
 649 0264 00000000 		.4byte	.LASF46
ARM GAS  C:\Users\acer\AppData\Local\Temp\cc6SeIRT.s 			page 13


 650 0268 03       		.byte	0x3
 651 0269 A302     		.2byte	0x2a3
 652 026b 35010000 		.4byte	0x135
 653 026f 0C       		.byte	0xc
 654 0270 00       		.byte	0
 655 0271 0A       		.uleb128 0xa
 656 0272 EC030000 		.4byte	.LASF47
 657 0276 03       		.byte	0x3
 658 0277 A402     		.2byte	0x2a4
 659 0279 33020000 		.4byte	0x233
 660 027d 0D       		.uleb128 0xd
 661 027e 01       		.byte	0x1
 662 027f 24000000 		.4byte	0x24
 663 0283 03       		.byte	0x3
 664 0284 A702     		.2byte	0x2a7
 665 0286 A3020000 		.4byte	0x2a3
 666 028a 0E       		.uleb128 0xe
 667 028b F4050000 		.4byte	.LASF48
 668 028f 00       		.byte	0
 669 0290 0E       		.uleb128 0xe
 670 0291 3C060000 		.4byte	.LASF49
 671 0295 01       		.byte	0x1
 672 0296 0E       		.uleb128 0xe
 673 0297 13060000 		.4byte	.LASF50
 674 029b 02       		.byte	0x2
 675 029c 0E       		.uleb128 0xe
 676 029d B6050000 		.4byte	.LASF51
 677 02a1 03       		.byte	0x3
 678 02a2 00       		.byte	0
 679 02a3 0A       		.uleb128 0xa
 680 02a4 1B010000 		.4byte	.LASF52
 681 02a8 03       		.byte	0x3
 682 02a9 AC02     		.2byte	0x2ac
 683 02ab 7D020000 		.4byte	0x27d
 684 02af 0A       		.uleb128 0xa
 685 02b0 D9060000 		.4byte	.LASF53
 686 02b4 03       		.byte	0x3
 687 02b5 AF02     		.2byte	0x2af
 688 02b7 A3020000 		.4byte	0x2a3
 689 02bb 0B       		.uleb128 0xb
 690 02bc 14       		.byte	0x14
 691 02bd 03       		.byte	0x3
 692 02be B202     		.2byte	0x2b2
 693 02c0 04030000 		.4byte	0x304
 694 02c4 0C       		.uleb128 0xc
 695 02c5 6E060000 		.4byte	.LASF54
 696 02c9 03       		.byte	0x3
 697 02ca B302     		.2byte	0x2b3
 698 02cc AF020000 		.4byte	0x2af
 699 02d0 00       		.byte	0
 700 02d1 0C       		.uleb128 0xc
 701 02d2 9C070000 		.4byte	.LASF55
 702 02d6 03       		.byte	0x3
 703 02d7 B402     		.2byte	0x2b4
 704 02d9 11010000 		.4byte	0x111
 705 02dd 04       		.byte	0x4
 706 02de 0C       		.uleb128 0xc
ARM GAS  C:\Users\acer\AppData\Local\Temp\cc6SeIRT.s 			page 14


 707 02df 78050000 		.4byte	.LASF56
 708 02e3 03       		.byte	0x3
 709 02e4 B602     		.2byte	0x2b6
 710 02e6 1D010000 		.4byte	0x11d
 711 02ea 08       		.byte	0x8
 712 02eb 0F       		.uleb128 0xf
 713 02ec 6600     		.ascii	"f\000"
 714 02ee 03       		.byte	0x3
 715 02ef B802     		.2byte	0x2b8
 716 02f1 9F000000 		.4byte	0x9f
 717 02f5 0C       		.byte	0xc
 718 02f6 0C       		.uleb128 0xc
 719 02f7 9E040000 		.4byte	.LASF57
 720 02fb 03       		.byte	0x3
 721 02fc BA02     		.2byte	0x2ba
 722 02fe 4D010000 		.4byte	0x14d
 723 0302 10       		.byte	0x10
 724 0303 00       		.byte	0
 725 0304 0A       		.uleb128 0xa
 726 0305 19040000 		.4byte	.LASF58
 727 0309 03       		.byte	0x3
 728 030a BB02     		.2byte	0x2bb
 729 030c BB020000 		.4byte	0x2bb
 730 0310 0B       		.uleb128 0xb
 731 0311 04       		.byte	0x4
 732 0312 03       		.byte	0x3
 733 0313 BD02     		.2byte	0x2bd
 734 0315 27030000 		.4byte	0x327
 735 0319 0C       		.uleb128 0xc
 736 031a 69030000 		.4byte	.LASF59
 737 031e 03       		.byte	0x3
 738 031f BF02     		.2byte	0x2bf
 739 0321 41010000 		.4byte	0x141
 740 0325 00       		.byte	0
 741 0326 00       		.byte	0
 742 0327 0A       		.uleb128 0xa
 743 0328 0E020000 		.4byte	.LASF60
 744 032c 03       		.byte	0x3
 745 032d C402     		.2byte	0x2c4
 746 032f 10030000 		.4byte	0x310
 747 0333 10       		.uleb128 0x10
 748 0334 54020000 		.4byte	.LASF62
 749 0338 08       		.byte	0x8
 750 0339 03       		.byte	0x3
 751 033a 0E04     		.2byte	0x40e
 752 033c 5A030000 		.4byte	0x35a
 753 0340 0F       		.uleb128 0xf
 754 0341 6E7400   		.ascii	"nt\000"
 755 0344 03       		.byte	0x3
 756 0345 0F04     		.2byte	0x40f
 757 0347 B5000000 		.4byte	0xb5
 758 034b 00       		.byte	0
 759 034c 0C       		.uleb128 0xc
 760 034d 7A060000 		.4byte	.LASF63
 761 0351 03       		.byte	0x3
 762 0352 1004     		.2byte	0x410
 763 0354 6A030000 		.4byte	0x36a
ARM GAS  C:\Users\acer\AppData\Local\Temp\cc6SeIRT.s 			page 15


 764 0358 04       		.byte	0x4
 765 0359 00       		.byte	0
 766 035a 11       		.uleb128 0x11
 767 035b 65030000 		.4byte	0x365
 768 035f 65030000 		.4byte	0x365
 769 0363 12       		.uleb128 0x12
 770 0364 00       		.byte	0
 771 0365 13       		.uleb128 0x13
 772 0366 E1000000 		.4byte	0xe1
 773 036a 06       		.uleb128 0x6
 774 036b 04       		.byte	0x4
 775 036c 5A030000 		.4byte	0x35a
 776 0370 11       		.uleb128 0x11
 777 0371 65030000 		.4byte	0x365
 778 0375 80030000 		.4byte	0x380
 779 0379 14       		.uleb128 0x14
 780 037a 80030000 		.4byte	0x380
 781 037e 00       		.byte	0
 782 037f 00       		.byte	0
 783 0380 02       		.uleb128 0x2
 784 0381 04       		.byte	0x4
 785 0382 07       		.byte	0x7
 786 0383 A7030000 		.4byte	.LASF64
 787 0387 15       		.uleb128 0x15
 788 0388 CA000000 		.4byte	.LASF116
 789 038c 05       		.byte	0x5
 790 038d 6507     		.2byte	0x765
 791 038f 99030000 		.4byte	0x399
 792 0393 05       		.uleb128 0x5
 793 0394 03       		.byte	0x3
 794 0395 08000000 		.4byte	EE_oo_autostart_task_mode_OSDEFAULTAPPMODE
 795 0399 13       		.uleb128 0x13
 796 039a 70030000 		.4byte	0x370
 797 039e 11       		.uleb128 0x11
 798 039f AE030000 		.4byte	0x3ae
 799 03a3 AE030000 		.4byte	0x3ae
 800 03a7 14       		.uleb128 0x14
 801 03a8 80030000 		.4byte	0x380
 802 03ac 04       		.byte	0x4
 803 03ad 00       		.byte	0
 804 03ae 13       		.uleb128 0x13
 805 03af AA000000 		.4byte	0xaa
 806 03b3 16       		.uleb128 0x16
 807 03b4 4C060000 		.4byte	.LASF65
 808 03b8 05       		.byte	0x5
 809 03b9 D2       		.byte	0xd2
 810 03ba C4030000 		.4byte	0x3c4
 811 03be 05       		.uleb128 0x5
 812 03bf 03       		.byte	0x3
 813 03c0 00000000 		.4byte	EE_hal_thread_body
 814 03c4 13       		.uleb128 0x13
 815 03c5 9E030000 		.4byte	0x39e
 816 03c9 11       		.uleb128 0x11
 817 03ca D9030000 		.4byte	0x3d9
 818 03ce D9030000 		.4byte	0x3d9
 819 03d2 14       		.uleb128 0x14
 820 03d3 80030000 		.4byte	0x380
ARM GAS  C:\Users\acer\AppData\Local\Temp\cc6SeIRT.s 			page 16


 821 03d7 05       		.byte	0x5
 822 03d8 00       		.byte	0
 823 03d9 13       		.uleb128 0x13
 824 03da B5000000 		.4byte	0xb5
 825 03de 16       		.uleb128 0x16
 826 03df A4050000 		.4byte	.LASF66
 827 03e3 05       		.byte	0x5
 828 03e4 71       		.byte	0x71
 829 03e5 EF030000 		.4byte	0x3ef
 830 03e9 05       		.uleb128 0x5
 831 03ea 03       		.byte	0x3
 832 03eb 00000000 		.4byte	EE_std_thread_tos
 833 03ef 13       		.uleb128 0x13
 834 03f0 C9030000 		.4byte	0x3c9
 835 03f4 11       		.uleb128 0x11
 836 03f5 80000000 		.4byte	0x80
 837 03f9 04040000 		.4byte	0x404
 838 03fd 14       		.uleb128 0x14
 839 03fe 80030000 		.4byte	0x380
 840 0402 04       		.byte	0x4
 841 0403 00       		.byte	0
 842 0404 16       		.uleb128 0x16
 843 0405 3D070000 		.4byte	.LASF67
 844 0409 05       		.byte	0x5
 845 040a ED       		.byte	0xed
 846 040b F4030000 		.4byte	0x3f4
 847 040f 05       		.uleb128 0x5
 848 0410 03       		.byte	0x3
 849 0411 00000000 		.4byte	EE_terminate_data
 850 0415 16       		.uleb128 0x16
 851 0416 84040000 		.4byte	.LASF68
 852 041a 05       		.byte	0x5
 853 041b F0       		.byte	0xf0
 854 041c 26040000 		.4byte	0x426
 855 0420 05       		.uleb128 0x5
 856 0421 03       		.byte	0x3
 857 0422 00000000 		.4byte	EE_terminate_real_th_body
 858 0426 13       		.uleb128 0x13
 859 0427 9E030000 		.4byte	0x39e
 860 042b 11       		.uleb128 0x11
 861 042c EC000000 		.4byte	0xec
 862 0430 3B040000 		.4byte	0x43b
 863 0434 14       		.uleb128 0x14
 864 0435 80030000 		.4byte	0x380
 865 0439 02       		.byte	0x2
 866 043a 00       		.byte	0
 867 043b 16       		.uleb128 0x16
 868 043c 4A040000 		.4byte	.LASF69
 869 0440 05       		.byte	0x5
 870 0441 8D       		.byte	0x8d
 871 0442 2B040000 		.4byte	0x42b
 872 0446 05       		.uleb128 0x5
 873 0447 03       		.byte	0x3
 874 0448 00000000 		.4byte	EE_cortex_mx_system_tos
 875 044c 16       		.uleb128 0x16
 876 044d 5B010000 		.4byte	.LASF70
 877 0451 05       		.byte	0x5
ARM GAS  C:\Users\acer\AppData\Local\Temp\cc6SeIRT.s 			page 17


 878 0452 A9       		.byte	0xa9
 879 0453 B5000000 		.4byte	0xb5
 880 0457 05       		.uleb128 0x5
 881 0458 03       		.byte	0x3
 882 0459 00000000 		.4byte	EE_cortex_mx_active_tos
 883 045d 11       		.uleb128 0x11
 884 045e D9030000 		.4byte	0x3d9
 885 0462 6D040000 		.4byte	0x46d
 886 0466 14       		.uleb128 0x14
 887 0467 80030000 		.4byte	0x380
 888 046b 04       		.byte	0x4
 889 046c 00       		.byte	0
 890 046d 17       		.uleb128 0x17
 891 046e 03060000 		.4byte	.LASF71
 892 0472 05       		.byte	0x5
 893 0473 E202     		.2byte	0x2e2
 894 0475 7F040000 		.4byte	0x47f
 895 0479 05       		.uleb128 0x5
 896 047a 03       		.byte	0x3
 897 047b 00000000 		.4byte	EE_th_rnact_max
 898 047f 13       		.uleb128 0x13
 899 0480 5D040000 		.4byte	0x45d
 900 0484 17       		.uleb128 0x17
 901 0485 E8060000 		.4byte	.LASF72
 902 0489 05       		.byte	0x5
 903 048a 0C01     		.2byte	0x10c
 904 048c 96040000 		.4byte	0x496
 905 0490 05       		.uleb128 0x5
 906 0491 03       		.byte	0x3
 907 0492 00000000 		.4byte	EE_th_ready_prio
 908 0496 13       		.uleb128 0x13
 909 0497 5D040000 		.4byte	0x45d
 910 049b 17       		.uleb128 0x17
 911 049c F5020000 		.4byte	.LASF73
 912 04a0 05       		.byte	0x5
 913 04a1 4502     		.2byte	0x245
 914 04a3 AD040000 		.4byte	0x4ad
 915 04a7 05       		.uleb128 0x5
 916 04a8 03       		.byte	0x3
 917 04a9 00000000 		.4byte	EE_th_dispatch_prio
 918 04ad 13       		.uleb128 0x13
 919 04ae 5D040000 		.4byte	0x45d
 920 04b2 11       		.uleb128 0x11
 921 04b3 C2040000 		.4byte	0x4c2
 922 04b7 C2040000 		.4byte	0x4c2
 923 04bb 14       		.uleb128 0x14
 924 04bc 80030000 		.4byte	0x380
 925 04c0 04       		.byte	0x4
 926 04c1 00       		.byte	0
 927 04c2 06       		.uleb128 0x6
 928 04c3 04       		.byte	0x4
 929 04c4 CF040000 		.4byte	0x4cf
 930 04c8 02       		.uleb128 0x2
 931 04c9 01       		.byte	0x1
 932 04ca 08       		.byte	0x8
 933 04cb EF050000 		.4byte	.LASF74
 934 04cf 13       		.uleb128 0x13
ARM GAS  C:\Users\acer\AppData\Local\Temp\cc6SeIRT.s 			page 18


 935 04d0 C8040000 		.4byte	0x4c8
 936 04d4 17       		.uleb128 0x17
 937 04d5 C6040000 		.4byte	.LASF75
 938 04d9 05       		.byte	0x5
 939 04da 2801     		.2byte	0x128
 940 04dc B2040000 		.4byte	0x4b2
 941 04e0 05       		.uleb128 0x5
 942 04e1 03       		.byte	0x3
 943 04e2 00000000 		.4byte	EE_TASK_NAME
 944 04e6 11       		.uleb128 0x11
 945 04e7 C2040000 		.4byte	0x4c2
 946 04eb F6040000 		.4byte	0x4f6
 947 04ef 14       		.uleb128 0x14
 948 04f0 80030000 		.4byte	0x380
 949 04f4 02       		.byte	0x2
 950 04f5 00       		.byte	0
 951 04f6 17       		.uleb128 0x17
 952 04f7 40010000 		.4byte	.LASF76
 953 04fb 05       		.byte	0x5
 954 04fc 8101     		.2byte	0x181
 955 04fe E6040000 		.4byte	0x4e6
 956 0502 05       		.uleb128 0x5
 957 0503 03       		.byte	0x3
 958 0504 00000000 		.4byte	EE_EVENT_NAME
 959 0508 11       		.uleb128 0x11
 960 0509 C2040000 		.4byte	0x4c2
 961 050d 18050000 		.4byte	0x518
 962 0511 14       		.uleb128 0x14
 963 0512 80030000 		.4byte	0x380
 964 0516 00       		.byte	0
 965 0517 00       		.byte	0
 966 0518 17       		.uleb128 0x17
 967 0519 23020000 		.4byte	.LASF77
 968 051d 05       		.byte	0x5
 969 051e 3D06     		.2byte	0x63d
 970 0520 08050000 		.4byte	0x508
 971 0524 05       		.uleb128 0x5
 972 0525 03       		.byte	0x3
 973 0526 00000000 		.4byte	EE_ALARM_NAME
 974 052a 11       		.uleb128 0x11
 975 052b 3A050000 		.4byte	0x53a
 976 052f 3A050000 		.4byte	0x53a
 977 0533 14       		.uleb128 0x14
 978 0534 80030000 		.4byte	0x380
 979 0538 02       		.byte	0x2
 980 0539 00       		.byte	0
 981 053a 13       		.uleb128 0x13
 982 053b 40000000 		.4byte	0x40
 983 053f 17       		.uleb128 0x17
 984 0540 8A010000 		.4byte	.LASF78
 985 0544 05       		.byte	0x5
 986 0545 E201     		.2byte	0x1e2
 987 0547 51050000 		.4byte	0x551
 988 054b 05       		.uleb128 0x5
 989 054c 03       		.byte	0x3
 990 054d 00000000 		.4byte	EE_EVENT_ID
 991 0551 13       		.uleb128 0x13
ARM GAS  C:\Users\acer\AppData\Local\Temp\cc6SeIRT.s 			page 19


 992 0552 2A050000 		.4byte	0x52a
 993 0556 11       		.uleb128 0x11
 994 0557 3A050000 		.4byte	0x53a
 995 055b 66050000 		.4byte	0x566
 996 055f 14       		.uleb128 0x14
 997 0560 80030000 		.4byte	0x380
 998 0564 00       		.byte	0
 999 0565 00       		.byte	0
 1000 0566 17       		.uleb128 0x17
 1001 0567 F5000000 		.4byte	.LASF79
 1002 056b 05       		.byte	0x5
 1003 056c 5906     		.2byte	0x659
 1004 056e 78050000 		.4byte	0x578
 1005 0572 05       		.uleb128 0x5
 1006 0573 03       		.byte	0x3
 1007 0574 00000000 		.4byte	EE_ALARM_ID
 1008 0578 13       		.uleb128 0x13
 1009 0579 56050000 		.4byte	0x556
 1010 057d 11       		.uleb128 0x11
 1011 057e B5000000 		.4byte	0xb5
 1012 0582 8D050000 		.4byte	0x58d
 1013 0586 14       		.uleb128 0x14
 1014 0587 80030000 		.4byte	0x380
 1015 058b 04       		.byte	0x4
 1016 058c 00       		.byte	0
 1017 058d 17       		.uleb128 0x17
 1018 058e BD020000 		.4byte	.LASF80
 1019 0592 05       		.byte	0x5
 1020 0593 8102     		.2byte	0x281
 1021 0595 7D050000 		.4byte	0x57d
 1022 0599 05       		.uleb128 0x5
 1023 059a 03       		.byte	0x3
 1024 059b 00000000 		.4byte	EE_th_status
 1025 059f 11       		.uleb128 0x11
 1026 05a0 E1000000 		.4byte	0xe1
 1027 05a4 AF050000 		.4byte	0x5af
 1028 05a8 14       		.uleb128 0x14
 1029 05a9 80030000 		.4byte	0x380
 1030 05ad 04       		.byte	0x4
 1031 05ae 00       		.byte	0
 1032 05af 17       		.uleb128 0x17
 1033 05b0 79040000 		.4byte	.LASF81
 1034 05b4 05       		.byte	0x5
 1035 05b5 9D02     		.2byte	0x29d
 1036 05b7 9F050000 		.4byte	0x59f
 1037 05bb 05       		.uleb128 0x5
 1038 05bc 03       		.byte	0x3
 1039 05bd 00000000 		.4byte	EE_th_next
 1040 05c1 17       		.uleb128 0x17
 1041 05c2 F9060000 		.4byte	.LASF82
 1042 05c6 05       		.byte	0x5
 1043 05c7 C702     		.2byte	0x2c7
 1044 05c9 7D050000 		.4byte	0x57d
 1045 05cd 05       		.uleb128 0x5
 1046 05ce 03       		.byte	0x3
 1047 05cf 00000000 		.4byte	EE_th_rnact
 1048 05d3 17       		.uleb128 0x17
ARM GAS  C:\Users\acer\AppData\Local\Temp\cc6SeIRT.s 			page 20


 1049 05d4 05000000 		.4byte	.LASF83
 1050 05d8 05       		.byte	0x5
 1051 05d9 7703     		.2byte	0x377
 1052 05db 9F050000 		.4byte	0x59f
 1053 05df 05       		.uleb128 0x5
 1054 05e0 03       		.byte	0x3
 1055 05e1 00000000 		.4byte	EE_th_terminate_nextask
 1056 05e5 17       		.uleb128 0x17
 1057 05e6 26000000 		.4byte	.LASF84
 1058 05ea 05       		.byte	0x5
 1059 05eb B902     		.2byte	0x2b9
 1060 05ed E1000000 		.4byte	0xe1
 1061 05f1 05       		.uleb128 0x5
 1062 05f2 03       		.byte	0x3
 1063 05f3 00000000 		.4byte	EE_stkfirst
 1064 05f7 17       		.uleb128 0x17
 1065 05f8 5F060000 		.4byte	.LASF85
 1066 05fc 05       		.byte	0x5
 1067 05fd BC02     		.2byte	0x2bc
 1068 05ff B5000000 		.4byte	0xb5
 1069 0603 05       		.uleb128 0x5
 1070 0604 03       		.byte	0x3
 1071 0605 00000000 		.4byte	EE_sys_ceiling
 1072 0609 17       		.uleb128 0x17
 1073 060a C7030000 		.4byte	.LASF86
 1074 060e 05       		.byte	0x5
 1075 060f FD02     		.2byte	0x2fd
 1076 0611 7D050000 		.4byte	0x57d
 1077 0615 05       		.uleb128 0x5
 1078 0616 03       		.byte	0x3
 1079 0617 00000000 		.4byte	EE_rq_link
 1080 061b 11       		.uleb128 0x11
 1081 061c C0000000 		.4byte	0xc0
 1082 0620 2B060000 		.4byte	0x62b
 1083 0624 14       		.uleb128 0x14
 1084 0625 80030000 		.4byte	0x380
 1085 0629 0F       		.byte	0xf
 1086 062a 00       		.byte	0
 1087 062b 17       		.uleb128 0x17
 1088 062c 9F010000 		.4byte	.LASF87
 1089 0630 05       		.byte	0x5
 1090 0631 BF02     		.2byte	0x2bf
 1091 0633 1B060000 		.4byte	0x61b
 1092 0637 05       		.uleb128 0x5
 1093 0638 03       		.byte	0x3
 1094 0639 00000000 		.4byte	EE_rq_queues_head
 1095 063d 17       		.uleb128 0x17
 1096 063e 92050000 		.4byte	.LASF88
 1097 0642 05       		.byte	0x5
 1098 0643 C102     		.2byte	0x2c1
 1099 0645 1B060000 		.4byte	0x61b
 1100 0649 05       		.uleb128 0x5
 1101 064a 03       		.byte	0x3
 1102 064b 00000000 		.4byte	EE_rq_queues_tail
 1103 064f 11       		.uleb128 0x11
 1104 0650 C0000000 		.4byte	0xc0
 1105 0654 5F060000 		.4byte	0x65f
ARM GAS  C:\Users\acer\AppData\Local\Temp\cc6SeIRT.s 			page 21


 1106 0658 14       		.uleb128 0x14
 1107 0659 80030000 		.4byte	0x380
 1108 065d 04       		.byte	0x4
 1109 065e 00       		.byte	0
 1110 065f 17       		.uleb128 0x17
 1111 0660 99000000 		.4byte	.LASF89
 1112 0664 05       		.byte	0x5
 1113 0665 1B03     		.2byte	0x31b
 1114 0667 4F060000 		.4byte	0x64f
 1115 066b 05       		.uleb128 0x5
 1116 066c 03       		.byte	0x3
 1117 066d 00000000 		.4byte	EE_rq_pairs_next
 1118 0671 17       		.uleb128 0x17
 1119 0672 05070000 		.4byte	.LASF90
 1120 0676 05       		.byte	0x5
 1121 0677 7003     		.2byte	0x370
 1122 0679 9F050000 		.4byte	0x59f
 1123 067d 05       		.uleb128 0x5
 1124 067e 03       		.byte	0x3
 1125 067f 00000000 		.4byte	EE_rq_pairs_tid
 1126 0683 17       		.uleb128 0x17
 1127 0684 C9050000 		.4byte	.LASF91
 1128 0688 05       		.byte	0x5
 1129 0689 C402     		.2byte	0x2c4
 1130 068b 05010000 		.4byte	0x105
 1131 068f 05       		.uleb128 0x5
 1132 0690 03       		.byte	0x3
 1133 0691 00000000 		.4byte	EE_rq_bitmask
 1134 0695 17       		.uleb128 0x17
 1135 0696 BC030000 		.4byte	.LASF92
 1136 069a 05       		.byte	0x5
 1137 069b 7303     		.2byte	0x373
 1138 069d C0000000 		.4byte	0xc0
 1139 06a1 05       		.uleb128 0x5
 1140 06a2 03       		.byte	0x3
 1141 06a3 00000000 		.4byte	EE_rq_free
 1142 06a7 17       		.uleb128 0x17
 1143 06a8 78070000 		.4byte	.LASF93
 1144 06ac 05       		.byte	0x5
 1145 06ad 9A03     		.2byte	0x39a
 1146 06af 7D050000 		.4byte	0x57d
 1147 06b3 05       		.uleb128 0x5
 1148 06b4 03       		.byte	0x3
 1149 06b5 00000000 		.4byte	EE_th_event_active
 1150 06b9 17       		.uleb128 0x17
 1151 06ba B1040000 		.4byte	.LASF94
 1152 06be 05       		.byte	0x5
 1153 06bf B603     		.2byte	0x3b6
 1154 06c1 7D050000 		.4byte	0x57d
 1155 06c5 05       		.uleb128 0x5
 1156 06c6 03       		.byte	0x3
 1157 06c7 00000000 		.4byte	EE_th_event_waitmask
 1158 06cb 11       		.uleb128 0x11
 1159 06cc D6000000 		.4byte	0xd6
 1160 06d0 DB060000 		.4byte	0x6db
 1161 06d4 14       		.uleb128 0x14
 1162 06d5 80030000 		.4byte	0x380
ARM GAS  C:\Users\acer\AppData\Local\Temp\cc6SeIRT.s 			page 22


 1163 06d9 04       		.byte	0x4
 1164 06da 00       		.byte	0
 1165 06db 17       		.uleb128 0x17
 1166 06dc 43020000 		.4byte	.LASF95
 1167 06e0 05       		.byte	0x5
 1168 06e1 D203     		.2byte	0x3d2
 1169 06e3 CB060000 		.4byte	0x6cb
 1170 06e7 05       		.uleb128 0x5
 1171 06e8 03       		.byte	0x3
 1172 06e9 00000000 		.4byte	EE_th_waswaiting
 1173 06ed 17       		.uleb128 0x17
 1174 06ee B0070000 		.4byte	.LASF96
 1175 06f2 05       		.byte	0x5
 1176 06f3 EE03     		.2byte	0x3ee
 1177 06f5 FF060000 		.4byte	0x6ff
 1178 06f9 05       		.uleb128 0x5
 1179 06fa 03       		.byte	0x3
 1180 06fb 00000000 		.4byte	EE_th_is_extended
 1181 06ff 13       		.uleb128 0x13
 1182 0700 5D040000 		.4byte	0x45d
 1183 0704 11       		.uleb128 0x11
 1184 0705 14070000 		.4byte	0x714
 1185 0709 14070000 		.4byte	0x714
 1186 070d 14       		.uleb128 0x14
 1187 070e 80030000 		.4byte	0x380
 1188 0712 00       		.byte	0
 1189 0713 00       		.byte	0
 1190 0714 13       		.uleb128 0x13
 1191 0715 8A010000 		.4byte	0x18a
 1192 0719 17       		.uleb128 0x17
 1193 071a 0A040000 		.4byte	.LASF97
 1194 071e 05       		.byte	0x5
 1195 071f FF05     		.2byte	0x5ff
 1196 0721 2B070000 		.4byte	0x72b
 1197 0725 05       		.uleb128 0x5
 1198 0726 03       		.byte	0x3
 1199 0727 00000000 		.4byte	EE_counter_ROM
 1200 072b 13       		.uleb128 0x13
 1201 072c 04070000 		.4byte	0x704
 1202 0730 11       		.uleb128 0x11
 1203 0731 40070000 		.4byte	0x740
 1204 0735 40070000 		.4byte	0x740
 1205 0739 14       		.uleb128 0x14
 1206 073a 80030000 		.4byte	0x380
 1207 073e 00       		.byte	0
 1208 073f 00       		.byte	0
 1209 0740 13       		.uleb128 0x13
 1210 0741 27020000 		.4byte	0x227
 1211 0745 17       		.uleb128 0x17
 1212 0746 50030000 		.4byte	.LASF98
 1213 074a 05       		.byte	0x5
 1214 074b 9606     		.2byte	0x696
 1215 074d 57070000 		.4byte	0x757
 1216 0751 05       		.uleb128 0x5
 1217 0752 03       		.byte	0x3
 1218 0753 00000000 		.4byte	EE_oo_counter_object_ROM
 1219 0757 13       		.uleb128 0x13
ARM GAS  C:\Users\acer\AppData\Local\Temp\cc6SeIRT.s 			page 23


 1220 0758 30070000 		.4byte	0x730
 1221 075c 11       		.uleb128 0x11
 1222 075d 6C070000 		.4byte	0x76c
 1223 0761 6C070000 		.4byte	0x76c
 1224 0765 14       		.uleb128 0x14
 1225 0766 80030000 		.4byte	0x380
 1226 076a 00       		.byte	0
 1227 076b 00       		.byte	0
 1228 076c 13       		.uleb128 0x13
 1229 076d 04030000 		.4byte	0x304
 1230 0771 17       		.uleb128 0x17
 1231 0772 86030000 		.4byte	.LASF99
 1232 0776 05       		.byte	0x5
 1233 0777 BA06     		.2byte	0x6ba
 1234 0779 83070000 		.4byte	0x783
 1235 077d 05       		.uleb128 0x5
 1236 077e 03       		.byte	0x3
 1237 077f 00000000 		.4byte	EE_oo_action_ROM
 1238 0783 13       		.uleb128 0x13
 1239 0784 5C070000 		.4byte	0x75c
 1240 0788 11       		.uleb128 0x11
 1241 0789 98070000 		.4byte	0x798
 1242 078d 98070000 		.4byte	0x798
 1243 0791 14       		.uleb128 0x14
 1244 0792 80030000 		.4byte	0x380
 1245 0796 00       		.byte	0
 1246 0797 00       		.byte	0
 1247 0798 13       		.uleb128 0x13
 1248 0799 27030000 		.4byte	0x327
 1249 079d 17       		.uleb128 0x17
 1250 079e 4E010000 		.4byte	.LASF100
 1251 07a2 05       		.byte	0x5
 1252 07a3 2006     		.2byte	0x620
 1253 07a5 AF070000 		.4byte	0x7af
 1254 07a9 05       		.uleb128 0x5
 1255 07aa 03       		.byte	0x3
 1256 07ab 00000000 		.4byte	EE_alarm_ROM
 1257 07af 13       		.uleb128 0x13
 1258 07b0 88070000 		.4byte	0x788
 1259 07b4 11       		.uleb128 0x11
 1260 07b5 BA010000 		.4byte	0x1ba
 1261 07b9 C4070000 		.4byte	0x7c4
 1262 07bd 14       		.uleb128 0x14
 1263 07be 80030000 		.4byte	0x380
 1264 07c2 00       		.byte	0
 1265 07c3 00       		.byte	0
 1266 07c4 17       		.uleb128 0x17
 1267 07c5 25060000 		.4byte	.LASF101
 1268 07c9 05       		.byte	0x5
 1269 07ca 0C06     		.2byte	0x60c
 1270 07cc B4070000 		.4byte	0x7b4
 1271 07d0 05       		.uleb128 0x5
 1272 07d1 03       		.byte	0x3
 1273 07d2 00000000 		.4byte	EE_counter_RAM
 1274 07d6 11       		.uleb128 0x11
 1275 07d7 71020000 		.4byte	0x271
 1276 07db E6070000 		.4byte	0x7e6
ARM GAS  C:\Users\acer\AppData\Local\Temp\cc6SeIRT.s 			page 24


 1277 07df 14       		.uleb128 0x14
 1278 07e0 80030000 		.4byte	0x380
 1279 07e4 00       		.byte	0
 1280 07e5 00       		.byte	0
 1281 07e6 17       		.uleb128 0x17
 1282 07e7 C0060000 		.4byte	.LASF102
 1283 07eb 05       		.byte	0x5
 1284 07ec B106     		.2byte	0x6b1
 1285 07ee D6070000 		.4byte	0x7d6
 1286 07f2 05       		.uleb128 0x5
 1287 07f3 03       		.byte	0x3
 1288 07f4 00000000 		.4byte	EE_oo_counter_object_RAM
 1289 07f8 11       		.uleb128 0x11
 1290 07f9 08080000 		.4byte	0x808
 1291 07fd 08080000 		.4byte	0x808
 1292 0801 14       		.uleb128 0x14
 1293 0802 80030000 		.4byte	0x380
 1294 0806 00       		.byte	0
 1295 0807 00       		.byte	0
 1296 0808 13       		.uleb128 0x13
 1297 0809 33030000 		.4byte	0x333
 1298 080d 17       		.uleb128 0x17
 1299 080e CA070000 		.4byte	.LASF103
 1300 0812 05       		.byte	0x5
 1301 0813 9607     		.2byte	0x796
 1302 0815 1F080000 		.4byte	0x81f
 1303 0819 05       		.uleb128 0x5
 1304 081a 03       		.byte	0x3
 1305 081b 00000000 		.4byte	EE_oo_autostart_task_data
 1306 081f 13       		.uleb128 0x13
 1307 0820 F8070000 		.4byte	0x7f8
 1308 0824 18       		.uleb128 0x18
 1309 0825 86020000 		.4byte	.LASF104
 1310 0829 06       		.byte	0x6
 1311 082a 40       		.byte	0x40
 1312 082b B5000000 		.4byte	0xb5
 1313 082f 18       		.uleb128 0x18
 1314 0830 B1010000 		.4byte	.LASF105
 1315 0834 06       		.byte	0x6
 1316 0835 47       		.byte	0x47
 1317 0836 CB000000 		.4byte	0xcb
 1318 083a 17       		.uleb128 0x17
 1319 083b 73030000 		.4byte	.LASF106
 1320 083f 05       		.byte	0x5
 1321 0840 5C07     		.2byte	0x75c
 1322 0842 B5000000 		.4byte	0xb5
 1323 0846 05       		.uleb128 0x5
 1324 0847 03       		.byte	0x3
 1325 0848 00000000 		.4byte	EE_ApplicationMode
 1326 084c 18       		.uleb128 0x18
 1327 084d CA010000 		.4byte	.LASF107
 1328 0851 07       		.byte	0x7
 1329 0852 48       		.byte	0x48
 1330 0853 E1000000 		.4byte	0xe1
 1331 0857 18       		.uleb128 0x18
 1332 0858 15070000 		.4byte	.LASF108
 1333 085c 08       		.byte	0x8
ARM GAS  C:\Users\acer\AppData\Local\Temp\cc6SeIRT.s 			page 25


 1334 085d 44       		.byte	0x44
 1335 085e B5000000 		.4byte	0xb5
 1336 0862 16       		.uleb128 0x16
 1337 0863 49000000 		.4byte	.LASF109
 1338 0867 05       		.byte	0x5
 1339 0868 AD       		.byte	0xad
 1340 0869 EC000000 		.4byte	0xec
 1341 086d 05       		.uleb128 0x5
 1342 086e 03       		.byte	0x3
 1343 086f 00000000 		.4byte	EE_cortex_mx_IRQ_tos
 1344 0873 11       		.uleb128 0x11
 1345 0874 55000000 		.4byte	0x55
 1346 0878 83080000 		.4byte	0x883
 1347 087c 14       		.uleb128 0x14
 1348 087d 80030000 		.4byte	0x380
 1349 0881 F9       		.byte	0xf9
 1350 0882 00       		.byte	0
 1351 0883 16       		.uleb128 0x16
 1352 0884 E0020000 		.4byte	.LASF110
 1353 0888 05       		.byte	0x5
 1354 0889 15       		.byte	0x15
 1355 088a 73080000 		.4byte	0x873
 1356 088e 05       		.uleb128 0x5
 1357 088f 03       		.byte	0x3
 1358 0890 00000000 		.4byte	EE_cortex_mx_stack_2
 1359 0894 11       		.uleb128 0x11
 1360 0895 55000000 		.4byte	0x55
 1361 0899 A5080000 		.4byte	0x8a5
 1362 089d 19       		.uleb128 0x19
 1363 089e 80030000 		.4byte	0x380
 1364 08a2 F301     		.2byte	0x1f3
 1365 08a4 00       		.byte	0
 1366 08a5 16       		.uleb128 0x16
 1367 08a6 09030000 		.4byte	.LASF111
 1368 08aa 05       		.byte	0x5
 1369 08ab 21       		.byte	0x21
 1370 08ac 94080000 		.4byte	0x894
 1371 08b0 05       		.uleb128 0x5
 1372 08b1 03       		.byte	0x3
 1373 08b2 00000000 		.4byte	EE_cortex_mx_stack_5
 1374 08b6 11       		.uleb128 0x11
 1375 08b7 55000000 		.4byte	0x55
 1376 08bb C6080000 		.4byte	0x8c6
 1377 08bf 14       		.uleb128 0x14
 1378 08c0 80030000 		.4byte	0x380
 1379 08c4 7F       		.byte	0x7f
 1380 08c5 00       		.byte	0
 1381 08c6 16       		.uleb128 0x16
 1382 08c7 1E030000 		.4byte	.LASF112
 1383 08cb 05       		.byte	0x5
 1384 08cc 32       		.byte	0x32
 1385 08cd B6080000 		.4byte	0x8b6
 1386 08d1 05       		.uleb128 0x5
 1387 08d2 03       		.byte	0x3
 1388 08d3 00000000 		.4byte	EE_cortex_mx_stack_9
 1389 08d7 00       		.byte	0
 1390              		.section	.debug_abbrev,"",%progbits
ARM GAS  C:\Users\acer\AppData\Local\Temp\cc6SeIRT.s 			page 26


 1391              	.Ldebug_abbrev0:
 1392 0000 01       		.uleb128 0x1
 1393 0001 11       		.uleb128 0x11
 1394 0002 01       		.byte	0x1
 1395 0003 25       		.uleb128 0x25
 1396 0004 0E       		.uleb128 0xe
 1397 0005 13       		.uleb128 0x13
 1398 0006 0B       		.uleb128 0xb
 1399 0007 03       		.uleb128 0x3
 1400 0008 0E       		.uleb128 0xe
 1401 0009 1B       		.uleb128 0x1b
 1402 000a 0E       		.uleb128 0xe
 1403 000b 10       		.uleb128 0x10
 1404 000c 17       		.uleb128 0x17
 1405 000d 00       		.byte	0
 1406 000e 00       		.byte	0
 1407 000f 02       		.uleb128 0x2
 1408 0010 24       		.uleb128 0x24
 1409 0011 00       		.byte	0
 1410 0012 0B       		.uleb128 0xb
 1411 0013 0B       		.uleb128 0xb
 1412 0014 3E       		.uleb128 0x3e
 1413 0015 0B       		.uleb128 0xb
 1414 0016 03       		.uleb128 0x3
 1415 0017 0E       		.uleb128 0xe
 1416 0018 00       		.byte	0
 1417 0019 00       		.byte	0
 1418 001a 03       		.uleb128 0x3
 1419 001b 24       		.uleb128 0x24
 1420 001c 00       		.byte	0
 1421 001d 0B       		.uleb128 0xb
 1422 001e 0B       		.uleb128 0xb
 1423 001f 3E       		.uleb128 0x3e
 1424 0020 0B       		.uleb128 0xb
 1425 0021 03       		.uleb128 0x3
 1426 0022 08       		.uleb128 0x8
 1427 0023 00       		.byte	0
 1428 0024 00       		.byte	0
 1429 0025 04       		.uleb128 0x4
 1430 0026 16       		.uleb128 0x16
 1431 0027 00       		.byte	0
 1432 0028 03       		.uleb128 0x3
 1433 0029 0E       		.uleb128 0xe
 1434 002a 3A       		.uleb128 0x3a
 1435 002b 0B       		.uleb128 0xb
 1436 002c 3B       		.uleb128 0x3b
 1437 002d 0B       		.uleb128 0xb
 1438 002e 49       		.uleb128 0x49
 1439 002f 13       		.uleb128 0x13
 1440 0030 00       		.byte	0
 1441 0031 00       		.byte	0
 1442 0032 05       		.uleb128 0x5
 1443 0033 0F       		.uleb128 0xf
 1444 0034 00       		.byte	0
 1445 0035 0B       		.uleb128 0xb
 1446 0036 0B       		.uleb128 0xb
 1447 0037 00       		.byte	0
ARM GAS  C:\Users\acer\AppData\Local\Temp\cc6SeIRT.s 			page 27


 1448 0038 00       		.byte	0
 1449 0039 06       		.uleb128 0x6
 1450 003a 0F       		.uleb128 0xf
 1451 003b 00       		.byte	0
 1452 003c 0B       		.uleb128 0xb
 1453 003d 0B       		.uleb128 0xb
 1454 003e 49       		.uleb128 0x49
 1455 003f 13       		.uleb128 0x13
 1456 0040 00       		.byte	0
 1457 0041 00       		.byte	0
 1458 0042 07       		.uleb128 0x7
 1459 0043 15       		.uleb128 0x15
 1460 0044 00       		.byte	0
 1461 0045 27       		.uleb128 0x27
 1462 0046 19       		.uleb128 0x19
 1463 0047 00       		.byte	0
 1464 0048 00       		.byte	0
 1465 0049 08       		.uleb128 0x8
 1466 004a 13       		.uleb128 0x13
 1467 004b 01       		.byte	0x1
 1468 004c 03       		.uleb128 0x3
 1469 004d 0E       		.uleb128 0xe
 1470 004e 0B       		.uleb128 0xb
 1471 004f 0B       		.uleb128 0xb
 1472 0050 3A       		.uleb128 0x3a
 1473 0051 0B       		.uleb128 0xb
 1474 0052 3B       		.uleb128 0x3b
 1475 0053 0B       		.uleb128 0xb
 1476 0054 01       		.uleb128 0x1
 1477 0055 13       		.uleb128 0x13
 1478 0056 00       		.byte	0
 1479 0057 00       		.byte	0
 1480 0058 09       		.uleb128 0x9
 1481 0059 0D       		.uleb128 0xd
 1482 005a 00       		.byte	0
 1483 005b 03       		.uleb128 0x3
 1484 005c 0E       		.uleb128 0xe
 1485 005d 3A       		.uleb128 0x3a
 1486 005e 0B       		.uleb128 0xb
 1487 005f 3B       		.uleb128 0x3b
 1488 0060 0B       		.uleb128 0xb
 1489 0061 49       		.uleb128 0x49
 1490 0062 13       		.uleb128 0x13
 1491 0063 38       		.uleb128 0x38
 1492 0064 0B       		.uleb128 0xb
 1493 0065 00       		.byte	0
 1494 0066 00       		.byte	0
 1495 0067 0A       		.uleb128 0xa
 1496 0068 16       		.uleb128 0x16
 1497 0069 00       		.byte	0
 1498 006a 03       		.uleb128 0x3
 1499 006b 0E       		.uleb128 0xe
 1500 006c 3A       		.uleb128 0x3a
 1501 006d 0B       		.uleb128 0xb
 1502 006e 3B       		.uleb128 0x3b
 1503 006f 05       		.uleb128 0x5
 1504 0070 49       		.uleb128 0x49
ARM GAS  C:\Users\acer\AppData\Local\Temp\cc6SeIRT.s 			page 28


 1505 0071 13       		.uleb128 0x13
 1506 0072 00       		.byte	0
 1507 0073 00       		.byte	0
 1508 0074 0B       		.uleb128 0xb
 1509 0075 13       		.uleb128 0x13
 1510 0076 01       		.byte	0x1
 1511 0077 0B       		.uleb128 0xb
 1512 0078 0B       		.uleb128 0xb
 1513 0079 3A       		.uleb128 0x3a
 1514 007a 0B       		.uleb128 0xb
 1515 007b 3B       		.uleb128 0x3b
 1516 007c 05       		.uleb128 0x5
 1517 007d 01       		.uleb128 0x1
 1518 007e 13       		.uleb128 0x13
 1519 007f 00       		.byte	0
 1520 0080 00       		.byte	0
 1521 0081 0C       		.uleb128 0xc
 1522 0082 0D       		.uleb128 0xd
 1523 0083 00       		.byte	0
 1524 0084 03       		.uleb128 0x3
 1525 0085 0E       		.uleb128 0xe
 1526 0086 3A       		.uleb128 0x3a
 1527 0087 0B       		.uleb128 0xb
 1528 0088 3B       		.uleb128 0x3b
 1529 0089 05       		.uleb128 0x5
 1530 008a 49       		.uleb128 0x49
 1531 008b 13       		.uleb128 0x13
 1532 008c 38       		.uleb128 0x38
 1533 008d 0B       		.uleb128 0xb
 1534 008e 00       		.byte	0
 1535 008f 00       		.byte	0
 1536 0090 0D       		.uleb128 0xd
 1537 0091 04       		.uleb128 0x4
 1538 0092 01       		.byte	0x1
 1539 0093 0B       		.uleb128 0xb
 1540 0094 0B       		.uleb128 0xb
 1541 0095 49       		.uleb128 0x49
 1542 0096 13       		.uleb128 0x13
 1543 0097 3A       		.uleb128 0x3a
 1544 0098 0B       		.uleb128 0xb
 1545 0099 3B       		.uleb128 0x3b
 1546 009a 05       		.uleb128 0x5
 1547 009b 01       		.uleb128 0x1
 1548 009c 13       		.uleb128 0x13
 1549 009d 00       		.byte	0
 1550 009e 00       		.byte	0
 1551 009f 0E       		.uleb128 0xe
 1552 00a0 28       		.uleb128 0x28
 1553 00a1 00       		.byte	0
 1554 00a2 03       		.uleb128 0x3
 1555 00a3 0E       		.uleb128 0xe
 1556 00a4 1C       		.uleb128 0x1c
 1557 00a5 0B       		.uleb128 0xb
 1558 00a6 00       		.byte	0
 1559 00a7 00       		.byte	0
 1560 00a8 0F       		.uleb128 0xf
 1561 00a9 0D       		.uleb128 0xd
ARM GAS  C:\Users\acer\AppData\Local\Temp\cc6SeIRT.s 			page 29


 1562 00aa 00       		.byte	0
 1563 00ab 03       		.uleb128 0x3
 1564 00ac 08       		.uleb128 0x8
 1565 00ad 3A       		.uleb128 0x3a
 1566 00ae 0B       		.uleb128 0xb
 1567 00af 3B       		.uleb128 0x3b
 1568 00b0 05       		.uleb128 0x5
 1569 00b1 49       		.uleb128 0x49
 1570 00b2 13       		.uleb128 0x13
 1571 00b3 38       		.uleb128 0x38
 1572 00b4 0B       		.uleb128 0xb
 1573 00b5 00       		.byte	0
 1574 00b6 00       		.byte	0
 1575 00b7 10       		.uleb128 0x10
 1576 00b8 13       		.uleb128 0x13
 1577 00b9 01       		.byte	0x1
 1578 00ba 03       		.uleb128 0x3
 1579 00bb 0E       		.uleb128 0xe
 1580 00bc 0B       		.uleb128 0xb
 1581 00bd 0B       		.uleb128 0xb
 1582 00be 3A       		.uleb128 0x3a
 1583 00bf 0B       		.uleb128 0xb
 1584 00c0 3B       		.uleb128 0x3b
 1585 00c1 05       		.uleb128 0x5
 1586 00c2 01       		.uleb128 0x1
 1587 00c3 13       		.uleb128 0x13
 1588 00c4 00       		.byte	0
 1589 00c5 00       		.byte	0
 1590 00c6 11       		.uleb128 0x11
 1591 00c7 01       		.uleb128 0x1
 1592 00c8 01       		.byte	0x1
 1593 00c9 49       		.uleb128 0x49
 1594 00ca 13       		.uleb128 0x13
 1595 00cb 01       		.uleb128 0x1
 1596 00cc 13       		.uleb128 0x13
 1597 00cd 00       		.byte	0
 1598 00ce 00       		.byte	0
 1599 00cf 12       		.uleb128 0x12
 1600 00d0 21       		.uleb128 0x21
 1601 00d1 00       		.byte	0
 1602 00d2 00       		.byte	0
 1603 00d3 00       		.byte	0
 1604 00d4 13       		.uleb128 0x13
 1605 00d5 26       		.uleb128 0x26
 1606 00d6 00       		.byte	0
 1607 00d7 49       		.uleb128 0x49
 1608 00d8 13       		.uleb128 0x13
 1609 00d9 00       		.byte	0
 1610 00da 00       		.byte	0
 1611 00db 14       		.uleb128 0x14
 1612 00dc 21       		.uleb128 0x21
 1613 00dd 00       		.byte	0
 1614 00de 49       		.uleb128 0x49
 1615 00df 13       		.uleb128 0x13
 1616 00e0 2F       		.uleb128 0x2f
 1617 00e1 0B       		.uleb128 0xb
 1618 00e2 00       		.byte	0
ARM GAS  C:\Users\acer\AppData\Local\Temp\cc6SeIRT.s 			page 30


 1619 00e3 00       		.byte	0
 1620 00e4 15       		.uleb128 0x15
 1621 00e5 34       		.uleb128 0x34
 1622 00e6 00       		.byte	0
 1623 00e7 03       		.uleb128 0x3
 1624 00e8 0E       		.uleb128 0xe
 1625 00e9 3A       		.uleb128 0x3a
 1626 00ea 0B       		.uleb128 0xb
 1627 00eb 3B       		.uleb128 0x3b
 1628 00ec 05       		.uleb128 0x5
 1629 00ed 49       		.uleb128 0x49
 1630 00ee 13       		.uleb128 0x13
 1631 00ef 02       		.uleb128 0x2
 1632 00f0 18       		.uleb128 0x18
 1633 00f1 00       		.byte	0
 1634 00f2 00       		.byte	0
 1635 00f3 16       		.uleb128 0x16
 1636 00f4 34       		.uleb128 0x34
 1637 00f5 00       		.byte	0
 1638 00f6 03       		.uleb128 0x3
 1639 00f7 0E       		.uleb128 0xe
 1640 00f8 3A       		.uleb128 0x3a
 1641 00f9 0B       		.uleb128 0xb
 1642 00fa 3B       		.uleb128 0x3b
 1643 00fb 0B       		.uleb128 0xb
 1644 00fc 49       		.uleb128 0x49
 1645 00fd 13       		.uleb128 0x13
 1646 00fe 3F       		.uleb128 0x3f
 1647 00ff 19       		.uleb128 0x19
 1648 0100 02       		.uleb128 0x2
 1649 0101 18       		.uleb128 0x18
 1650 0102 00       		.byte	0
 1651 0103 00       		.byte	0
 1652 0104 17       		.uleb128 0x17
 1653 0105 34       		.uleb128 0x34
 1654 0106 00       		.byte	0
 1655 0107 03       		.uleb128 0x3
 1656 0108 0E       		.uleb128 0xe
 1657 0109 3A       		.uleb128 0x3a
 1658 010a 0B       		.uleb128 0xb
 1659 010b 3B       		.uleb128 0x3b
 1660 010c 05       		.uleb128 0x5
 1661 010d 49       		.uleb128 0x49
 1662 010e 13       		.uleb128 0x13
 1663 010f 3F       		.uleb128 0x3f
 1664 0110 19       		.uleb128 0x19
 1665 0111 02       		.uleb128 0x2
 1666 0112 18       		.uleb128 0x18
 1667 0113 00       		.byte	0
 1668 0114 00       		.byte	0
 1669 0115 18       		.uleb128 0x18
 1670 0116 34       		.uleb128 0x34
 1671 0117 00       		.byte	0
 1672 0118 03       		.uleb128 0x3
 1673 0119 0E       		.uleb128 0xe
 1674 011a 3A       		.uleb128 0x3a
 1675 011b 0B       		.uleb128 0xb
ARM GAS  C:\Users\acer\AppData\Local\Temp\cc6SeIRT.s 			page 31


 1676 011c 3B       		.uleb128 0x3b
 1677 011d 0B       		.uleb128 0xb
 1678 011e 49       		.uleb128 0x49
 1679 011f 13       		.uleb128 0x13
 1680 0120 3F       		.uleb128 0x3f
 1681 0121 19       		.uleb128 0x19
 1682 0122 3C       		.uleb128 0x3c
 1683 0123 19       		.uleb128 0x19
 1684 0124 00       		.byte	0
 1685 0125 00       		.byte	0
 1686 0126 19       		.uleb128 0x19
 1687 0127 21       		.uleb128 0x21
 1688 0128 00       		.byte	0
 1689 0129 49       		.uleb128 0x49
 1690 012a 13       		.uleb128 0x13
 1691 012b 2F       		.uleb128 0x2f
 1692 012c 05       		.uleb128 0x5
 1693 012d 00       		.byte	0
 1694 012e 00       		.byte	0
 1695 012f 00       		.byte	0
 1696              		.section	.debug_aranges,"",%progbits
 1697 0000 14000000 		.4byte	0x14
 1698 0004 0200     		.2byte	0x2
 1699 0006 00000000 		.4byte	.Ldebug_info0
 1700 000a 04       		.byte	0x4
 1701 000b 00       		.byte	0
 1702 000c 0000     		.2byte	0
 1703 000e 0000     		.2byte	0
 1704 0010 00000000 		.4byte	0
 1705 0014 00000000 		.4byte	0
 1706              		.section	.debug_line,"",%progbits
 1707              	.Ldebug_line0:
 1708 0000 38010000 		.section	.debug_str,"MS",%progbits,1
 1708      02003201 
 1708      00000201 
 1708      FB0E0D00 
 1708      01010101 
 1709              	.LASF46:
 1710 0000 6E657874 		.ascii	"next\000"
 1710      00
 1711              	.LASF83:
 1712 0005 45455F74 		.ascii	"EE_th_terminate_nextask\000"
 1712      685F7465 
 1712      726D696E 
 1712      6174655F 
 1712      6E657874 
 1713              	.LASF24:
 1714 001d 5469636B 		.ascii	"TickType\000"
 1714      54797065 
 1714      00
 1715              	.LASF84:
 1716 0026 45455F73 		.ascii	"EE_stkfirst\000"
 1716      746B6669 
 1716      72737400 
 1717              	.LASF26:
 1718 0032 41637469 		.ascii	"ActionType\000"
 1718      6F6E5479 
ARM GAS  C:\Users\acer\AppData\Local\Temp\cc6SeIRT.s 			page 32


 1718      706500
 1719              	.LASF19:
 1720 003d 45455F54 		.ascii	"EE_TYPEBOOL\000"
 1720      59504542 
 1720      4F4F4C00 
 1721              	.LASF109:
 1722 0049 45455F63 		.ascii	"EE_cortex_mx_IRQ_tos\000"
 1722      6F727465 
 1722      785F6D78 
 1722      5F495251 
 1722      5F746F73 
 1723              	.LASF7:
 1724 005e 6C6F6E67 		.ascii	"long long unsigned int\000"
 1724      206C6F6E 
 1724      6720756E 
 1724      7369676E 
 1724      65642069 
 1725              	.LASF45:
 1726 0075 64656C74 		.ascii	"delta\000"
 1726      6100
 1727              	.LASF42:
 1728 007b 45455F6F 		.ascii	"EE_oo_counter_object_ROM_type\000"
 1728      6F5F636F 
 1728      756E7465 
 1728      725F6F62 
 1728      6A656374 
 1729              	.LASF89:
 1730 0099 45455F72 		.ascii	"EE_rq_pairs_next\000"
 1730      715F7061 
 1730      6972735F 
 1730      6E657874 
 1730      00
 1731              	.LASF22:
 1732 00aa 5461736B 		.ascii	"TaskType\000"
 1732      54797065 
 1732      00
 1733              	.LASF61:
 1734 00b3 45455F54 		.ascii	"EE_TOS\000"
 1734      4F5300
 1735              	.LASF29:
 1736 00ba 6D617861 		.ascii	"maxallowedvalue\000"
 1736      6C6C6F77 
 1736      65647661 
 1736      6C756500 
 1737              	.LASF116:
 1738 00ca 45455F6F 		.ascii	"EE_oo_autostart_task_mode_OSDEFAULTAPPMODE\000"
 1738      6F5F6175 
 1738      746F7374 
 1738      6172745F 
 1738      7461736B 
 1739              	.LASF79:
 1740 00f5 45455F41 		.ascii	"EE_ALARM_ID\000"
 1740      4C41524D 
 1740      5F494400 
 1741              	.LASF6:
 1742 0101 6C6F6E67 		.ascii	"long long int\000"
 1742      206C6F6E 
ARM GAS  C:\Users\acer\AppData\Local\Temp\cc6SeIRT.s 			page 33


 1742      6720696E 
 1742      7400
 1743              	.LASF0:
 1744 010f 7369676E 		.ascii	"signed char\000"
 1744      65642063 
 1744      68617200 
 1745              	.LASF52:
 1746 011b 45455F6F 		.ascii	"EE_oo_action_kind_type\000"
 1746      6F5F6163 
 1746      74696F6E 
 1746      5F6B696E 
 1746      645F7479 
 1747              	.LASF23:
 1748 0132 4576656E 		.ascii	"EventMaskType\000"
 1748      744D6173 
 1748      6B547970 
 1748      6500
 1749              	.LASF76:
 1750 0140 45455F45 		.ascii	"EE_EVENT_NAME\000"
 1750      56454E54 
 1750      5F4E414D 
 1750      4500
 1751              	.LASF100:
 1752 014e 45455F61 		.ascii	"EE_alarm_ROM\000"
 1752      6C61726D 
 1752      5F524F4D 
 1752      00
 1753              	.LASF70:
 1754 015b 45455F63 		.ascii	"EE_cortex_mx_active_tos\000"
 1754      6F727465 
 1754      785F6D78 
 1754      5F616374 
 1754      6976655F 
 1755              	.LASF35:
 1756 0173 45455F6F 		.ascii	"EE_oo_counter_RAM_type\000"
 1756      6F5F636F 
 1756      756E7465 
 1756      725F5241 
 1756      4D5F7479 
 1757              	.LASF78:
 1758 018a 45455F45 		.ascii	"EE_EVENT_ID\000"
 1758      56454E54 
 1758      5F494400 
 1759              	.LASF4:
 1760 0196 6C6F6E67 		.ascii	"long int\000"
 1760      20696E74 
 1760      00
 1761              	.LASF87:
 1762 019f 45455F72 		.ascii	"EE_rq_queues_head\000"
 1762      715F7175 
 1762      65756573 
 1762      5F686561 
 1762      6400
 1763              	.LASF105:
 1764 01b1 45455F6F 		.ascii	"EE_oo_IRQ_suspend_status\000"
 1764      6F5F4952 
 1764      515F7375 
ARM GAS  C:\Users\acer\AppData\Local\Temp\cc6SeIRT.s 			page 34


 1764      7370656E 
 1764      645F7374 
 1765              	.LASF107:
 1766 01ca 45455F73 		.ascii	"EE_std_endcycle_next_tid\000"
 1766      74645F65 
 1766      6E646379 
 1766      636C655F 
 1766      6E657874 
 1767              	.LASF31:
 1768 01e3 6D696E63 		.ascii	"mincycle\000"
 1768      79636C65 
 1768      00
 1769              	.LASF20:
 1770 01ec 45455F54 		.ascii	"EE_TID\000"
 1770      494400
 1771              	.LASF33:
 1772 01f3 76616C75 		.ascii	"value\000"
 1772      6500
 1773              	.LASF8:
 1774 01f9 756E7369 		.ascii	"unsigned int\000"
 1774      676E6564 
 1774      20696E74 
 1774      00
 1775              	.LASF16:
 1776 0206 45455F55 		.ascii	"EE_UREG\000"
 1776      52454700 
 1777              	.LASF60:
 1778 020e 45455F6F 		.ascii	"EE_oo_alarm_ROM_type\000"
 1778      6F5F616C 
 1778      61726D5F 
 1778      524F4D5F 
 1778      74797065 
 1779              	.LASF77:
 1780 0223 45455F41 		.ascii	"EE_ALARM_NAME\000"
 1780      4C41524D 
 1780      5F4E414D 
 1780      4500
 1781              	.LASF5:
 1782 0231 6C6F6E67 		.ascii	"long unsigned int\000"
 1782      20756E73 
 1782      69676E65 
 1782      6420696E 
 1782      7400
 1783              	.LASF95:
 1784 0243 45455F74 		.ascii	"EE_th_waswaiting\000"
 1784      685F7761 
 1784      73776169 
 1784      74696E67 
 1784      00
 1785              	.LASF62:
 1786 0254 45455F6F 		.ascii	"EE_oo_autostart_task_type\000"
 1786      6F5F6175 
 1786      746F7374 
 1786      6172745F 
 1786      7461736B 
 1787              	.LASF41:
 1788 026e 6B696E64 		.ascii	"kind\000"
ARM GAS  C:\Users\acer\AppData\Local\Temp\cc6SeIRT.s 			page 35


 1788      00
 1789              	.LASF3:
 1790 0273 73686F72 		.ascii	"short unsigned int\000"
 1790      7420756E 
 1790      7369676E 
 1790      65642069 
 1790      6E7400
 1791              	.LASF104:
 1792 0286 45455F6F 		.ascii	"EE_oo_IRQ_disable_count\000"
 1792      6F5F4952 
 1792      515F6469 
 1792      7361626C 
 1792      655F636F 
 1793              	.LASF38:
 1794 029e 45455F6F 		.ascii	"EE_oo_counter_object_kind_type\000"
 1794      6F5F636F 
 1794      756E7465 
 1794      725F6F62 
 1794      6A656374 
 1795              	.LASF80:
 1796 02bd 45455F74 		.ascii	"EE_th_status\000"
 1796      685F7374 
 1796      61747573 
 1796      00
 1797              	.LASF39:
 1798 02ca 436F756E 		.ascii	"CounterObjectKindType\000"
 1798      7465724F 
 1798      626A6563 
 1798      744B696E 
 1798      64547970 
 1799              	.LASF110:
 1800 02e0 45455F63 		.ascii	"EE_cortex_mx_stack_2\000"
 1800      6F727465 
 1800      785F6D78 
 1800      5F737461 
 1800      636B5F32 
 1801              	.LASF73:
 1802 02f5 45455F74 		.ascii	"EE_th_dispatch_prio\000"
 1802      685F6469 
 1802      73706174 
 1802      63685F70 
 1802      72696F00 
 1803              	.LASF111:
 1804 0309 45455F63 		.ascii	"EE_cortex_mx_stack_5\000"
 1804      6F727465 
 1804      785F6D78 
 1804      5F737461 
 1804      636B5F35 
 1805              	.LASF112:
 1806 031e 45455F63 		.ascii	"EE_cortex_mx_stack_9\000"
 1806      6F727465 
 1806      785F6D78 
 1806      5F737461 
 1806      636B5F39 
 1807              	.LASF14:
 1808 0333 45455F56 		.ascii	"EE_VOID_CALLBACK\000"
 1808      4F49445F 
ARM GAS  C:\Users\acer\AppData\Local\Temp\cc6SeIRT.s 			page 36


 1808      43414C4C 
 1808      4241434B 
 1808      00
 1809              	.LASF27:
 1810 0344 436F756E 		.ascii	"CounterType\000"
 1810      74657254 
 1810      79706500 
 1811              	.LASF98:
 1812 0350 45455F6F 		.ascii	"EE_oo_counter_object_ROM\000"
 1812      6F5F636F 
 1812      756E7465 
 1812      725F6F62 
 1812      6A656374 
 1813              	.LASF59:
 1814 0369 61637469 		.ascii	"action_id\000"
 1814      6F6E5F69 
 1814      6400
 1815              	.LASF106:
 1816 0373 45455F41 		.ascii	"EE_ApplicationMode\000"
 1816      70706C69 
 1816      63617469 
 1816      6F6E4D6F 
 1816      646500
 1817              	.LASF99:
 1818 0386 45455F6F 		.ascii	"EE_oo_action_ROM\000"
 1818      6F5F6163 
 1818      74696F6E 
 1818      5F524F4D 
 1818      00
 1819              	.LASF21:
 1820 0397 45455F54 		.ascii	"EE_TYPE_RQ_MASK\000"
 1820      5950455F 
 1820      52515F4D 
 1820      41534B00 
 1821              	.LASF64:
 1822 03a7 73697A65 		.ascii	"sizetype\000"
 1822      74797065 
 1822      00
 1823              	.LASF9:
 1824 03b0 6C6F6E67 		.ascii	"long double\000"
 1824      20646F75 
 1824      626C6500 
 1825              	.LASF92:
 1826 03bc 45455F72 		.ascii	"EE_rq_free\000"
 1826      715F6672 
 1826      656500
 1827              	.LASF86:
 1828 03c7 45455F72 		.ascii	"EE_rq_link\000"
 1828      715F6C69 
 1828      6E6B00
 1829              	.LASF17:
 1830 03d2 45455F53 		.ascii	"EE_SREG\000"
 1830      52454700 
 1831              	.LASF30:
 1832 03da 7469636B 		.ascii	"ticksperbase\000"
 1832      73706572 
 1832      62617365 
ARM GAS  C:\Users\acer\AppData\Local\Temp\cc6SeIRT.s 			page 37


 1832      00
 1833              	.LASF43:
 1834 03e7 75736564 		.ascii	"used\000"
 1834      00
 1835              	.LASF47:
 1836 03ec 45455F6F 		.ascii	"EE_oo_counter_object_RAM_type\000"
 1836      6F5F636F 
 1836      756E7465 
 1836      725F6F62 
 1836      6A656374 
 1837              	.LASF97:
 1838 040a 45455F63 		.ascii	"EE_counter_ROM\000"
 1838      6F756E74 
 1838      65725F52 
 1838      4F4D00
 1839              	.LASF58:
 1840 0419 45455F6F 		.ascii	"EE_oo_action_ROM_type\000"
 1840      6F5F6163 
 1840      74696F6E 
 1840      5F524F4D 
 1840      5F747970 
 1841              	.LASF10:
 1842 042f 45455F55 		.ascii	"EE_UINT16\000"
 1842      494E5431 
 1842      3600
 1843              	.LASF37:
 1844 0439 45455F53 		.ascii	"EE_SCHEDULETABLE\000"
 1844      43484544 
 1844      554C4554 
 1844      41424C45 
 1844      00
 1845              	.LASF69:
 1846 044a 45455F63 		.ascii	"EE_cortex_mx_system_tos\000"
 1846      6F727465 
 1846      785F6D78 
 1846      5F737973 
 1846      74656D5F 
 1847              	.LASF1:
 1848 0462 756E7369 		.ascii	"unsigned char\000"
 1848      676E6564 
 1848      20636861 
 1848      7200
 1849              	.LASF36:
 1850 0470 45455F41 		.ascii	"EE_ALARM\000"
 1850      4C41524D 
 1850      00
 1851              	.LASF81:
 1852 0479 45455F74 		.ascii	"EE_th_next\000"
 1852      685F6E65 
 1852      787400
 1853              	.LASF68:
 1854 0484 45455F74 		.ascii	"EE_terminate_real_th_body\000"
 1854      65726D69 
 1854      6E617465 
 1854      5F726561 
 1854      6C5F7468 
 1855              	.LASF57:
ARM GAS  C:\Users\acer\AppData\Local\Temp\cc6SeIRT.s 			page 38


 1856 049e 696E6363 		.ascii	"inccount\000"
 1856      6F756E74 
 1856      00
 1857              	.LASF2:
 1858 04a7 73686F72 		.ascii	"short int\000"
 1858      7420696E 
 1858      7400
 1859              	.LASF94:
 1860 04b1 45455F74 		.ascii	"EE_th_event_waitmask\000"
 1860      685F6576 
 1860      656E745F 
 1860      77616974 
 1860      6D61736B 
 1861              	.LASF75:
 1862 04c6 45455F54 		.ascii	"EE_TASK_NAME\000"
 1862      41534B5F 
 1862      4E414D45 
 1862      00
 1863              	.LASF32:
 1864 04d3 45455F6F 		.ascii	"EE_oo_counter_ROM_type\000"
 1864      6F5F636F 
 1864      756E7465 
 1864      725F524F 
 1864      4D5F7479 
 1865              	.LASF113:
 1866 04ea 474E5520 		.ascii	"GNU C11 5.4.1 20160609 (release) [ARM/embedded-5-br"
 1866      43313120 
 1866      352E342E 
 1866      31203230 
 1866      31363036 
 1867 051d 616E6368 		.ascii	"anch revision 237715] -mcpu=cortex-m3 -mthumb -g -O"
 1867      20726576 
 1867      6973696F 
 1867      6E203233 
 1867      37373135 
 1868 0550 67202D66 		.ascii	"g -ffunction-sections -ffat-lto-objects\000"
 1868      66756E63 
 1868      74696F6E 
 1868      2D736563 
 1868      74696F6E 
 1869              	.LASF56:
 1870 0578 61637469 		.ascii	"action_mask\000"
 1870      6F6E5F6D 
 1870      61736B00 
 1871              	.LASF15:
 1872 0584 45455F54 		.ascii	"EE_THREAD_PTR\000"
 1872      48524541 
 1872      445F5054 
 1872      5200
 1873              	.LASF88:
 1874 0592 45455F72 		.ascii	"EE_rq_queues_tail\000"
 1874      715F7175 
 1874      65756573 
 1874      5F746169 
 1874      6C00
 1875              	.LASF66:
 1876 05a4 45455F73 		.ascii	"EE_std_thread_tos\000"
ARM GAS  C:\Users\acer\AppData\Local\Temp\cc6SeIRT.s 			page 39


 1876      74645F74 
 1876      68726561 
 1876      645F746F 
 1876      7300
 1877              	.LASF51:
 1878 05b6 45455F41 		.ascii	"EE_ACTION_CALLBACK\000"
 1878      4354494F 
 1878      4E5F4341 
 1878      4C4C4241 
 1878      434B00
 1879              	.LASF91:
 1880 05c9 45455F72 		.ascii	"EE_rq_bitmask\000"
 1880      715F6269 
 1880      746D6173 
 1880      6B00
 1881              	.LASF34:
 1882 05d7 66697273 		.ascii	"first\000"
 1882      7400
 1883              	.LASF25:
 1884 05dd 436F756E 		.ascii	"CounterObjectType\000"
 1884      7465724F 
 1884      626A6563 
 1884      74547970 
 1884      6500
 1885              	.LASF74:
 1886 05ef 63686172 		.ascii	"char\000"
 1886      00
 1887              	.LASF48:
 1888 05f4 45455F41 		.ascii	"EE_ACTION_TASK\000"
 1888      4354494F 
 1888      4E5F5441 
 1888      534B00
 1889              	.LASF71:
 1890 0603 45455F74 		.ascii	"EE_th_rnact_max\000"
 1890      685F726E 
 1890      6163745F 
 1890      6D617800 
 1891              	.LASF50:
 1892 0613 45455F41 		.ascii	"EE_ACTION_COUNTER\000"
 1892      4354494F 
 1892      4E5F434F 
 1892      554E5445 
 1892      5200
 1893              	.LASF101:
 1894 0625 45455F63 		.ascii	"EE_counter_RAM\000"
 1894      6F756E74 
 1894      65725F52 
 1894      414D00
 1895              	.LASF40:
 1896 0634 73706563 		.ascii	"spec_id\000"
 1896      5F696400 
 1897              	.LASF49:
 1898 063c 45455F41 		.ascii	"EE_ACTION_EVENT\000"
 1898      4354494F 
 1898      4E5F4556 
 1898      454E5400 
 1899              	.LASF65:
ARM GAS  C:\Users\acer\AppData\Local\Temp\cc6SeIRT.s 			page 40


 1900 064c 45455F68 		.ascii	"EE_hal_thread_body\000"
 1900      616C5F74 
 1900      68726561 
 1900      645F626F 
 1900      647900
 1901              	.LASF85:
 1902 065f 45455F73 		.ascii	"EE_sys_ceiling\000"
 1902      79735F63 
 1902      65696C69 
 1902      6E6700
 1903              	.LASF54:
 1904 066e 61637469 		.ascii	"action_kind\000"
 1904      6F6E5F6B 
 1904      696E6400 
 1905              	.LASF63:
 1906 067a 7461736B 		.ascii	"task\000"
 1906      00
 1907              	.LASF115:
 1908 067f 433A5C53 		.ascii	"C:\\Sandbox\\Sem2\\EAA\\Lab\\Lab01\\Lab01EAA\\EGasP"
 1908      616E6462 
 1908      6F785C53 
 1908      656D325C 
 1908      4541415C 
 1909 06ab 6564616C 		.ascii	"edal\\EGasPedal.cydsn\000"
 1909      5C454761 
 1909      73506564 
 1909      616C2E63 
 1909      7964736E 
 1910              	.LASF102:
 1911 06c0 45455F6F 		.ascii	"EE_oo_counter_object_RAM\000"
 1911      6F5F636F 
 1911      756E7465 
 1911      725F6F62 
 1911      6A656374 
 1912              	.LASF53:
 1913 06d9 41637469 		.ascii	"ActionKindType\000"
 1913      6F6E4B69 
 1913      6E645479 
 1913      706500
 1914              	.LASF72:
 1915 06e8 45455F74 		.ascii	"EE_th_ready_prio\000"
 1915      685F7265 
 1915      6164795F 
 1915      7072696F 
 1915      00
 1916              	.LASF82:
 1917 06f9 45455F74 		.ascii	"EE_th_rnact\000"
 1917      685F726E 
 1917      61637400 
 1918              	.LASF90:
 1919 0705 45455F72 		.ascii	"EE_rq_pairs_tid\000"
 1919      715F7061 
 1919      6972735F 
 1919      74696400 
 1920              	.LASF108:
 1921 0715 45455F49 		.ascii	"EE_IRQ_nesting_level\000"
 1921      52515F6E 
ARM GAS  C:\Users\acer\AppData\Local\Temp\cc6SeIRT.s 			page 41


 1921      65737469 
 1921      6E675F6C 
 1921      6576656C 
 1922              	.LASF12:
 1923 072a 45455F55 		.ascii	"EE_UINT32\000"
 1923      494E5433 
 1923      3200
 1924              	.LASF11:
 1925 0734 45455F49 		.ascii	"EE_INT32\000"
 1925      4E543332 
 1925      00
 1926              	.LASF67:
 1927 073d 45455F74 		.ascii	"EE_terminate_data\000"
 1927      65726D69 
 1927      6E617465 
 1927      5F646174 
 1927      6100
 1928              	.LASF114:
 1929 074f 47656E65 		.ascii	"Generated_Source\\PSoC5\\ErikaOS_1_eecfg.c\000"
 1929      72617465 
 1929      645F536F 
 1929      75726365 
 1929      5C50536F 
 1930              	.LASF93:
 1931 0778 45455F74 		.ascii	"EE_th_event_active\000"
 1931      685F6576 
 1931      656E745F 
 1931      61637469 
 1931      766500
 1932              	.LASF44:
 1933 078b 636E7463 		.ascii	"cntcycle\000"
 1933      79636C65 
 1933      00
 1934              	.LASF28:
 1935 0794 5359535F 		.ascii	"SYS_tos\000"
 1935      746F7300 
 1936              	.LASF55:
 1937 079c 61637469 		.ascii	"action_task\000"
 1937      6F6E5F74 
 1937      61736B00 
 1938              	.LASF13:
 1939 07a8 45455F41 		.ascii	"EE_ADDR\000"
 1939      44445200 
 1940              	.LASF96:
 1941 07b0 45455F74 		.ascii	"EE_th_is_extended\000"
 1941      685F6973 
 1941      5F657874 
 1941      656E6465 
 1941      6400
 1942              	.LASF18:
 1943 07c2 45455F46 		.ascii	"EE_FREG\000"
 1943      52454700 
 1944              	.LASF103:
 1945 07ca 45455F6F 		.ascii	"EE_oo_autostart_task_data\000"
 1945      6F5F6175 
 1945      746F7374 
 1945      6172745F 
ARM GAS  C:\Users\acer\AppData\Local\Temp\cc6SeIRT.s 			page 42


 1945      7461736B 
 1946              		.ident	"GCC: (GNU Tools for ARM Embedded Processors) 5.4.1 20160609 (release) [ARM/embedded-5-bran
