ARM GAS  C:\Users\acer\AppData\Local\Temp\ccFiexGU.s 			page 1


   1              		.syntax unified
   2              		.cpu cortex-m3
   3              		.fpu softvfp
   4              		.eabi_attribute 20, 1
   5              		.eabi_attribute 21, 1
   6              		.eabi_attribute 23, 3
   7              		.eabi_attribute 24, 1
   8              		.eabi_attribute 25, 1
   9              		.eabi_attribute 26, 1
  10              		.eabi_attribute 30, 1
  11              		.eabi_attribute 34, 1
  12              		.eabi_attribute 18, 4
  13              		.thumb
  14              		.syntax unified
  15              		.file	"sc_engine_type.c"
  16              		.text
  17              	.Ltext0:
  18              		.cfi_sections	.debug_frame
  19              		.section	.text.SC_ENGINE_driverOut,"ax",%progbits
  20              		.align	2
  21              		.global	SC_ENGINE_driverOut
  22              		.thumb
  23              		.thumb_func
  24              		.type	SC_ENGINE_driverOut, %function
  25              	SC_ENGINE_driverOut:
  26              	.LFB110:
  27              		.file 1 "source\\rte\\sc_engine_type.c"
   1:source\rte/sc_engine_type.c **** /*
   2:source\rte/sc_engine_type.c ****  * Filename: sc_engine_type.c
   3:source\rte/sc_engine_type.c ****  *
   4:source\rte/sc_engine_type.c ****  * Author: Autogenerated by H-DA RTE Generator, (c) Prof. Fromm
   5:source\rte/sc_engine_type.c ****  *
   6:source\rte/sc_engine_type.c ****  * description: Signalclass
   7:source\rte/sc_engine_type.c ****  * name: sc_engine
   8:source\rte/sc_engine_type.c ****  * shortname: engine
   9:source\rte/sc_engine_type.c ****  *
  10:source\rte/sc_engine_type.c ****  */
  11:source\rte/sc_engine_type.c **** 
  12:source\rte/sc_engine_type.c **** #include "project.h"
  13:source\rte/sc_engine_type.c **** #include "global.h"
  14:source\rte/sc_engine_type.c **** #include "rte.h"
  15:source\rte/sc_engine_type.c **** #include "rte_types.h"
  16:source\rte/sc_engine_type.c **** #include "sc_engine_type.h"
  17:source\rte/sc_engine_type.c **** 
  18:source\rte/sc_engine_type.c **** 
  19:source\rte/sc_engine_type.c **** 
  20:source\rte/sc_engine_type.c **** /* USER CODE START SC_ENGINE_INCLUDE */
  21:source\rte/sc_engine_type.c **** 
  22:source\rte/sc_engine_type.c **** /* USER CODE END SC_ENGINE_INCLUDE */
  23:source\rte/sc_engine_type.c **** 
  24:source\rte/sc_engine_type.c **** 
  25:source\rte/sc_engine_type.c **** 
  26:source\rte/sc_engine_type.c **** 
  27:source\rte/sc_engine_type.c **** /* USER CODE START SC_ENGINE_USERDEFINITIONS */
  28:source\rte/sc_engine_type.c **** 
  29:source\rte/sc_engine_type.c **** /* USER CODE END SC_ENGINE_USERDEFINITIONS */
  30:source\rte/sc_engine_type.c **** 
ARM GAS  C:\Users\acer\AppData\Local\Temp\ccFiexGU.s 			page 2


  31:source\rte/sc_engine_type.c **** 
  32:source\rte/sc_engine_type.c **** /*****************************************************************************************
  33:source\rte/sc_engine_type.c ****  *************** Port Wrapper Implementation for SC_ENGINE signal  ****************
  34:source\rte/sc_engine_type.c ****  *****************************************************************************************/
  35:source\rte/sc_engine_type.c ****  
  36:source\rte/sc_engine_type.c ****  
  37:source\rte/sc_engine_type.c **** /**
  38:source\rte/sc_engine_type.c ****  * Default OUT driver API
  39:source\rte/sc_engine_type.c ****  */
  40:source\rte/sc_engine_type.c **** inline RC_t SC_ENGINE_driverOut(const SC_ENGINE_data_t  *const data)
  41:source\rte/sc_engine_type.c **** {
  28              		.loc 1 41 0
  29              		.cfi_startproc
  30              		@ args = 0, pretend = 0, frame = 0
  31              		@ frame_needed = 0, uses_anonymous_args = 0
  32              	.LVL0:
  33 0000 10B5     		push	{r4, lr}
  34              		.cfi_def_cfa_offset 8
  35              		.cfi_offset 4, -8
  36              		.cfi_offset 14, -4
  37 0002 0446     		mov	r4, r0
  42:source\rte/sc_engine_type.c **** 	/* USER CODE START driverOutSC_ENGINE */
  43:source\rte/sc_engine_type.c ****     PWM_Init();
  38              		.loc 1 43 0
  39 0004 FFF7FEFF 		bl	PWM_Init
  40              	.LVL1:
  44:source\rte/sc_engine_type.c ****     PWM_RGB_SET(data->engine);
  41              		.loc 1 44 0
  42 0008 2078     		ldrb	r0, [r4]	@ zero_extendqisi2
  43 000a FFF7FEFF 		bl	PWM_RGB_SET
  44              	.LVL2:
  45:source\rte/sc_engine_type.c **** 
  46:source\rte/sc_engine_type.c **** 	//Scale application data to drive format
  47:source\rte/sc_engine_type.c **** 
  48:source\rte/sc_engine_type.c **** 	//Write scaled data to driver
  49:source\rte/sc_engine_type.c **** 
  50:source\rte/sc_engine_type.c **** 	return RC_SUCCESS;
  51:source\rte/sc_engine_type.c **** 	/* USER CODE END driverOutSC_ENGINE */
  52:source\rte/sc_engine_type.c **** }
  45              		.loc 1 52 0
  46 000e 0020     		movs	r0, #0
  47 0010 10BD     		pop	{r4, pc}
  48              		.cfi_endproc
  49              	.LFE110:
  50              		.size	SC_ENGINE_driverOut, .-SC_ENGINE_driverOut
  51 0012 00BF     		.text
  52              	.Letext0:
  53              		.file 2 "c:\\program files (x86)\\cypress\\psoc creator\\4.4\\psoc creator\\import\\gnu\\arm\\5.4.
  54              		.file 3 "c:\\program files (x86)\\cypress\\psoc creator\\4.4\\psoc creator\\import\\gnu\\arm\\5.4.
  55              		.file 4 "Generated_Source\\PSoC5/ErikaOS_1_common_ee_types.inc"
  56              		.file 5 "Generated_Source\\PSoC5/ErikaOS_1_cortex_mx_ee_cpu.inc"
  57              		.file 6 ".\\source\\bsw/global.h"
  58              		.file 7 "source\\rte\\sc_engine_type.h"
  59              		.file 8 "Generated_Source\\PSoC5/ErikaOS_1_ee_oo_intfunc.inc"
  60              		.file 9 "Generated_Source\\PSoC5/ErikaOS_1_cortex_mx_ee_context.inc"
  61              		.file 10 "Generated_Source\\PSoC5/ErikaOS_1_common_ee_primitives.inc"
  62              		.file 11 "Generated_Source\\PSoC5/core_cm3.h"
ARM GAS  C:\Users\acer\AppData\Local\Temp\ccFiexGU.s 			page 3


  63              		.file 12 ".\\source\\bsw/pwm.h"
  64              		.section	.debug_info,"",%progbits
  65              	.Ldebug_info0:
  66 0000 6B020000 		.4byte	0x26b
  67 0004 0400     		.2byte	0x4
  68 0006 00000000 		.4byte	.Ldebug_abbrev0
  69 000a 04       		.byte	0x4
  70 000b 01       		.uleb128 0x1
  71 000c B8020000 		.4byte	.LASF59
  72 0010 0C       		.byte	0xc
  73 0011 A5030000 		.4byte	.LASF60
  74 0015 FC010000 		.4byte	.LASF61
  75 0019 00000000 		.4byte	.Ldebug_ranges0+0
  76 001d 00000000 		.4byte	0
  77 0021 00000000 		.4byte	.Ldebug_line0
  78 0025 02       		.uleb128 0x2
  79 0026 01       		.byte	0x1
  80 0027 06       		.byte	0x6
  81 0028 3A020000 		.4byte	.LASF0
  82 002c 03       		.uleb128 0x3
  83 002d B5010000 		.4byte	.LASF4
  84 0031 02       		.byte	0x2
  85 0032 1D       		.byte	0x1d
  86 0033 37000000 		.4byte	0x37
  87 0037 02       		.uleb128 0x2
  88 0038 01       		.byte	0x1
  89 0039 08       		.byte	0x8
  90 003a EE010000 		.4byte	.LASF1
  91 003e 02       		.uleb128 0x2
  92 003f 02       		.byte	0x2
  93 0040 05       		.byte	0x5
  94 0041 3E000000 		.4byte	.LASF2
  95 0045 02       		.uleb128 0x2
  96 0046 02       		.byte	0x2
  97 0047 07       		.byte	0x7
  98 0048 A5020000 		.4byte	.LASF3
  99 004c 03       		.uleb128 0x3
 100 004d DB030000 		.4byte	.LASF5
 101 0051 02       		.byte	0x2
 102 0052 3F       		.byte	0x3f
 103 0053 57000000 		.4byte	0x57
 104 0057 02       		.uleb128 0x2
 105 0058 04       		.byte	0x4
 106 0059 05       		.byte	0x5
 107 005a 8C010000 		.4byte	.LASF6
 108 005e 02       		.uleb128 0x2
 109 005f 04       		.byte	0x4
 110 0060 07       		.byte	0x7
 111 0061 93030000 		.4byte	.LASF7
 112 0065 02       		.uleb128 0x2
 113 0066 08       		.byte	0x8
 114 0067 05       		.byte	0x5
 115 0068 41010000 		.4byte	.LASF8
 116 006c 02       		.uleb128 0x2
 117 006d 08       		.byte	0x8
 118 006e 07       		.byte	0x7
 119 006f 46020000 		.4byte	.LASF9
ARM GAS  C:\Users\acer\AppData\Local\Temp\ccFiexGU.s 			page 4


 120 0073 04       		.uleb128 0x4
 121 0074 04       		.byte	0x4
 122 0075 05       		.byte	0x5
 123 0076 696E7400 		.ascii	"int\000"
 124 007a 02       		.uleb128 0x2
 125 007b 04       		.byte	0x4
 126 007c 07       		.byte	0x7
 127 007d 5D020000 		.4byte	.LASF10
 128 0081 03       		.uleb128 0x3
 129 0082 C6000000 		.4byte	.LASF11
 130 0086 03       		.byte	0x3
 131 0087 18       		.byte	0x18
 132 0088 2C000000 		.4byte	0x2c
 133 008c 03       		.uleb128 0x3
 134 008d 60030000 		.4byte	.LASF12
 135 0091 03       		.byte	0x3
 136 0092 2C       		.byte	0x2c
 137 0093 4C000000 		.4byte	0x4c
 138 0097 02       		.uleb128 0x2
 139 0098 04       		.byte	0x4
 140 0099 04       		.byte	0x4
 141 009a 22010000 		.4byte	.LASF13
 142 009e 02       		.uleb128 0x2
 143 009f 08       		.byte	0x8
 144 00a0 04       		.byte	0x4
 145 00a1 00040000 		.4byte	.LASF14
 146 00a5 02       		.uleb128 0x2
 147 00a6 01       		.byte	0x1
 148 00a7 08       		.byte	0x8
 149 00a8 46030000 		.4byte	.LASF15
 150 00ac 02       		.uleb128 0x2
 151 00ad 08       		.byte	0x8
 152 00ae 04       		.byte	0x4
 153 00af E2010000 		.4byte	.LASF16
 154 00b3 03       		.uleb128 0x3
 155 00b4 9C020000 		.4byte	.LASF17
 156 00b8 04       		.byte	0x4
 157 00b9 53       		.byte	0x53
 158 00ba 73000000 		.4byte	0x73
 159 00be 03       		.uleb128 0x3
 160 00bf B5000000 		.4byte	.LASF18
 161 00c3 04       		.byte	0x4
 162 00c4 54       		.byte	0x54
 163 00c5 7A000000 		.4byte	0x7a
 164 00c9 03       		.uleb128 0x3
 165 00ca D3030000 		.4byte	.LASF19
 166 00ce 05       		.byte	0x5
 167 00cf 4D       		.byte	0x4d
 168 00d0 BE000000 		.4byte	0xbe
 169 00d4 03       		.uleb128 0x3
 170 00d5 85000000 		.4byte	.LASF20
 171 00d9 05       		.byte	0x5
 172 00da 4F       		.byte	0x4f
 173 00db BE000000 		.4byte	0xbe
 174 00df 03       		.uleb128 0x3
 175 00e0 BF000000 		.4byte	.LASF21
 176 00e4 05       		.byte	0x5
ARM GAS  C:\Users\acer\AppData\Local\Temp\ccFiexGU.s 			page 5


 177 00e5 78       		.byte	0x78
 178 00e6 B3000000 		.4byte	0xb3
 179 00ea 02       		.uleb128 0x2
 180 00eb 04       		.byte	0x4
 181 00ec 07       		.byte	0x7
 182 00ed 6E000000 		.4byte	.LASF22
 183 00f1 05       		.uleb128 0x5
 184 00f2 01       		.byte	0x1
 185 00f3 25000000 		.4byte	0x25
 186 00f7 06       		.byte	0x6
 187 00f8 CF       		.byte	0xcf
 188 00f9 9A010000 		.4byte	0x19a
 189 00fd 06       		.uleb128 0x6
 190 00fe 13000000 		.4byte	.LASF23
 191 0102 00       		.byte	0
 192 0103 07       		.uleb128 0x7
 193 0104 25040000 		.4byte	.LASF24
 194 0108 7F       		.sleb128 -1
 195 0109 07       		.uleb128 0x7
 196 010a 78020000 		.4byte	.LASF25
 197 010e 7E       		.sleb128 -2
 198 010f 07       		.uleb128 0x7
 199 0110 77000000 		.4byte	.LASF26
 200 0114 7D       		.sleb128 -3
 201 0115 07       		.uleb128 0x7
 202 0116 2E040000 		.4byte	.LASF27
 203 011a 7C       		.sleb128 -4
 204 011b 07       		.uleb128 0x7
 205 011c 13010000 		.4byte	.LASF28
 206 0120 7B       		.sleb128 -5
 207 0121 07       		.uleb128 0x7
 208 0122 48000000 		.4byte	.LASF29
 209 0126 7A       		.sleb128 -6
 210 0127 07       		.uleb128 0x7
 211 0128 95010000 		.4byte	.LASF30
 212 012c 79       		.sleb128 -7
 213 012d 07       		.uleb128 0x7
 214 012e 4B030000 		.4byte	.LASF31
 215 0132 78       		.sleb128 -8
 216 0133 07       		.uleb128 0x7
 217 0134 86020000 		.4byte	.LASF32
 218 0138 77       		.sleb128 -9
 219 0139 07       		.uleb128 0x7
 220 013a A7010000 		.4byte	.LASF33
 221 013e 76       		.sleb128 -10
 222 013f 07       		.uleb128 0x7
 223 0140 5B040000 		.4byte	.LASF34
 224 0144 75       		.sleb128 -11
 225 0145 07       		.uleb128 0x7
 226 0146 6A020000 		.4byte	.LASF35
 227 014a 74       		.sleb128 -12
 228 014b 07       		.uleb128 0x7
 229 014c C1030000 		.4byte	.LASF36
 230 0150 73       		.sleb128 -13
 231 0151 07       		.uleb128 0x7
 232 0152 00000000 		.4byte	.LASF37
 233 0156 72       		.sleb128 -14
ARM GAS  C:\Users\acer\AppData\Local\Temp\ccFiexGU.s 			page 6


 234 0157 07       		.uleb128 0x7
 235 0158 1E000000 		.4byte	.LASF38
 236 015c 71       		.sleb128 -15
 237 015d 07       		.uleb128 0x7
 238 015e BF010000 		.4byte	.LASF39
 239 0162 70       		.sleb128 -16
 240 0163 07       		.uleb128 0x7
 241 0164 8D000000 		.4byte	.LASF40
 242 0168 6F       		.sleb128 -17
 243 0169 07       		.uleb128 0x7
 244 016a 59000000 		.4byte	.LASF41
 245 016e 6E       		.sleb128 -18
 246 016f 07       		.uleb128 0x7
 247 0170 68010000 		.4byte	.LASF42
 248 0174 6D       		.sleb128 -19
 249 0175 07       		.uleb128 0x7
 250 0176 68030000 		.4byte	.LASF43
 251 017a 6C       		.sleb128 -20
 252 017b 07       		.uleb128 0x7
 253 017c D0010000 		.4byte	.LASF44
 254 0180 6B       		.sleb128 -21
 255 0181 07       		.uleb128 0x7
 256 0182 EE030000 		.4byte	.LASF45
 257 0186 6A       		.sleb128 -22
 258 0187 07       		.uleb128 0x7
 259 0188 CE000000 		.4byte	.LASF46
 260 018c 69       		.sleb128 -23
 261 018d 07       		.uleb128 0x7
 262 018e 7B010000 		.4byte	.LASF47
 263 0192 68       		.sleb128 -24
 264 0193 07       		.uleb128 0x7
 265 0194 28010000 		.4byte	.LASF48
 266 0198 67       		.sleb128 -25
 267 0199 00       		.byte	0
 268 019a 03       		.uleb128 0x3
 269 019b 56040000 		.4byte	.LASF49
 270 019f 06       		.byte	0x6
 271 01a0 EA       		.byte	0xea
 272 01a1 F1000000 		.4byte	0xf1
 273 01a5 08       		.uleb128 0x8
 274 01a6 01       		.byte	0x1
 275 01a7 07       		.byte	0x7
 276 01a8 21       		.byte	0x21
 277 01a9 BA010000 		.4byte	0x1ba
 278 01ad 09       		.uleb128 0x9
 279 01ae 33020000 		.4byte	.LASF62
 280 01b2 07       		.byte	0x7
 281 01b3 23       		.byte	0x23
 282 01b4 81000000 		.4byte	0x81
 283 01b8 00       		.byte	0
 284 01b9 00       		.byte	0
 285 01ba 03       		.uleb128 0x3
 286 01bb 07040000 		.4byte	.LASF50
 287 01bf 07       		.byte	0x7
 288 01c0 26       		.byte	0x26
 289 01c1 A5010000 		.4byte	0x1a5
 290 01c5 0A       		.uleb128 0xa
ARM GAS  C:\Users\acer\AppData\Local\Temp\ccFiexGU.s 			page 7


 291 01c6 A1000000 		.4byte	.LASF63
 292 01ca 01       		.byte	0x1
 293 01cb 28       		.byte	0x28
 294 01cc 9A010000 		.4byte	0x19a
 295 01d0 00000000 		.4byte	.LFB110
 296 01d4 12000000 		.4byte	.LFE110-.LFB110
 297 01d8 01       		.uleb128 0x1
 298 01d9 9C       		.byte	0x9c
 299 01da 00020000 		.4byte	0x200
 300 01de 0B       		.uleb128 0xb
 301 01df 7B030000 		.4byte	.LASF64
 302 01e3 01       		.byte	0x1
 303 01e4 28       		.byte	0x28
 304 01e5 0B020000 		.4byte	0x20b
 305 01e9 00000000 		.4byte	.LLST0
 306 01ed 0C       		.uleb128 0xc
 307 01ee 08000000 		.4byte	.LVL1
 308 01f2 58020000 		.4byte	0x258
 309 01f6 0C       		.uleb128 0xc
 310 01f7 0E000000 		.4byte	.LVL2
 311 01fb 63020000 		.4byte	0x263
 312 01ff 00       		.byte	0
 313 0200 0D       		.uleb128 0xd
 314 0201 04       		.byte	0x4
 315 0202 06020000 		.4byte	0x206
 316 0206 0E       		.uleb128 0xe
 317 0207 BA010000 		.4byte	0x1ba
 318 020b 0E       		.uleb128 0xe
 319 020c 00020000 		.4byte	0x200
 320 0210 0F       		.uleb128 0xf
 321 0211 3E040000 		.4byte	.LASF51
 322 0215 08       		.byte	0x8
 323 0216 40       		.byte	0x40
 324 0217 C9000000 		.4byte	0xc9
 325 021b 0F       		.uleb128 0xf
 326 021c 4F010000 		.4byte	.LASF52
 327 0220 08       		.byte	0x8
 328 0221 47       		.byte	0x47
 329 0222 D4000000 		.4byte	0xd4
 330 0226 0F       		.uleb128 0xf
 331 0227 80030000 		.4byte	.LASF53
 332 022b 08       		.byte	0x8
 333 022c 4A       		.byte	0x4a
 334 022d C9000000 		.4byte	0xc9
 335 0231 0F       		.uleb128 0xf
 336 0232 FA000000 		.4byte	.LASF54
 337 0236 09       		.byte	0x9
 338 0237 48       		.byte	0x48
 339 0238 DF000000 		.4byte	0xdf
 340 023c 0F       		.uleb128 0xf
 341 023d E5000000 		.4byte	.LASF55
 342 0241 0A       		.byte	0xa
 343 0242 44       		.byte	0x44
 344 0243 C9000000 		.4byte	0xc9
 345 0247 10       		.uleb128 0x10
 346 0248 18040000 		.4byte	.LASF56
 347 024c 0B       		.byte	0xb
ARM GAS  C:\Users\acer\AppData\Local\Temp\ccFiexGU.s 			page 8


 348 024d 1207     		.2byte	0x712
 349 024f 53020000 		.4byte	0x253
 350 0253 11       		.uleb128 0x11
 351 0254 8C000000 		.4byte	0x8c
 352 0258 12       		.uleb128 0x12
 353 0259 E5030000 		.4byte	.LASF57
 354 025d E5030000 		.4byte	.LASF57
 355 0261 0C       		.byte	0xc
 356 0262 6C       		.byte	0x6c
 357 0263 12       		.uleb128 0x12
 358 0264 32000000 		.4byte	.LASF58
 359 0268 32000000 		.4byte	.LASF58
 360 026c 0C       		.byte	0xc
 361 026d 74       		.byte	0x74
 362 026e 00       		.byte	0
 363              		.section	.debug_abbrev,"",%progbits
 364              	.Ldebug_abbrev0:
 365 0000 01       		.uleb128 0x1
 366 0001 11       		.uleb128 0x11
 367 0002 01       		.byte	0x1
 368 0003 25       		.uleb128 0x25
 369 0004 0E       		.uleb128 0xe
 370 0005 13       		.uleb128 0x13
 371 0006 0B       		.uleb128 0xb
 372 0007 03       		.uleb128 0x3
 373 0008 0E       		.uleb128 0xe
 374 0009 1B       		.uleb128 0x1b
 375 000a 0E       		.uleb128 0xe
 376 000b 55       		.uleb128 0x55
 377 000c 17       		.uleb128 0x17
 378 000d 11       		.uleb128 0x11
 379 000e 01       		.uleb128 0x1
 380 000f 10       		.uleb128 0x10
 381 0010 17       		.uleb128 0x17
 382 0011 00       		.byte	0
 383 0012 00       		.byte	0
 384 0013 02       		.uleb128 0x2
 385 0014 24       		.uleb128 0x24
 386 0015 00       		.byte	0
 387 0016 0B       		.uleb128 0xb
 388 0017 0B       		.uleb128 0xb
 389 0018 3E       		.uleb128 0x3e
 390 0019 0B       		.uleb128 0xb
 391 001a 03       		.uleb128 0x3
 392 001b 0E       		.uleb128 0xe
 393 001c 00       		.byte	0
 394 001d 00       		.byte	0
 395 001e 03       		.uleb128 0x3
 396 001f 16       		.uleb128 0x16
 397 0020 00       		.byte	0
 398 0021 03       		.uleb128 0x3
 399 0022 0E       		.uleb128 0xe
 400 0023 3A       		.uleb128 0x3a
 401 0024 0B       		.uleb128 0xb
 402 0025 3B       		.uleb128 0x3b
 403 0026 0B       		.uleb128 0xb
 404 0027 49       		.uleb128 0x49
ARM GAS  C:\Users\acer\AppData\Local\Temp\ccFiexGU.s 			page 9


 405 0028 13       		.uleb128 0x13
 406 0029 00       		.byte	0
 407 002a 00       		.byte	0
 408 002b 04       		.uleb128 0x4
 409 002c 24       		.uleb128 0x24
 410 002d 00       		.byte	0
 411 002e 0B       		.uleb128 0xb
 412 002f 0B       		.uleb128 0xb
 413 0030 3E       		.uleb128 0x3e
 414 0031 0B       		.uleb128 0xb
 415 0032 03       		.uleb128 0x3
 416 0033 08       		.uleb128 0x8
 417 0034 00       		.byte	0
 418 0035 00       		.byte	0
 419 0036 05       		.uleb128 0x5
 420 0037 04       		.uleb128 0x4
 421 0038 01       		.byte	0x1
 422 0039 0B       		.uleb128 0xb
 423 003a 0B       		.uleb128 0xb
 424 003b 49       		.uleb128 0x49
 425 003c 13       		.uleb128 0x13
 426 003d 3A       		.uleb128 0x3a
 427 003e 0B       		.uleb128 0xb
 428 003f 3B       		.uleb128 0x3b
 429 0040 0B       		.uleb128 0xb
 430 0041 01       		.uleb128 0x1
 431 0042 13       		.uleb128 0x13
 432 0043 00       		.byte	0
 433 0044 00       		.byte	0
 434 0045 06       		.uleb128 0x6
 435 0046 28       		.uleb128 0x28
 436 0047 00       		.byte	0
 437 0048 03       		.uleb128 0x3
 438 0049 0E       		.uleb128 0xe
 439 004a 1C       		.uleb128 0x1c
 440 004b 0B       		.uleb128 0xb
 441 004c 00       		.byte	0
 442 004d 00       		.byte	0
 443 004e 07       		.uleb128 0x7
 444 004f 28       		.uleb128 0x28
 445 0050 00       		.byte	0
 446 0051 03       		.uleb128 0x3
 447 0052 0E       		.uleb128 0xe
 448 0053 1C       		.uleb128 0x1c
 449 0054 0D       		.uleb128 0xd
 450 0055 00       		.byte	0
 451 0056 00       		.byte	0
 452 0057 08       		.uleb128 0x8
 453 0058 13       		.uleb128 0x13
 454 0059 01       		.byte	0x1
 455 005a 0B       		.uleb128 0xb
 456 005b 0B       		.uleb128 0xb
 457 005c 3A       		.uleb128 0x3a
 458 005d 0B       		.uleb128 0xb
 459 005e 3B       		.uleb128 0x3b
 460 005f 0B       		.uleb128 0xb
 461 0060 01       		.uleb128 0x1
ARM GAS  C:\Users\acer\AppData\Local\Temp\ccFiexGU.s 			page 10


 462 0061 13       		.uleb128 0x13
 463 0062 00       		.byte	0
 464 0063 00       		.byte	0
 465 0064 09       		.uleb128 0x9
 466 0065 0D       		.uleb128 0xd
 467 0066 00       		.byte	0
 468 0067 03       		.uleb128 0x3
 469 0068 0E       		.uleb128 0xe
 470 0069 3A       		.uleb128 0x3a
 471 006a 0B       		.uleb128 0xb
 472 006b 3B       		.uleb128 0x3b
 473 006c 0B       		.uleb128 0xb
 474 006d 49       		.uleb128 0x49
 475 006e 13       		.uleb128 0x13
 476 006f 38       		.uleb128 0x38
 477 0070 0B       		.uleb128 0xb
 478 0071 00       		.byte	0
 479 0072 00       		.byte	0
 480 0073 0A       		.uleb128 0xa
 481 0074 2E       		.uleb128 0x2e
 482 0075 01       		.byte	0x1
 483 0076 3F       		.uleb128 0x3f
 484 0077 19       		.uleb128 0x19
 485 0078 03       		.uleb128 0x3
 486 0079 0E       		.uleb128 0xe
 487 007a 3A       		.uleb128 0x3a
 488 007b 0B       		.uleb128 0xb
 489 007c 3B       		.uleb128 0x3b
 490 007d 0B       		.uleb128 0xb
 491 007e 27       		.uleb128 0x27
 492 007f 19       		.uleb128 0x19
 493 0080 49       		.uleb128 0x49
 494 0081 13       		.uleb128 0x13
 495 0082 11       		.uleb128 0x11
 496 0083 01       		.uleb128 0x1
 497 0084 12       		.uleb128 0x12
 498 0085 06       		.uleb128 0x6
 499 0086 40       		.uleb128 0x40
 500 0087 18       		.uleb128 0x18
 501 0088 9742     		.uleb128 0x2117
 502 008a 19       		.uleb128 0x19
 503 008b 01       		.uleb128 0x1
 504 008c 13       		.uleb128 0x13
 505 008d 00       		.byte	0
 506 008e 00       		.byte	0
 507 008f 0B       		.uleb128 0xb
 508 0090 05       		.uleb128 0x5
 509 0091 00       		.byte	0
 510 0092 03       		.uleb128 0x3
 511 0093 0E       		.uleb128 0xe
 512 0094 3A       		.uleb128 0x3a
 513 0095 0B       		.uleb128 0xb
 514 0096 3B       		.uleb128 0x3b
 515 0097 0B       		.uleb128 0xb
 516 0098 49       		.uleb128 0x49
 517 0099 13       		.uleb128 0x13
 518 009a 02       		.uleb128 0x2
ARM GAS  C:\Users\acer\AppData\Local\Temp\ccFiexGU.s 			page 11


 519 009b 17       		.uleb128 0x17
 520 009c 00       		.byte	0
 521 009d 00       		.byte	0
 522 009e 0C       		.uleb128 0xc
 523 009f 898201   		.uleb128 0x4109
 524 00a2 00       		.byte	0
 525 00a3 11       		.uleb128 0x11
 526 00a4 01       		.uleb128 0x1
 527 00a5 31       		.uleb128 0x31
 528 00a6 13       		.uleb128 0x13
 529 00a7 00       		.byte	0
 530 00a8 00       		.byte	0
 531 00a9 0D       		.uleb128 0xd
 532 00aa 0F       		.uleb128 0xf
 533 00ab 00       		.byte	0
 534 00ac 0B       		.uleb128 0xb
 535 00ad 0B       		.uleb128 0xb
 536 00ae 49       		.uleb128 0x49
 537 00af 13       		.uleb128 0x13
 538 00b0 00       		.byte	0
 539 00b1 00       		.byte	0
 540 00b2 0E       		.uleb128 0xe
 541 00b3 26       		.uleb128 0x26
 542 00b4 00       		.byte	0
 543 00b5 49       		.uleb128 0x49
 544 00b6 13       		.uleb128 0x13
 545 00b7 00       		.byte	0
 546 00b8 00       		.byte	0
 547 00b9 0F       		.uleb128 0xf
 548 00ba 34       		.uleb128 0x34
 549 00bb 00       		.byte	0
 550 00bc 03       		.uleb128 0x3
 551 00bd 0E       		.uleb128 0xe
 552 00be 3A       		.uleb128 0x3a
 553 00bf 0B       		.uleb128 0xb
 554 00c0 3B       		.uleb128 0x3b
 555 00c1 0B       		.uleb128 0xb
 556 00c2 49       		.uleb128 0x49
 557 00c3 13       		.uleb128 0x13
 558 00c4 3F       		.uleb128 0x3f
 559 00c5 19       		.uleb128 0x19
 560 00c6 3C       		.uleb128 0x3c
 561 00c7 19       		.uleb128 0x19
 562 00c8 00       		.byte	0
 563 00c9 00       		.byte	0
 564 00ca 10       		.uleb128 0x10
 565 00cb 34       		.uleb128 0x34
 566 00cc 00       		.byte	0
 567 00cd 03       		.uleb128 0x3
 568 00ce 0E       		.uleb128 0xe
 569 00cf 3A       		.uleb128 0x3a
 570 00d0 0B       		.uleb128 0xb
 571 00d1 3B       		.uleb128 0x3b
 572 00d2 05       		.uleb128 0x5
 573 00d3 49       		.uleb128 0x49
 574 00d4 13       		.uleb128 0x13
 575 00d5 3F       		.uleb128 0x3f
ARM GAS  C:\Users\acer\AppData\Local\Temp\ccFiexGU.s 			page 12


 576 00d6 19       		.uleb128 0x19
 577 00d7 3C       		.uleb128 0x3c
 578 00d8 19       		.uleb128 0x19
 579 00d9 00       		.byte	0
 580 00da 00       		.byte	0
 581 00db 11       		.uleb128 0x11
 582 00dc 35       		.uleb128 0x35
 583 00dd 00       		.byte	0
 584 00de 49       		.uleb128 0x49
 585 00df 13       		.uleb128 0x13
 586 00e0 00       		.byte	0
 587 00e1 00       		.byte	0
 588 00e2 12       		.uleb128 0x12
 589 00e3 2E       		.uleb128 0x2e
 590 00e4 00       		.byte	0
 591 00e5 3F       		.uleb128 0x3f
 592 00e6 19       		.uleb128 0x19
 593 00e7 3C       		.uleb128 0x3c
 594 00e8 19       		.uleb128 0x19
 595 00e9 6E       		.uleb128 0x6e
 596 00ea 0E       		.uleb128 0xe
 597 00eb 03       		.uleb128 0x3
 598 00ec 0E       		.uleb128 0xe
 599 00ed 3A       		.uleb128 0x3a
 600 00ee 0B       		.uleb128 0xb
 601 00ef 3B       		.uleb128 0x3b
 602 00f0 0B       		.uleb128 0xb
 603 00f1 00       		.byte	0
 604 00f2 00       		.byte	0
 605 00f3 00       		.byte	0
 606              		.section	.debug_loc,"",%progbits
 607              	.Ldebug_loc0:
 608              	.LLST0:
 609 0000 00000000 		.4byte	.LVL0
 610 0004 07000000 		.4byte	.LVL1-1
 611 0008 0100     		.2byte	0x1
 612 000a 50       		.byte	0x50
 613 000b 07000000 		.4byte	.LVL1-1
 614 000f 12000000 		.4byte	.LFE110
 615 0013 0100     		.2byte	0x1
 616 0015 54       		.byte	0x54
 617 0016 00000000 		.4byte	0
 618 001a 00000000 		.4byte	0
 619              		.section	.debug_aranges,"",%progbits
 620 0000 1C000000 		.4byte	0x1c
 621 0004 0200     		.2byte	0x2
 622 0006 00000000 		.4byte	.Ldebug_info0
 623 000a 04       		.byte	0x4
 624 000b 00       		.byte	0
 625 000c 0000     		.2byte	0
 626 000e 0000     		.2byte	0
 627 0010 00000000 		.4byte	.LFB110
 628 0014 12000000 		.4byte	.LFE110-.LFB110
 629 0018 00000000 		.4byte	0
 630 001c 00000000 		.4byte	0
 631              		.section	.debug_ranges,"",%progbits
 632              	.Ldebug_ranges0:
ARM GAS  C:\Users\acer\AppData\Local\Temp\ccFiexGU.s 			page 13


 633 0000 00000000 		.4byte	.LFB110
 634 0004 12000000 		.4byte	.LFE110
 635 0008 00000000 		.4byte	0
 636 000c 00000000 		.4byte	0
 637              		.section	.debug_line,"",%progbits
 638              	.Ldebug_line0:
 639 0000 50020000 		.section	.debug_str,"MS",%progbits,1
 639      02003802 
 639      00000201 
 639      FB0E0D00 
 639      01010101 
 640              	.LASF37:
 641 0000 52435F45 		.ascii	"RC_ERROR_READ_ONLY\000"
 641      52524F52 
 641      5F524541 
 641      445F4F4E 
 641      4C5900
 642              	.LASF23:
 643 0013 52435F53 		.ascii	"RC_SUCCESS\000"
 643      55434345 
 643      535300
 644              	.LASF38:
 645 001e 52435F45 		.ascii	"RC_ERROR_WRITE_ONLY\000"
 645      52524F52 
 645      5F575249 
 645      54455F4F 
 645      4E4C5900 
 646              	.LASF58:
 647 0032 50574D5F 		.ascii	"PWM_RGB_SET\000"
 647      5247425F 
 647      53455400 
 648              	.LASF2:
 649 003e 73686F72 		.ascii	"short int\000"
 649      7420696E 
 649      7400
 650              	.LASF29:
 651 0048 52435F45 		.ascii	"RC_ERROR_OVERRUN\000"
 651      52524F52 
 651      5F4F5645 
 651      5252554E 
 651      00
 652              	.LASF41:
 653 0059 52435F45 		.ascii	"RC_ERROR_WRITE_FAILS\000"
 653      52524F52 
 653      5F575249 
 653      54455F46 
 653      41494C53 
 654              	.LASF22:
 655 006e 73697A65 		.ascii	"sizetype\000"
 655      74797065 
 655      00
 656              	.LASF26:
 657 0077 52435F45 		.ascii	"RC_ERROR_ZERO\000"
 657      52524F52 
 657      5F5A4552 
 657      4F00
 658              	.LASF20:
ARM GAS  C:\Users\acer\AppData\Local\Temp\ccFiexGU.s 			page 14


 659 0085 45455F46 		.ascii	"EE_FREG\000"
 659      52454700 
 660              	.LASF40:
 661 008d 52435F45 		.ascii	"RC_ERROR_READ_FAILS\000"
 661      52524F52 
 661      5F524541 
 661      445F4641 
 661      494C5300 
 662              	.LASF63:
 663 00a1 53435F45 		.ascii	"SC_ENGINE_driverOut\000"
 663      4E47494E 
 663      455F6472 
 663      69766572 
 663      4F757400 
 664              	.LASF18:
 665 00b5 45455F55 		.ascii	"EE_UINT32\000"
 665      494E5433 
 665      3200
 666              	.LASF21:
 667 00bf 45455F54 		.ascii	"EE_TID\000"
 667      494400
 668              	.LASF11:
 669 00c6 75696E74 		.ascii	"uint8_t\000"
 669      385F7400 
 670              	.LASF46:
 671 00ce 52435F45 		.ascii	"RC_ERROR_INVALID_STATE\000"
 671      52524F52 
 671      5F494E56 
 671      414C4944 
 671      5F535441 
 672              	.LASF55:
 673 00e5 45455F49 		.ascii	"EE_IRQ_nesting_level\000"
 673      52515F6E 
 673      65737469 
 673      6E675F6C 
 673      6576656C 
 674              	.LASF54:
 675 00fa 45455F73 		.ascii	"EE_std_endcycle_next_tid\000"
 675      74645F65 
 675      6E646379 
 675      636C655F 
 675      6E657874 
 676              	.LASF28:
 677 0113 52435F45 		.ascii	"RC_ERROR_RANGE\000"
 677      52524F52 
 677      5F52414E 
 677      474500
 678              	.LASF13:
 679 0122 666C6F61 		.ascii	"float\000"
 679      7400
 680              	.LASF48:
 681 0128 52435F45 		.ascii	"RC_ERROR_NOT_IMPLEMENTED\000"
 681      52524F52 
 681      5F4E4F54 
 681      5F494D50 
 681      4C454D45 
 682              	.LASF8:
ARM GAS  C:\Users\acer\AppData\Local\Temp\ccFiexGU.s 			page 15


 683 0141 6C6F6E67 		.ascii	"long long int\000"
 683      206C6F6E 
 683      6720696E 
 683      7400
 684              	.LASF52:
 685 014f 45455F6F 		.ascii	"EE_oo_IRQ_suspend_status\000"
 685      6F5F4952 
 685      515F7375 
 685      7370656E 
 685      645F7374 
 686              	.LASF42:
 687 0168 52435F45 		.ascii	"RC_ERROR_NOT_MATCH\000"
 687      52524F52 
 687      5F4E4F54 
 687      5F4D4154 
 687      434800
 688              	.LASF47:
 689 017b 52435F45 		.ascii	"RC_ERROR_UNKNOWN\000"
 689      52524F52 
 689      5F554E4B 
 689      4E4F574E 
 689      00
 690              	.LASF6:
 691 018c 6C6F6E67 		.ascii	"long int\000"
 691      20696E74 
 691      00
 692              	.LASF30:
 693 0195 52435F45 		.ascii	"RC_ERROR_UNDERRUN\000"
 693      52524F52 
 693      5F554E44 
 693      45525255 
 693      4E00
 694              	.LASF33:
 695 01a7 52435F45 		.ascii	"RC_ERROR_BUSY\000"
 695      52524F52 
 695      5F425553 
 695      5900
 696              	.LASF4:
 697 01b5 5F5F7569 		.ascii	"__uint8_t\000"
 697      6E74385F 
 697      7400
 698              	.LASF39:
 699 01bf 52435F45 		.ascii	"RC_ERROR_INVALID\000"
 699      52524F52 
 699      5F494E56 
 699      414C4944 
 699      00
 700              	.LASF44:
 701 01d0 52435F45 		.ascii	"RC_ERROR_BAD_DATA\000"
 701      52524F52 
 701      5F424144 
 701      5F444154 
 701      4100
 702              	.LASF16:
 703 01e2 6C6F6E67 		.ascii	"long double\000"
 703      20646F75 
 703      626C6500 
ARM GAS  C:\Users\acer\AppData\Local\Temp\ccFiexGU.s 			page 16


 704              	.LASF1:
 705 01ee 756E7369 		.ascii	"unsigned char\000"
 705      676E6564 
 705      20636861 
 705      7200
 706              	.LASF61:
 707 01fc 433A5C53 		.ascii	"C:\\Sandbox\\Sem2\\EAA\\Lab\\Lab01\\Lab01EAA\\EGasP"
 707      616E6462 
 707      6F785C53 
 707      656D325C 
 707      4541415C 
 708 0228 6564616C 		.ascii	"edal.cydsn\000"
 708      2E637964 
 708      736E00
 709              	.LASF62:
 710 0233 656E6769 		.ascii	"engine\000"
 710      6E6500
 711              	.LASF0:
 712 023a 7369676E 		.ascii	"signed char\000"
 712      65642063 
 712      68617200 
 713              	.LASF9:
 714 0246 6C6F6E67 		.ascii	"long long unsigned int\000"
 714      206C6F6E 
 714      6720756E 
 714      7369676E 
 714      65642069 
 715              	.LASF10:
 716 025d 756E7369 		.ascii	"unsigned int\000"
 716      676E6564 
 716      20696E74 
 716      00
 717              	.LASF35:
 718 026a 52435F45 		.ascii	"RC_ERROR_OPEN\000"
 718      52524F52 
 718      5F4F5045 
 718      4E00
 719              	.LASF25:
 720 0278 52435F45 		.ascii	"RC_ERROR_NULL\000"
 720      52524F52 
 720      5F4E554C 
 720      4C00
 721              	.LASF32:
 722 0286 52435F45 		.ascii	"RC_ERROR_BUFFER_EMTPY\000"
 722      52524F52 
 722      5F425546 
 722      4645525F 
 722      454D5450 
 723              	.LASF17:
 724 029c 45455F49 		.ascii	"EE_INT32\000"
 724      4E543332 
 724      00
 725              	.LASF3:
 726 02a5 73686F72 		.ascii	"short unsigned int\000"
 726      7420756E 
 726      7369676E 
 726      65642069 
ARM GAS  C:\Users\acer\AppData\Local\Temp\ccFiexGU.s 			page 17


 726      6E7400
 727              	.LASF59:
 728 02b8 474E5520 		.ascii	"GNU C11 5.4.1 20160609 (release) [ARM/embedded-5-br"
 728      43313120 
 728      352E342E 
 728      31203230 
 728      31363036 
 729 02eb 616E6368 		.ascii	"anch revision 237715] -mcpu=cortex-m3 -mthumb -g -O"
 729      20726576 
 729      6973696F 
 729      6E203233 
 729      37373135 
 730 031e 67202D66 		.ascii	"g -ffunction-sections -ffat-lto-objects\000"
 730      66756E63 
 730      74696F6E 
 730      2D736563 
 730      74696F6E 
 731              	.LASF15:
 732 0346 63686172 		.ascii	"char\000"
 732      00
 733              	.LASF31:
 734 034b 52435F45 		.ascii	"RC_ERROR_BUFFER_FULL\000"
 734      52524F52 
 734      5F425546 
 734      4645525F 
 734      46554C4C 
 735              	.LASF12:
 736 0360 696E7433 		.ascii	"int32_t\000"
 736      325F7400 
 737              	.LASF43:
 738 0368 52435F45 		.ascii	"RC_ERROR_BAD_PARAM\000"
 738      52524F52 
 738      5F424144 
 738      5F504152 
 738      414D00
 739              	.LASF64:
 740 037b 64617461 		.ascii	"data\000"
 740      00
 741              	.LASF53:
 742 0380 45455F41 		.ascii	"EE_ApplicationMode\000"
 742      70706C69 
 742      63617469 
 742      6F6E4D6F 
 742      646500
 743              	.LASF7:
 744 0393 6C6F6E67 		.ascii	"long unsigned int\000"
 744      20756E73 
 744      69676E65 
 744      6420696E 
 744      7400
 745              	.LASF60:
 746 03a5 736F7572 		.ascii	"source\\rte\\sc_engine_type.c\000"
 746      63655C72 
 746      74655C73 
 746      635F656E 
 746      67696E65 
 747              	.LASF36:
ARM GAS  C:\Users\acer\AppData\Local\Temp\ccFiexGU.s 			page 18


 748 03c1 52435F45 		.ascii	"RC_ERROR_CHECKSUM\000"
 748      52524F52 
 748      5F434845 
 748      434B5355 
 748      4D00
 749              	.LASF19:
 750 03d3 45455F55 		.ascii	"EE_UREG\000"
 750      52454700 
 751              	.LASF5:
 752 03db 5F5F696E 		.ascii	"__int32_t\000"
 752      7433325F 
 752      7400
 753              	.LASF57:
 754 03e5 50574D5F 		.ascii	"PWM_Init\000"
 754      496E6974 
 754      00
 755              	.LASF45:
 756 03ee 52435F45 		.ascii	"RC_ERROR_CANCELED\000"
 756      52524F52 
 756      5F43414E 
 756      43454C45 
 756      4400
 757              	.LASF14:
 758 0400 646F7562 		.ascii	"double\000"
 758      6C6500
 759              	.LASF50:
 760 0407 53435F45 		.ascii	"SC_ENGINE_data_t\000"
 760      4E47494E 
 760      455F6461 
 760      74615F74 
 760      00
 761              	.LASF56:
 762 0418 49544D5F 		.ascii	"ITM_RxBuffer\000"
 762      52784275 
 762      66666572 
 762      00
 763              	.LASF24:
 764 0425 52435F45 		.ascii	"RC_ERROR\000"
 764      52524F52 
 764      00
 765              	.LASF27:
 766 042e 52435F45 		.ascii	"RC_ERROR_MEMORY\000"
 766      52524F52 
 766      5F4D454D 
 766      4F525900 
 767              	.LASF51:
 768 043e 45455F6F 		.ascii	"EE_oo_IRQ_disable_count\000"
 768      6F5F4952 
 768      515F6469 
 768      7361626C 
 768      655F636F 
 769              	.LASF49:
 770 0456 52435F74 		.ascii	"RC_t\000"
 770      00
 771              	.LASF34:
 772 045b 52435F45 		.ascii	"RC_ERROR_TIME_OUT\000"
 772      52524F52 
ARM GAS  C:\Users\acer\AppData\Local\Temp\ccFiexGU.s 			page 19


 772      5F54494D 
 772      455F4F55 
 772      5400
 773              		.ident	"GCC: (GNU Tools for ARM Embedded Processors) 5.4.1 20160609 (release) [ARM/embedded-5-bran
