ARM GAS  C:\Users\acer\AppData\Local\Temp\ccoURMdx.s 			page 1


   1              		.syntax unified
   2              		.cpu cortex-m3
   3              		.fpu softvfp
   4              		.eabi_attribute 20, 1
   5              		.eabi_attribute 21, 1
   6              		.eabi_attribute 23, 3
   7              		.eabi_attribute 24, 1
   8              		.eabi_attribute 25, 1
   9              		.eabi_attribute 26, 1
  10              		.eabi_attribute 30, 1
  11              		.eabi_attribute 34, 1
  12              		.eabi_attribute 18, 4
  13              		.thumb
  14              		.syntax unified
  15              		.file	"sc_joystick_type.c"
  16              		.text
  17              	.Ltext0:
  18              		.cfi_sections	.debug_frame
  19              		.section	.text.SC_JOYSTICK_driverIn,"ax",%progbits
  20              		.align	2
  21              		.global	SC_JOYSTICK_driverIn
  22              		.thumb
  23              		.thumb_func
  24              		.type	SC_JOYSTICK_driverIn, %function
  25              	SC_JOYSTICK_driverIn:
  26              	.LFB110:
  27              		.file 1 "source\\rte\\sc_joystick_type.c"
   1:source\rte/sc_joystick_type.c **** /*
   2:source\rte/sc_joystick_type.c ****  * Filename: sc_joystick_type.c
   3:source\rte/sc_joystick_type.c ****  *
   4:source\rte/sc_joystick_type.c ****  * Author: Autogenerated by H-DA RTE Generator, (c) Prof. Fromm
   5:source\rte/sc_joystick_type.c ****  *
   6:source\rte/sc_joystick_type.c ****  * description: Signalclass
   7:source\rte/sc_joystick_type.c ****  * name: sc_joystick
   8:source\rte/sc_joystick_type.c ****  * shortname: joystick
   9:source\rte/sc_joystick_type.c ****  *
  10:source\rte/sc_joystick_type.c ****  */
  11:source\rte/sc_joystick_type.c **** 
  12:source\rte/sc_joystick_type.c **** #include "project.h"
  13:source\rte/sc_joystick_type.c **** #include "global.h"
  14:source\rte/sc_joystick_type.c **** #include "rte.h"
  15:source\rte/sc_joystick_type.c **** #include "rte_types.h"
  16:source\rte/sc_joystick_type.c **** #include "sc_joystick_type.h"
  17:source\rte/sc_joystick_type.c **** 
  18:source\rte/sc_joystick_type.c **** 
  19:source\rte/sc_joystick_type.c **** 
  20:source\rte/sc_joystick_type.c **** /* USER CODE START SC_JOYSTICK_INCLUDE */
  21:source\rte/sc_joystick_type.c **** #include "joystick.h"
  22:source\rte/sc_joystick_type.c **** /* USER CODE END SC_JOYSTICK_INCLUDE */
  23:source\rte/sc_joystick_type.c **** 
  24:source\rte/sc_joystick_type.c **** 
  25:source\rte/sc_joystick_type.c **** 
  26:source\rte/sc_joystick_type.c **** 
  27:source\rte/sc_joystick_type.c **** /* USER CODE START SC_JOYSTICK_USERDEFINITIONS */
  28:source\rte/sc_joystick_type.c **** 
  29:source\rte/sc_joystick_type.c **** /* USER CODE END SC_JOYSTICK_USERDEFINITIONS */
  30:source\rte/sc_joystick_type.c **** 
ARM GAS  C:\Users\acer\AppData\Local\Temp\ccoURMdx.s 			page 2


  31:source\rte/sc_joystick_type.c **** 
  32:source\rte/sc_joystick_type.c **** /*****************************************************************************************
  33:source\rte/sc_joystick_type.c ****  *************** Port Wrapper Implementation for SC_JOYSTICK signal  ****************
  34:source\rte/sc_joystick_type.c ****  *****************************************************************************************/
  35:source\rte/sc_joystick_type.c ****  
  36:source\rte/sc_joystick_type.c ****  
  37:source\rte/sc_joystick_type.c **** 
  38:source\rte/sc_joystick_type.c **** /**
  39:source\rte/sc_joystick_type.c ****  * Default IN driver API
  40:source\rte/sc_joystick_type.c ****  */
  41:source\rte/sc_joystick_type.c **** inline RC_t SC_JOYSTICK_driverIn(SC_JOYSTICK_data_t *const data)
  42:source\rte/sc_joystick_type.c **** {
  28              		.loc 1 42 0
  29              		.cfi_startproc
  30              		@ args = 0, pretend = 0, frame = 0
  31              		@ frame_needed = 0, uses_anonymous_args = 0
  32              	.LVL0:
  33 0000 08B5     		push	{r3, lr}
  34              		.cfi_def_cfa_offset 8
  35              		.cfi_offset 3, -8
  36              		.cfi_offset 14, -4
  43:source\rte/sc_joystick_type.c **** 	/* USER CODE START driverInSC_JOYSTICK */
  44:source\rte/sc_joystick_type.c ****     JOYSTICK_ReadPosition(&data->x_dir, &data->y_dir);
  37              		.loc 1 44 0
  38 0002 411C     		adds	r1, r0, #1
  39 0004 FFF7FEFF 		bl	JOYSTICK_ReadPosition
  40              	.LVL1:
  45:source\rte/sc_joystick_type.c ****     
  46:source\rte/sc_joystick_type.c **** 	//Read data from the MCAL driver
  47:source\rte/sc_joystick_type.c **** 
  48:source\rte/sc_joystick_type.c **** 	//Scale it to the application type
  49:source\rte/sc_joystick_type.c **** 
  50:source\rte/sc_joystick_type.c **** 	return RC_SUCCESS;
  51:source\rte/sc_joystick_type.c **** 	/* USER CODE END driverInSC_JOYSTICK */
  52:source\rte/sc_joystick_type.c **** }
  41              		.loc 1 52 0
  42 0008 0020     		movs	r0, #0
  43 000a 08BD     		pop	{r3, pc}
  44              		.cfi_endproc
  45              	.LFE110:
  46              		.size	SC_JOYSTICK_driverIn, .-SC_JOYSTICK_driverIn
  47              		.text
  48              	.Letext0:
  49              		.file 2 "c:\\program files (x86)\\cypress\\psoc creator\\4.4\\psoc creator\\import\\gnu\\arm\\5.4.
  50              		.file 3 "c:\\program files (x86)\\cypress\\psoc creator\\4.4\\psoc creator\\import\\gnu\\arm\\5.4.
  51              		.file 4 "Generated_Source\\PSoC5/ErikaOS_1_common_ee_types.inc"
  52              		.file 5 "Generated_Source\\PSoC5/ErikaOS_1_cortex_mx_ee_cpu.inc"
  53              		.file 6 ".\\source\\bsw/global.h"
  54              		.file 7 "source\\rte\\sc_joystick_type.h"
  55              		.file 8 "Generated_Source\\PSoC5/ErikaOS_1_ee_oo_intfunc.inc"
  56              		.file 9 "Generated_Source\\PSoC5/ErikaOS_1_cortex_mx_ee_context.inc"
  57              		.file 10 "Generated_Source\\PSoC5/ErikaOS_1_common_ee_primitives.inc"
  58              		.file 11 "Generated_Source\\PSoC5/core_cm3.h"
  59              		.file 12 ".\\source\\bsw/joystick.h"
  60              		.section	.debug_info,"",%progbits
  61              	.Ldebug_info0:
  62 0000 64020000 		.4byte	0x264
ARM GAS  C:\Users\acer\AppData\Local\Temp\ccoURMdx.s 			page 3


  63 0004 0400     		.2byte	0x4
  64 0006 00000000 		.4byte	.Ldebug_abbrev0
  65 000a 04       		.byte	0x4
  66 000b 01       		.uleb128 0x1
  67 000c 7C020000 		.4byte	.LASF58
  68 0010 0C       		.byte	0xc
  69 0011 2C030000 		.4byte	.LASF59
  70 0015 C4030000 		.4byte	.LASF60
  71 0019 00000000 		.4byte	.Ldebug_ranges0+0
  72 001d 00000000 		.4byte	0
  73 0021 00000000 		.4byte	.Ldebug_line0
  74 0025 02       		.uleb128 0x2
  75 0026 01       		.byte	0x1
  76 0027 06       		.byte	0x6
  77 0028 FE010000 		.4byte	.LASF0
  78 002c 02       		.uleb128 0x2
  79 002d 01       		.byte	0x1
  80 002e 08       		.byte	0x8
  81 002f D7010000 		.4byte	.LASF1
  82 0033 02       		.uleb128 0x2
  83 0034 02       		.byte	0x2
  84 0035 05       		.byte	0x5
  85 0036 32000000 		.4byte	.LASF2
  86 003a 02       		.uleb128 0x2
  87 003b 02       		.byte	0x2
  88 003c 07       		.byte	0x7
  89 003d 69020000 		.4byte	.LASF3
  90 0041 03       		.uleb128 0x3
  91 0042 A8030000 		.4byte	.LASF9
  92 0046 02       		.byte	0x2
  93 0047 3F       		.byte	0x3f
  94 0048 4C000000 		.4byte	0x4c
  95 004c 02       		.uleb128 0x2
  96 004d 04       		.byte	0x4
  97 004e 05       		.byte	0x5
  98 004f 6A010000 		.4byte	.LASF4
  99 0053 02       		.uleb128 0x2
 100 0054 04       		.byte	0x4
 101 0055 07       		.byte	0x7
 102 0056 75030000 		.4byte	.LASF5
 103 005a 02       		.uleb128 0x2
 104 005b 08       		.byte	0x8
 105 005c 05       		.byte	0x5
 106 005d 1F010000 		.4byte	.LASF6
 107 0061 02       		.uleb128 0x2
 108 0062 08       		.byte	0x8
 109 0063 07       		.byte	0x7
 110 0064 0A020000 		.4byte	.LASF7
 111 0068 04       		.uleb128 0x4
 112 0069 04       		.byte	0x4
 113 006a 05       		.byte	0x5
 114 006b 696E7400 		.ascii	"int\000"
 115 006f 02       		.uleb128 0x2
 116 0070 04       		.byte	0x4
 117 0071 07       		.byte	0x7
 118 0072 21020000 		.4byte	.LASF8
 119 0076 03       		.uleb128 0x3
ARM GAS  C:\Users\acer\AppData\Local\Temp\ccoURMdx.s 			page 4


 120 0077 24030000 		.4byte	.LASF10
 121 007b 03       		.byte	0x3
 122 007c 2C       		.byte	0x2c
 123 007d 41000000 		.4byte	0x41
 124 0081 02       		.uleb128 0x2
 125 0082 04       		.byte	0x4
 126 0083 04       		.byte	0x4
 127 0084 00010000 		.4byte	.LASF11
 128 0088 02       		.uleb128 0x2
 129 0089 08       		.byte	0x8
 130 008a 04       		.byte	0x4
 131 008b 87030000 		.4byte	.LASF12
 132 008f 02       		.uleb128 0x2
 133 0090 01       		.byte	0x1
 134 0091 08       		.byte	0x8
 135 0092 0A030000 		.4byte	.LASF13
 136 0096 02       		.uleb128 0x2
 137 0097 08       		.byte	0x8
 138 0098 04       		.byte	0x4
 139 0099 CB010000 		.4byte	.LASF14
 140 009d 03       		.uleb128 0x3
 141 009e 60020000 		.4byte	.LASF15
 142 00a2 04       		.byte	0x4
 143 00a3 53       		.byte	0x53
 144 00a4 68000000 		.4byte	0x68
 145 00a8 03       		.uleb128 0x3
 146 00a9 9B000000 		.4byte	.LASF16
 147 00ad 04       		.byte	0x4
 148 00ae 54       		.byte	0x54
 149 00af 6F000000 		.4byte	0x6f
 150 00b3 03       		.uleb128 0x3
 151 00b4 A0030000 		.4byte	.LASF17
 152 00b8 05       		.byte	0x5
 153 00b9 4D       		.byte	0x4d
 154 00ba A8000000 		.4byte	0xa8
 155 00be 03       		.uleb128 0x3
 156 00bf 79000000 		.4byte	.LASF18
 157 00c3 05       		.byte	0x5
 158 00c4 4F       		.byte	0x4f
 159 00c5 A8000000 		.4byte	0xa8
 160 00c9 03       		.uleb128 0x3
 161 00ca A5000000 		.4byte	.LASF19
 162 00ce 05       		.byte	0x5
 163 00cf 78       		.byte	0x78
 164 00d0 9D000000 		.4byte	0x9d
 165 00d4 02       		.uleb128 0x2
 166 00d5 04       		.byte	0x4
 167 00d6 07       		.byte	0x7
 168 00d7 62000000 		.4byte	.LASF20
 169 00db 03       		.uleb128 0x3
 170 00dc 5E040000 		.4byte	.LASF21
 171 00e0 06       		.byte	0x6
 172 00e1 90       		.byte	0x90
 173 00e2 25000000 		.4byte	0x25
 174 00e6 05       		.uleb128 0x5
 175 00e7 01       		.byte	0x1
 176 00e8 25000000 		.4byte	0x25
ARM GAS  C:\Users\acer\AppData\Local\Temp\ccoURMdx.s 			page 5


 177 00ec 06       		.byte	0x6
 178 00ed CF       		.byte	0xcf
 179 00ee 8F010000 		.4byte	0x18f
 180 00f2 06       		.uleb128 0x6
 181 00f3 13000000 		.4byte	.LASF22
 182 00f7 00       		.byte	0
 183 00f8 07       		.uleb128 0x7
 184 00f9 12040000 		.4byte	.LASF23
 185 00fd 7F       		.sleb128 -1
 186 00fe 07       		.uleb128 0x7
 187 00ff 3C020000 		.4byte	.LASF24
 188 0103 7E       		.sleb128 -2
 189 0104 07       		.uleb128 0x7
 190 0105 6B000000 		.4byte	.LASF25
 191 0109 7D       		.sleb128 -3
 192 010a 07       		.uleb128 0x7
 193 010b 31040000 		.4byte	.LASF26
 194 010f 7C       		.sleb128 -4
 195 0110 07       		.uleb128 0x7
 196 0111 F1000000 		.4byte	.LASF27
 197 0115 7B       		.sleb128 -5
 198 0116 07       		.uleb128 0x7
 199 0117 3C000000 		.4byte	.LASF28
 200 011b 7A       		.sleb128 -6
 201 011c 07       		.uleb128 0x7
 202 011d 73010000 		.4byte	.LASF29
 203 0121 79       		.sleb128 -7
 204 0122 07       		.uleb128 0x7
 205 0123 0F030000 		.4byte	.LASF30
 206 0127 78       		.sleb128 -8
 207 0128 07       		.uleb128 0x7
 208 0129 4A020000 		.4byte	.LASF31
 209 012d 77       		.sleb128 -9
 210 012e 07       		.uleb128 0x7
 211 012f 85010000 		.4byte	.LASF32
 212 0133 76       		.sleb128 -10
 213 0134 07       		.uleb128 0x7
 214 0135 66040000 		.4byte	.LASF33
 215 0139 75       		.sleb128 -11
 216 013a 07       		.uleb128 0x7
 217 013b 2E020000 		.4byte	.LASF34
 218 013f 74       		.sleb128 -12
 219 0140 07       		.uleb128 0x7
 220 0141 8E030000 		.4byte	.LASF35
 221 0145 73       		.sleb128 -13
 222 0146 07       		.uleb128 0x7
 223 0147 00000000 		.4byte	.LASF36
 224 014b 72       		.sleb128 -14
 225 014c 07       		.uleb128 0x7
 226 014d 1E000000 		.4byte	.LASF37
 227 0151 71       		.sleb128 -15
 228 0152 07       		.uleb128 0x7
 229 0153 93010000 		.4byte	.LASF38
 230 0157 70       		.sleb128 -16
 231 0158 07       		.uleb128 0x7
 232 0159 81000000 		.4byte	.LASF39
 233 015d 6F       		.sleb128 -17
ARM GAS  C:\Users\acer\AppData\Local\Temp\ccoURMdx.s 			page 6


 234 015e 07       		.uleb128 0x7
 235 015f 4D000000 		.4byte	.LASF40
 236 0163 6E       		.sleb128 -18
 237 0164 07       		.uleb128 0x7
 238 0165 46010000 		.4byte	.LASF41
 239 0169 6D       		.sleb128 -19
 240 016a 07       		.uleb128 0x7
 241 016b 4A030000 		.4byte	.LASF42
 242 016f 6C       		.sleb128 -20
 243 0170 07       		.uleb128 0x7
 244 0171 A4010000 		.4byte	.LASF43
 245 0175 6B       		.sleb128 -21
 246 0176 07       		.uleb128 0x7
 247 0177 B2030000 		.4byte	.LASF44
 248 017b 6A       		.sleb128 -22
 249 017c 07       		.uleb128 0x7
 250 017d AC000000 		.4byte	.LASF45
 251 0181 69       		.sleb128 -23
 252 0182 07       		.uleb128 0x7
 253 0183 59010000 		.4byte	.LASF46
 254 0187 68       		.sleb128 -24
 255 0188 07       		.uleb128 0x7
 256 0189 06010000 		.4byte	.LASF47
 257 018d 67       		.sleb128 -25
 258 018e 00       		.byte	0
 259 018f 03       		.uleb128 0x3
 260 0190 59040000 		.4byte	.LASF48
 261 0194 06       		.byte	0x6
 262 0195 EA       		.byte	0xea
 263 0196 E6000000 		.4byte	0xe6
 264 019a 08       		.uleb128 0x8
 265 019b 02       		.byte	0x2
 266 019c 07       		.byte	0x7
 267 019d 21       		.byte	0x21
 268 019e BB010000 		.4byte	0x1bb
 269 01a2 09       		.uleb128 0x9
 270 01a3 95000000 		.4byte	.LASF49
 271 01a7 07       		.byte	0x7
 272 01a8 23       		.byte	0x23
 273 01a9 DB000000 		.4byte	0xdb
 274 01ad 00       		.byte	0
 275 01ae 09       		.uleb128 0x9
 276 01af E5010000 		.4byte	.LASF50
 277 01b3 07       		.byte	0x7
 278 01b4 24       		.byte	0x24
 279 01b5 DB000000 		.4byte	0xdb
 280 01b9 01       		.byte	0x1
 281 01ba 00       		.byte	0
 282 01bb 03       		.uleb128 0x3
 283 01bc EB010000 		.4byte	.LASF51
 284 01c0 07       		.byte	0x7
 285 01c1 27       		.byte	0x27
 286 01c2 9A010000 		.4byte	0x19a
 287 01c6 0A       		.uleb128 0xa
 288 01c7 B6010000 		.4byte	.LASF61
 289 01cb 01       		.byte	0x1
 290 01cc 29       		.byte	0x29
ARM GAS  C:\Users\acer\AppData\Local\Temp\ccoURMdx.s 			page 7


 291 01cd 8F010000 		.4byte	0x18f
 292 01d1 00000000 		.4byte	.LFB110
 293 01d5 0C000000 		.4byte	.LFE110-.LFB110
 294 01d9 01       		.uleb128 0x1
 295 01da 9C       		.byte	0x9c
 296 01db 09020000 		.4byte	0x209
 297 01df 0B       		.uleb128 0xb
 298 01e0 5D030000 		.4byte	.LASF62
 299 01e4 01       		.byte	0x1
 300 01e5 29       		.byte	0x29
 301 01e6 0F020000 		.4byte	0x20f
 302 01ea 00000000 		.4byte	.LLST0
 303 01ee 0C       		.uleb128 0xc
 304 01ef 08000000 		.4byte	.LVL1
 305 01f3 5C020000 		.4byte	0x25c
 306 01f7 0D       		.uleb128 0xd
 307 01f8 01       		.uleb128 0x1
 308 01f9 50       		.byte	0x50
 309 01fa 03       		.uleb128 0x3
 310 01fb F3       		.byte	0xf3
 311 01fc 01       		.uleb128 0x1
 312 01fd 50       		.byte	0x50
 313 01fe 0D       		.uleb128 0xd
 314 01ff 01       		.uleb128 0x1
 315 0200 51       		.byte	0x51
 316 0201 05       		.uleb128 0x5
 317 0202 F3       		.byte	0xf3
 318 0203 01       		.uleb128 0x1
 319 0204 50       		.byte	0x50
 320 0205 23       		.byte	0x23
 321 0206 01       		.uleb128 0x1
 322 0207 00       		.byte	0
 323 0208 00       		.byte	0
 324 0209 0E       		.uleb128 0xe
 325 020a 04       		.byte	0x4
 326 020b BB010000 		.4byte	0x1bb
 327 020f 0F       		.uleb128 0xf
 328 0210 09020000 		.4byte	0x209
 329 0214 10       		.uleb128 0x10
 330 0215 41040000 		.4byte	.LASF52
 331 0219 08       		.byte	0x8
 332 021a 40       		.byte	0x40
 333 021b B3000000 		.4byte	0xb3
 334 021f 10       		.uleb128 0x10
 335 0220 2D010000 		.4byte	.LASF53
 336 0224 08       		.byte	0x8
 337 0225 47       		.byte	0x47
 338 0226 BE000000 		.4byte	0xbe
 339 022a 10       		.uleb128 0x10
 340 022b 62030000 		.4byte	.LASF54
 341 022f 08       		.byte	0x8
 342 0230 4A       		.byte	0x4a
 343 0231 B3000000 		.4byte	0xb3
 344 0235 10       		.uleb128 0x10
 345 0236 D8000000 		.4byte	.LASF55
 346 023a 09       		.byte	0x9
 347 023b 48       		.byte	0x48
ARM GAS  C:\Users\acer\AppData\Local\Temp\ccoURMdx.s 			page 8


 348 023c C9000000 		.4byte	0xc9
 349 0240 10       		.uleb128 0x10
 350 0241 C3000000 		.4byte	.LASF56
 351 0245 0A       		.byte	0xa
 352 0246 44       		.byte	0x44
 353 0247 B3000000 		.4byte	0xb3
 354 024b 11       		.uleb128 0x11
 355 024c 05040000 		.4byte	.LASF57
 356 0250 0B       		.byte	0xb
 357 0251 1207     		.2byte	0x712
 358 0253 57020000 		.4byte	0x257
 359 0257 12       		.uleb128 0x12
 360 0258 76000000 		.4byte	0x76
 361 025c 13       		.uleb128 0x13
 362 025d 1B040000 		.4byte	.LASF63
 363 0261 1B040000 		.4byte	.LASF63
 364 0265 0C       		.byte	0xc
 365 0266 75       		.byte	0x75
 366 0267 00       		.byte	0
 367              		.section	.debug_abbrev,"",%progbits
 368              	.Ldebug_abbrev0:
 369 0000 01       		.uleb128 0x1
 370 0001 11       		.uleb128 0x11
 371 0002 01       		.byte	0x1
 372 0003 25       		.uleb128 0x25
 373 0004 0E       		.uleb128 0xe
 374 0005 13       		.uleb128 0x13
 375 0006 0B       		.uleb128 0xb
 376 0007 03       		.uleb128 0x3
 377 0008 0E       		.uleb128 0xe
 378 0009 1B       		.uleb128 0x1b
 379 000a 0E       		.uleb128 0xe
 380 000b 55       		.uleb128 0x55
 381 000c 17       		.uleb128 0x17
 382 000d 11       		.uleb128 0x11
 383 000e 01       		.uleb128 0x1
 384 000f 10       		.uleb128 0x10
 385 0010 17       		.uleb128 0x17
 386 0011 00       		.byte	0
 387 0012 00       		.byte	0
 388 0013 02       		.uleb128 0x2
 389 0014 24       		.uleb128 0x24
 390 0015 00       		.byte	0
 391 0016 0B       		.uleb128 0xb
 392 0017 0B       		.uleb128 0xb
 393 0018 3E       		.uleb128 0x3e
 394 0019 0B       		.uleb128 0xb
 395 001a 03       		.uleb128 0x3
 396 001b 0E       		.uleb128 0xe
 397 001c 00       		.byte	0
 398 001d 00       		.byte	0
 399 001e 03       		.uleb128 0x3
 400 001f 16       		.uleb128 0x16
 401 0020 00       		.byte	0
 402 0021 03       		.uleb128 0x3
 403 0022 0E       		.uleb128 0xe
 404 0023 3A       		.uleb128 0x3a
ARM GAS  C:\Users\acer\AppData\Local\Temp\ccoURMdx.s 			page 9


 405 0024 0B       		.uleb128 0xb
 406 0025 3B       		.uleb128 0x3b
 407 0026 0B       		.uleb128 0xb
 408 0027 49       		.uleb128 0x49
 409 0028 13       		.uleb128 0x13
 410 0029 00       		.byte	0
 411 002a 00       		.byte	0
 412 002b 04       		.uleb128 0x4
 413 002c 24       		.uleb128 0x24
 414 002d 00       		.byte	0
 415 002e 0B       		.uleb128 0xb
 416 002f 0B       		.uleb128 0xb
 417 0030 3E       		.uleb128 0x3e
 418 0031 0B       		.uleb128 0xb
 419 0032 03       		.uleb128 0x3
 420 0033 08       		.uleb128 0x8
 421 0034 00       		.byte	0
 422 0035 00       		.byte	0
 423 0036 05       		.uleb128 0x5
 424 0037 04       		.uleb128 0x4
 425 0038 01       		.byte	0x1
 426 0039 0B       		.uleb128 0xb
 427 003a 0B       		.uleb128 0xb
 428 003b 49       		.uleb128 0x49
 429 003c 13       		.uleb128 0x13
 430 003d 3A       		.uleb128 0x3a
 431 003e 0B       		.uleb128 0xb
 432 003f 3B       		.uleb128 0x3b
 433 0040 0B       		.uleb128 0xb
 434 0041 01       		.uleb128 0x1
 435 0042 13       		.uleb128 0x13
 436 0043 00       		.byte	0
 437 0044 00       		.byte	0
 438 0045 06       		.uleb128 0x6
 439 0046 28       		.uleb128 0x28
 440 0047 00       		.byte	0
 441 0048 03       		.uleb128 0x3
 442 0049 0E       		.uleb128 0xe
 443 004a 1C       		.uleb128 0x1c
 444 004b 0B       		.uleb128 0xb
 445 004c 00       		.byte	0
 446 004d 00       		.byte	0
 447 004e 07       		.uleb128 0x7
 448 004f 28       		.uleb128 0x28
 449 0050 00       		.byte	0
 450 0051 03       		.uleb128 0x3
 451 0052 0E       		.uleb128 0xe
 452 0053 1C       		.uleb128 0x1c
 453 0054 0D       		.uleb128 0xd
 454 0055 00       		.byte	0
 455 0056 00       		.byte	0
 456 0057 08       		.uleb128 0x8
 457 0058 13       		.uleb128 0x13
 458 0059 01       		.byte	0x1
 459 005a 0B       		.uleb128 0xb
 460 005b 0B       		.uleb128 0xb
 461 005c 3A       		.uleb128 0x3a
ARM GAS  C:\Users\acer\AppData\Local\Temp\ccoURMdx.s 			page 10


 462 005d 0B       		.uleb128 0xb
 463 005e 3B       		.uleb128 0x3b
 464 005f 0B       		.uleb128 0xb
 465 0060 01       		.uleb128 0x1
 466 0061 13       		.uleb128 0x13
 467 0062 00       		.byte	0
 468 0063 00       		.byte	0
 469 0064 09       		.uleb128 0x9
 470 0065 0D       		.uleb128 0xd
 471 0066 00       		.byte	0
 472 0067 03       		.uleb128 0x3
 473 0068 0E       		.uleb128 0xe
 474 0069 3A       		.uleb128 0x3a
 475 006a 0B       		.uleb128 0xb
 476 006b 3B       		.uleb128 0x3b
 477 006c 0B       		.uleb128 0xb
 478 006d 49       		.uleb128 0x49
 479 006e 13       		.uleb128 0x13
 480 006f 38       		.uleb128 0x38
 481 0070 0B       		.uleb128 0xb
 482 0071 00       		.byte	0
 483 0072 00       		.byte	0
 484 0073 0A       		.uleb128 0xa
 485 0074 2E       		.uleb128 0x2e
 486 0075 01       		.byte	0x1
 487 0076 3F       		.uleb128 0x3f
 488 0077 19       		.uleb128 0x19
 489 0078 03       		.uleb128 0x3
 490 0079 0E       		.uleb128 0xe
 491 007a 3A       		.uleb128 0x3a
 492 007b 0B       		.uleb128 0xb
 493 007c 3B       		.uleb128 0x3b
 494 007d 0B       		.uleb128 0xb
 495 007e 27       		.uleb128 0x27
 496 007f 19       		.uleb128 0x19
 497 0080 49       		.uleb128 0x49
 498 0081 13       		.uleb128 0x13
 499 0082 11       		.uleb128 0x11
 500 0083 01       		.uleb128 0x1
 501 0084 12       		.uleb128 0x12
 502 0085 06       		.uleb128 0x6
 503 0086 40       		.uleb128 0x40
 504 0087 18       		.uleb128 0x18
 505 0088 9742     		.uleb128 0x2117
 506 008a 19       		.uleb128 0x19
 507 008b 01       		.uleb128 0x1
 508 008c 13       		.uleb128 0x13
 509 008d 00       		.byte	0
 510 008e 00       		.byte	0
 511 008f 0B       		.uleb128 0xb
 512 0090 05       		.uleb128 0x5
 513 0091 00       		.byte	0
 514 0092 03       		.uleb128 0x3
 515 0093 0E       		.uleb128 0xe
 516 0094 3A       		.uleb128 0x3a
 517 0095 0B       		.uleb128 0xb
 518 0096 3B       		.uleb128 0x3b
ARM GAS  C:\Users\acer\AppData\Local\Temp\ccoURMdx.s 			page 11


 519 0097 0B       		.uleb128 0xb
 520 0098 49       		.uleb128 0x49
 521 0099 13       		.uleb128 0x13
 522 009a 02       		.uleb128 0x2
 523 009b 17       		.uleb128 0x17
 524 009c 00       		.byte	0
 525 009d 00       		.byte	0
 526 009e 0C       		.uleb128 0xc
 527 009f 898201   		.uleb128 0x4109
 528 00a2 01       		.byte	0x1
 529 00a3 11       		.uleb128 0x11
 530 00a4 01       		.uleb128 0x1
 531 00a5 31       		.uleb128 0x31
 532 00a6 13       		.uleb128 0x13
 533 00a7 00       		.byte	0
 534 00a8 00       		.byte	0
 535 00a9 0D       		.uleb128 0xd
 536 00aa 8A8201   		.uleb128 0x410a
 537 00ad 00       		.byte	0
 538 00ae 02       		.uleb128 0x2
 539 00af 18       		.uleb128 0x18
 540 00b0 9142     		.uleb128 0x2111
 541 00b2 18       		.uleb128 0x18
 542 00b3 00       		.byte	0
 543 00b4 00       		.byte	0
 544 00b5 0E       		.uleb128 0xe
 545 00b6 0F       		.uleb128 0xf
 546 00b7 00       		.byte	0
 547 00b8 0B       		.uleb128 0xb
 548 00b9 0B       		.uleb128 0xb
 549 00ba 49       		.uleb128 0x49
 550 00bb 13       		.uleb128 0x13
 551 00bc 00       		.byte	0
 552 00bd 00       		.byte	0
 553 00be 0F       		.uleb128 0xf
 554 00bf 26       		.uleb128 0x26
 555 00c0 00       		.byte	0
 556 00c1 49       		.uleb128 0x49
 557 00c2 13       		.uleb128 0x13
 558 00c3 00       		.byte	0
 559 00c4 00       		.byte	0
 560 00c5 10       		.uleb128 0x10
 561 00c6 34       		.uleb128 0x34
 562 00c7 00       		.byte	0
 563 00c8 03       		.uleb128 0x3
 564 00c9 0E       		.uleb128 0xe
 565 00ca 3A       		.uleb128 0x3a
 566 00cb 0B       		.uleb128 0xb
 567 00cc 3B       		.uleb128 0x3b
 568 00cd 0B       		.uleb128 0xb
 569 00ce 49       		.uleb128 0x49
 570 00cf 13       		.uleb128 0x13
 571 00d0 3F       		.uleb128 0x3f
 572 00d1 19       		.uleb128 0x19
 573 00d2 3C       		.uleb128 0x3c
 574 00d3 19       		.uleb128 0x19
 575 00d4 00       		.byte	0
ARM GAS  C:\Users\acer\AppData\Local\Temp\ccoURMdx.s 			page 12


 576 00d5 00       		.byte	0
 577 00d6 11       		.uleb128 0x11
 578 00d7 34       		.uleb128 0x34
 579 00d8 00       		.byte	0
 580 00d9 03       		.uleb128 0x3
 581 00da 0E       		.uleb128 0xe
 582 00db 3A       		.uleb128 0x3a
 583 00dc 0B       		.uleb128 0xb
 584 00dd 3B       		.uleb128 0x3b
 585 00de 05       		.uleb128 0x5
 586 00df 49       		.uleb128 0x49
 587 00e0 13       		.uleb128 0x13
 588 00e1 3F       		.uleb128 0x3f
 589 00e2 19       		.uleb128 0x19
 590 00e3 3C       		.uleb128 0x3c
 591 00e4 19       		.uleb128 0x19
 592 00e5 00       		.byte	0
 593 00e6 00       		.byte	0
 594 00e7 12       		.uleb128 0x12
 595 00e8 35       		.uleb128 0x35
 596 00e9 00       		.byte	0
 597 00ea 49       		.uleb128 0x49
 598 00eb 13       		.uleb128 0x13
 599 00ec 00       		.byte	0
 600 00ed 00       		.byte	0
 601 00ee 13       		.uleb128 0x13
 602 00ef 2E       		.uleb128 0x2e
 603 00f0 00       		.byte	0
 604 00f1 3F       		.uleb128 0x3f
 605 00f2 19       		.uleb128 0x19
 606 00f3 3C       		.uleb128 0x3c
 607 00f4 19       		.uleb128 0x19
 608 00f5 6E       		.uleb128 0x6e
 609 00f6 0E       		.uleb128 0xe
 610 00f7 03       		.uleb128 0x3
 611 00f8 0E       		.uleb128 0xe
 612 00f9 3A       		.uleb128 0x3a
 613 00fa 0B       		.uleb128 0xb
 614 00fb 3B       		.uleb128 0x3b
 615 00fc 0B       		.uleb128 0xb
 616 00fd 00       		.byte	0
 617 00fe 00       		.byte	0
 618 00ff 00       		.byte	0
 619              		.section	.debug_loc,"",%progbits
 620              	.Ldebug_loc0:
 621              	.LLST0:
 622 0000 00000000 		.4byte	.LVL0
 623 0004 07000000 		.4byte	.LVL1-1
 624 0008 0100     		.2byte	0x1
 625 000a 50       		.byte	0x50
 626 000b 07000000 		.4byte	.LVL1-1
 627 000f 0C000000 		.4byte	.LFE110
 628 0013 0400     		.2byte	0x4
 629 0015 F3       		.byte	0xf3
 630 0016 01       		.uleb128 0x1
 631 0017 50       		.byte	0x50
 632 0018 9F       		.byte	0x9f
ARM GAS  C:\Users\acer\AppData\Local\Temp\ccoURMdx.s 			page 13


 633 0019 00000000 		.4byte	0
 634 001d 00000000 		.4byte	0
 635              		.section	.debug_aranges,"",%progbits
 636 0000 1C000000 		.4byte	0x1c
 637 0004 0200     		.2byte	0x2
 638 0006 00000000 		.4byte	.Ldebug_info0
 639 000a 04       		.byte	0x4
 640 000b 00       		.byte	0
 641 000c 0000     		.2byte	0
 642 000e 0000     		.2byte	0
 643 0010 00000000 		.4byte	.LFB110
 644 0014 0C000000 		.4byte	.LFE110-.LFB110
 645 0018 00000000 		.4byte	0
 646 001c 00000000 		.4byte	0
 647              		.section	.debug_ranges,"",%progbits
 648              	.Ldebug_ranges0:
 649 0000 00000000 		.4byte	.LFB110
 650 0004 0C000000 		.4byte	.LFE110
 651 0008 00000000 		.4byte	0
 652 000c 00000000 		.4byte	0
 653              		.section	.debug_line,"",%progbits
 654              	.Ldebug_line0:
 655 0000 58020000 		.section	.debug_str,"MS",%progbits,1
 655      02004102 
 655      00000201 
 655      FB0E0D00 
 655      01010101 
 656              	.LASF36:
 657 0000 52435F45 		.ascii	"RC_ERROR_READ_ONLY\000"
 657      52524F52 
 657      5F524541 
 657      445F4F4E 
 657      4C5900
 658              	.LASF22:
 659 0013 52435F53 		.ascii	"RC_SUCCESS\000"
 659      55434345 
 659      535300
 660              	.LASF37:
 661 001e 52435F45 		.ascii	"RC_ERROR_WRITE_ONLY\000"
 661      52524F52 
 661      5F575249 
 661      54455F4F 
 661      4E4C5900 
 662              	.LASF2:
 663 0032 73686F72 		.ascii	"short int\000"
 663      7420696E 
 663      7400
 664              	.LASF28:
 665 003c 52435F45 		.ascii	"RC_ERROR_OVERRUN\000"
 665      52524F52 
 665      5F4F5645 
 665      5252554E 
 665      00
 666              	.LASF40:
 667 004d 52435F45 		.ascii	"RC_ERROR_WRITE_FAILS\000"
 667      52524F52 
 667      5F575249 
ARM GAS  C:\Users\acer\AppData\Local\Temp\ccoURMdx.s 			page 14


 667      54455F46 
 667      41494C53 
 668              	.LASF20:
 669 0062 73697A65 		.ascii	"sizetype\000"
 669      74797065 
 669      00
 670              	.LASF25:
 671 006b 52435F45 		.ascii	"RC_ERROR_ZERO\000"
 671      52524F52 
 671      5F5A4552 
 671      4F00
 672              	.LASF18:
 673 0079 45455F46 		.ascii	"EE_FREG\000"
 673      52454700 
 674              	.LASF39:
 675 0081 52435F45 		.ascii	"RC_ERROR_READ_FAILS\000"
 675      52524F52 
 675      5F524541 
 675      445F4641 
 675      494C5300 
 676              	.LASF49:
 677 0095 785F6469 		.ascii	"x_dir\000"
 677      7200
 678              	.LASF16:
 679 009b 45455F55 		.ascii	"EE_UINT32\000"
 679      494E5433 
 679      3200
 680              	.LASF19:
 681 00a5 45455F54 		.ascii	"EE_TID\000"
 681      494400
 682              	.LASF45:
 683 00ac 52435F45 		.ascii	"RC_ERROR_INVALID_STATE\000"
 683      52524F52 
 683      5F494E56 
 683      414C4944 
 683      5F535441 
 684              	.LASF56:
 685 00c3 45455F49 		.ascii	"EE_IRQ_nesting_level\000"
 685      52515F6E 
 685      65737469 
 685      6E675F6C 
 685      6576656C 
 686              	.LASF55:
 687 00d8 45455F73 		.ascii	"EE_std_endcycle_next_tid\000"
 687      74645F65 
 687      6E646379 
 687      636C655F 
 687      6E657874 
 688              	.LASF27:
 689 00f1 52435F45 		.ascii	"RC_ERROR_RANGE\000"
 689      52524F52 
 689      5F52414E 
 689      474500
 690              	.LASF11:
 691 0100 666C6F61 		.ascii	"float\000"
 691      7400
 692              	.LASF47:
ARM GAS  C:\Users\acer\AppData\Local\Temp\ccoURMdx.s 			page 15


 693 0106 52435F45 		.ascii	"RC_ERROR_NOT_IMPLEMENTED\000"
 693      52524F52 
 693      5F4E4F54 
 693      5F494D50 
 693      4C454D45 
 694              	.LASF6:
 695 011f 6C6F6E67 		.ascii	"long long int\000"
 695      206C6F6E 
 695      6720696E 
 695      7400
 696              	.LASF53:
 697 012d 45455F6F 		.ascii	"EE_oo_IRQ_suspend_status\000"
 697      6F5F4952 
 697      515F7375 
 697      7370656E 
 697      645F7374 
 698              	.LASF41:
 699 0146 52435F45 		.ascii	"RC_ERROR_NOT_MATCH\000"
 699      52524F52 
 699      5F4E4F54 
 699      5F4D4154 
 699      434800
 700              	.LASF46:
 701 0159 52435F45 		.ascii	"RC_ERROR_UNKNOWN\000"
 701      52524F52 
 701      5F554E4B 
 701      4E4F574E 
 701      00
 702              	.LASF4:
 703 016a 6C6F6E67 		.ascii	"long int\000"
 703      20696E74 
 703      00
 704              	.LASF29:
 705 0173 52435F45 		.ascii	"RC_ERROR_UNDERRUN\000"
 705      52524F52 
 705      5F554E44 
 705      45525255 
 705      4E00
 706              	.LASF32:
 707 0185 52435F45 		.ascii	"RC_ERROR_BUSY\000"
 707      52524F52 
 707      5F425553 
 707      5900
 708              	.LASF38:
 709 0193 52435F45 		.ascii	"RC_ERROR_INVALID\000"
 709      52524F52 
 709      5F494E56 
 709      414C4944 
 709      00
 710              	.LASF43:
 711 01a4 52435F45 		.ascii	"RC_ERROR_BAD_DATA\000"
 711      52524F52 
 711      5F424144 
 711      5F444154 
 711      4100
 712              	.LASF61:
 713 01b6 53435F4A 		.ascii	"SC_JOYSTICK_driverIn\000"
ARM GAS  C:\Users\acer\AppData\Local\Temp\ccoURMdx.s 			page 16


 713      4F595354 
 713      49434B5F 
 713      64726976 
 713      6572496E 
 714              	.LASF14:
 715 01cb 6C6F6E67 		.ascii	"long double\000"
 715      20646F75 
 715      626C6500 
 716              	.LASF1:
 717 01d7 756E7369 		.ascii	"unsigned char\000"
 717      676E6564 
 717      20636861 
 717      7200
 718              	.LASF50:
 719 01e5 795F6469 		.ascii	"y_dir\000"
 719      7200
 720              	.LASF51:
 721 01eb 53435F4A 		.ascii	"SC_JOYSTICK_data_t\000"
 721      4F595354 
 721      49434B5F 
 721      64617461 
 721      5F7400
 722              	.LASF0:
 723 01fe 7369676E 		.ascii	"signed char\000"
 723      65642063 
 723      68617200 
 724              	.LASF7:
 725 020a 6C6F6E67 		.ascii	"long long unsigned int\000"
 725      206C6F6E 
 725      6720756E 
 725      7369676E 
 725      65642069 
 726              	.LASF8:
 727 0221 756E7369 		.ascii	"unsigned int\000"
 727      676E6564 
 727      20696E74 
 727      00
 728              	.LASF34:
 729 022e 52435F45 		.ascii	"RC_ERROR_OPEN\000"
 729      52524F52 
 729      5F4F5045 
 729      4E00
 730              	.LASF24:
 731 023c 52435F45 		.ascii	"RC_ERROR_NULL\000"
 731      52524F52 
 731      5F4E554C 
 731      4C00
 732              	.LASF31:
 733 024a 52435F45 		.ascii	"RC_ERROR_BUFFER_EMTPY\000"
 733      52524F52 
 733      5F425546 
 733      4645525F 
 733      454D5450 
 734              	.LASF15:
 735 0260 45455F49 		.ascii	"EE_INT32\000"
 735      4E543332 
 735      00
ARM GAS  C:\Users\acer\AppData\Local\Temp\ccoURMdx.s 			page 17


 736              	.LASF3:
 737 0269 73686F72 		.ascii	"short unsigned int\000"
 737      7420756E 
 737      7369676E 
 737      65642069 
 737      6E7400
 738              	.LASF58:
 739 027c 474E5520 		.ascii	"GNU C11 5.4.1 20160609 (release) [ARM/embedded-5-br"
 739      43313120 
 739      352E342E 
 739      31203230 
 739      31363036 
 740 02af 616E6368 		.ascii	"anch revision 237715] -mcpu=cortex-m3 -mthumb -g -O"
 740      20726576 
 740      6973696F 
 740      6E203233 
 740      37373135 
 741 02e2 67202D66 		.ascii	"g -ffunction-sections -ffat-lto-objects\000"
 741      66756E63 
 741      74696F6E 
 741      2D736563 
 741      74696F6E 
 742              	.LASF13:
 743 030a 63686172 		.ascii	"char\000"
 743      00
 744              	.LASF30:
 745 030f 52435F45 		.ascii	"RC_ERROR_BUFFER_FULL\000"
 745      52524F52 
 745      5F425546 
 745      4645525F 
 745      46554C4C 
 746              	.LASF10:
 747 0324 696E7433 		.ascii	"int32_t\000"
 747      325F7400 
 748              	.LASF59:
 749 032c 736F7572 		.ascii	"source\\rte\\sc_joystick_type.c\000"
 749      63655C72 
 749      74655C73 
 749      635F6A6F 
 749      79737469 
 750              	.LASF42:
 751 034a 52435F45 		.ascii	"RC_ERROR_BAD_PARAM\000"
 751      52524F52 
 751      5F424144 
 751      5F504152 
 751      414D00
 752              	.LASF62:
 753 035d 64617461 		.ascii	"data\000"
 753      00
 754              	.LASF54:
 755 0362 45455F41 		.ascii	"EE_ApplicationMode\000"
 755      70706C69 
 755      63617469 
 755      6F6E4D6F 
 755      646500
 756              	.LASF5:
 757 0375 6C6F6E67 		.ascii	"long unsigned int\000"
ARM GAS  C:\Users\acer\AppData\Local\Temp\ccoURMdx.s 			page 18


 757      20756E73 
 757      69676E65 
 757      6420696E 
 757      7400
 758              	.LASF12:
 759 0387 646F7562 		.ascii	"double\000"
 759      6C6500
 760              	.LASF35:
 761 038e 52435F45 		.ascii	"RC_ERROR_CHECKSUM\000"
 761      52524F52 
 761      5F434845 
 761      434B5355 
 761      4D00
 762              	.LASF17:
 763 03a0 45455F55 		.ascii	"EE_UREG\000"
 763      52454700 
 764              	.LASF9:
 765 03a8 5F5F696E 		.ascii	"__int32_t\000"
 765      7433325F 
 765      7400
 766              	.LASF44:
 767 03b2 52435F45 		.ascii	"RC_ERROR_CANCELED\000"
 767      52524F52 
 767      5F43414E 
 767      43454C45 
 767      4400
 768              	.LASF60:
 769 03c4 433A5C53 		.ascii	"C:\\Sandbox\\Sem2\\EAA\\Lab\\Lab01\\Lab01EAA\\EGasP"
 769      616E6462 
 769      6F785C53 
 769      656D325C 
 769      4541415C 
 770 03f0 6564616C 		.ascii	"edal\\EGasPedal.cydsn\000"
 770      5C454761 
 770      73506564 
 770      616C2E63 
 770      7964736E 
 771              	.LASF57:
 772 0405 49544D5F 		.ascii	"ITM_RxBuffer\000"
 772      52784275 
 772      66666572 
 772      00
 773              	.LASF23:
 774 0412 52435F45 		.ascii	"RC_ERROR\000"
 774      52524F52 
 774      00
 775              	.LASF63:
 776 041b 4A4F5953 		.ascii	"JOYSTICK_ReadPosition\000"
 776      5449434B 
 776      5F526561 
 776      64506F73 
 776      6974696F 
 777              	.LASF26:
 778 0431 52435F45 		.ascii	"RC_ERROR_MEMORY\000"
 778      52524F52 
 778      5F4D454D 
 778      4F525900 
ARM GAS  C:\Users\acer\AppData\Local\Temp\ccoURMdx.s 			page 19


 779              	.LASF52:
 780 0441 45455F6F 		.ascii	"EE_oo_IRQ_disable_count\000"
 780      6F5F4952 
 780      515F6469 
 780      7361626C 
 780      655F636F 
 781              	.LASF48:
 782 0459 52435F74 		.ascii	"RC_t\000"
 782      00
 783              	.LASF21:
 784 045e 73696E74 		.ascii	"sint8_t\000"
 784      385F7400 
 785              	.LASF33:
 786 0466 52435F45 		.ascii	"RC_ERROR_TIME_OUT\000"
 786      52524F52 
 786      5F54494D 
 786      455F4F55 
 786      5400
 787              		.ident	"GCC: (GNU Tools for ARM Embedded Processors) 5.4.1 20160609 (release) [ARM/embedded-5-bran
