ARM GAS  C:\Users\acer\AppData\Local\Temp\ccdu6x8y.s 			page 1


   1              		.syntax unified
   2              		.cpu cortex-m3
   3              		.fpu softvfp
   4              		.eabi_attribute 20, 1
   5              		.eabi_attribute 21, 1
   6              		.eabi_attribute 23, 3
   7              		.eabi_attribute 24, 1
   8              		.eabi_attribute 25, 1
   9              		.eabi_attribute 26, 1
  10              		.eabi_attribute 30, 1
  11              		.eabi_attribute 34, 1
  12              		.eabi_attribute 18, 4
  13              		.thumb
  14              		.syntax unified
  15              		.file	"swc_age.c"
  16              		.text
  17              	.Ltext0:
  18              		.cfi_sections	.debug_frame
  19              		.section	.text.AGE_ageMeas_run,"ax",%progbits
  20              		.align	2
  21              		.global	AGE_ageMeas_run
  22              		.thumb
  23              		.thumb_func
  24              		.type	AGE_ageMeas_run, %function
  25              	AGE_ageMeas_run:
  26              	.LFB154:
  27              		.file 1 "source\\asw\\swc_age.c"
   1:source\asw/swc_age.c **** /*
   2:source\asw/swc_age.c ****  * Filename: swc_age.c
   3:source\asw/swc_age.c ****  *
   4:source\asw/swc_age.c ****  * Author: Autogenerated by H-DA RTE Generator, (c) Prof. Fromm
   5:source\asw/swc_age.c ****  *
   6:source\asw/swc_age.c ****  * description: Software component
   7:source\asw/swc_age.c ****  * name: swc_age
   8:source\asw/swc_age.c ****  * shortname: age
   9:source\asw/swc_age.c ****  *
  10:source\asw/swc_age.c ****  */
  11:source\asw/swc_age.c **** 
  12:source\asw/swc_age.c **** #include "project.h"
  13:source\asw/swc_age.c **** #include "global.h"
  14:source\asw/swc_age.c **** #include "rte.h"
  15:source\asw/swc_age.c **** #include "rte_types.h"
  16:source\asw/swc_age.c **** #include "swc_age.h"
  17:source\asw/swc_age.c **** 
  18:source\asw/swc_age.c **** 
  19:source\asw/swc_age.c **** 
  20:source\asw/swc_age.c **** /* USER CODE START SWC_AGE_INCLUDE */
  21:source\asw/swc_age.c **** #include "stdlib.h"
  22:source\asw/swc_age.c **** /* USER CODE END SWC_AGE_INCLUDE */
  23:source\asw/swc_age.c **** 
  24:source\asw/swc_age.c **** 
  25:source\asw/swc_age.c **** #include "sp_common.h"
  26:source\asw/swc_age.c **** 
  27:source\asw/swc_age.c **** /* USER CODE START SWC_AGE_USERDEFINITIONS */
  28:source\asw/swc_age.c **** 
  29:source\asw/swc_age.c **** /* USER CODE END SWC_AGE_USERDEFINITIONS */
  30:source\asw/swc_age.c **** 
ARM GAS  C:\Users\acer\AppData\Local\Temp\ccdu6x8y.s 			page 2


  31:source\asw/swc_age.c **** 
  32:source\asw/swc_age.c **** 
  33:source\asw/swc_age.c **** /*
  34:source\asw/swc_age.c ****  * component: swc_age
  35:source\asw/swc_age.c ****  * cycletime: 1
  36:source\asw/swc_age.c ****  * description: Runnable
  37:source\asw/swc_age.c ****  * events: 
  38:source\asw/swc_age.c ****  * name: AGE_ageMeas_run
  39:source\asw/swc_age.c ****  * shortname: ageMeas
  40:source\asw/swc_age.c ****  * signalIN: 
  41:source\asw/swc_age.c ****  * signalOUT: 
  42:source\asw/swc_age.c ****  * task: tsk_system
  43:source\asw/swc_age.c ****  */
  44:source\asw/swc_age.c **** void AGE_ageMeas_run(RTE_event ev){
  28              		.loc 1 44 0
  29              		.cfi_startproc
  30              		@ args = 0, pretend = 0, frame = 0
  31              		@ frame_needed = 0, uses_anonymous_args = 0
  32              	.LVL0:
  33 0000 08B5     		push	{r3, lr}
  34              		.cfi_def_cfa_offset 8
  35              		.cfi_offset 3, -8
  36              		.cfi_offset 14, -4
  45:source\asw/swc_age.c **** 	
  46:source\asw/swc_age.c **** 	/* USER CODE START AGE_ageMeas_run */
  47:source\asw/swc_age.c ****     RTE_timertick_sp_common_tick(1);
  37              		.loc 1 47 0
  38 0002 0120     		movs	r0, #1
  39              	.LVL1:
  40 0004 FFF7FEFF 		bl	RTE_timertick_sp_common_tick
  41              	.LVL2:
  42 0008 08BD     		pop	{r3, pc}
  43              		.cfi_endproc
  44              	.LFE154:
  45              		.size	AGE_ageMeas_run, .-AGE_ageMeas_run
  46 000a 00BF     		.text
  47              	.Letext0:
  48              		.file 2 "c:\\program files (x86)\\cypress\\psoc creator\\4.4\\psoc creator\\import\\gnu\\arm\\5.4.
  49              		.file 3 "c:\\program files (x86)\\cypress\\psoc creator\\4.4\\psoc creator\\import\\gnu\\arm\\5.4.
  50              		.file 4 "Generated_Source\\PSoC5/ErikaOS_1_common_ee_types.inc"
  51              		.file 5 "Generated_Source\\PSoC5/ErikaOS_1_cortex_mx_ee_cpu.inc"
  52              		.file 6 "Generated_Source\\PSoC5/ErikaOS_1_ee_oo_common.inc"
  53              		.file 7 ".\\source\\rte/rte_types.h"
  54              		.file 8 "Generated_Source\\PSoC5/ErikaOS_1_ee_oo_intfunc.inc"
  55              		.file 9 "Generated_Source\\PSoC5/ErikaOS_1_cortex_mx_ee_context.inc"
  56              		.file 10 "Generated_Source\\PSoC5/ErikaOS_1_common_ee_primitives.inc"
  57              		.file 11 "Generated_Source\\PSoC5/core_cm3.h"
  58              		.file 12 ".\\source\\rte/sp_common.h"
  59              		.section	.debug_info,"",%progbits
  60              	.Ldebug_info0:
  61 0000 75010000 		.4byte	0x175
  62 0004 0400     		.2byte	0x4
  63 0006 00000000 		.4byte	.Ldebug_abbrev0
  64 000a 04       		.byte	0x4
  65 000b 01       		.uleb128 0x1
  66 000c 70000000 		.4byte	.LASF29
  67 0010 0C       		.byte	0xc
ARM GAS  C:\Users\acer\AppData\Local\Temp\ccdu6x8y.s 			page 3


  68 0011 44010000 		.4byte	.LASF30
  69 0015 4E020000 		.4byte	.LASF31
  70 0019 00000000 		.4byte	.Ldebug_ranges0+0
  71 001d 00000000 		.4byte	0
  72 0021 00000000 		.4byte	.Ldebug_line0
  73 0025 02       		.uleb128 0x2
  74 0026 01       		.byte	0x1
  75 0027 06       		.byte	0x6
  76 0028 32020000 		.4byte	.LASF0
  77 002c 02       		.uleb128 0x2
  78 002d 01       		.byte	0x1
  79 002e 08       		.byte	0x8
  80 002f 62000000 		.4byte	.LASF1
  81 0033 02       		.uleb128 0x2
  82 0034 02       		.byte	0x2
  83 0035 05       		.byte	0x5
  84 0036 13020000 		.4byte	.LASF2
  85 003a 02       		.uleb128 0x2
  86 003b 02       		.byte	0x2
  87 003c 07       		.byte	0x7
  88 003d 19010000 		.4byte	.LASF3
  89 0041 03       		.uleb128 0x3
  90 0042 00000000 		.4byte	.LASF9
  91 0046 02       		.byte	0x2
  92 0047 3F       		.byte	0x3f
  93 0048 4C000000 		.4byte	0x4c
  94 004c 02       		.uleb128 0x2
  95 004d 04       		.byte	0x4
  96 004e 05       		.byte	0x5
  97 004f 1D020000 		.4byte	.LASF4
  98 0053 02       		.uleb128 0x2
  99 0054 04       		.byte	0x4
 100 0055 07       		.byte	0x7
 101 0056 07010000 		.4byte	.LASF5
 102 005a 02       		.uleb128 0x2
 103 005b 08       		.byte	0x8
 104 005c 05       		.byte	0x5
 105 005d E3010000 		.4byte	.LASF6
 106 0061 02       		.uleb128 0x2
 107 0062 08       		.byte	0x8
 108 0063 07       		.byte	0x7
 109 0064 A8010000 		.4byte	.LASF7
 110 0068 04       		.uleb128 0x4
 111 0069 04       		.byte	0x4
 112 006a 05       		.byte	0x5
 113 006b 696E7400 		.ascii	"int\000"
 114 006f 02       		.uleb128 0x2
 115 0070 04       		.byte	0x4
 116 0071 07       		.byte	0x7
 117 0072 89010000 		.4byte	.LASF8
 118 0076 03       		.uleb128 0x3
 119 0077 D2010000 		.4byte	.LASF10
 120 007b 03       		.byte	0x3
 121 007c 2C       		.byte	0x2c
 122 007d 41000000 		.4byte	0x41
 123 0081 02       		.uleb128 0x2
 124 0082 04       		.byte	0x4
ARM GAS  C:\Users\acer\AppData\Local\Temp\ccdu6x8y.s 			page 4


 125 0083 04       		.byte	0x4
 126 0084 5C000000 		.4byte	.LASF11
 127 0088 02       		.uleb128 0x2
 128 0089 08       		.byte	0x8
 129 008a 04       		.byte	0x4
 130 008b 18000000 		.4byte	.LASF12
 131 008f 02       		.uleb128 0x2
 132 0090 01       		.byte	0x1
 133 0091 08       		.byte	0x8
 134 0092 F1010000 		.4byte	.LASF13
 135 0096 02       		.uleb128 0x2
 136 0097 08       		.byte	0x8
 137 0098 04       		.byte	0x4
 138 0099 26020000 		.4byte	.LASF14
 139 009d 03       		.uleb128 0x3
 140 009e FE000000 		.4byte	.LASF15
 141 00a2 04       		.byte	0x4
 142 00a3 53       		.byte	0x53
 143 00a4 68000000 		.4byte	0x68
 144 00a8 03       		.uleb128 0x3
 145 00a9 9E010000 		.4byte	.LASF16
 146 00ad 04       		.byte	0x4
 147 00ae 54       		.byte	0x54
 148 00af 6F000000 		.4byte	0x6f
 149 00b3 03       		.uleb128 0x3
 150 00b4 F6010000 		.4byte	.LASF17
 151 00b8 05       		.byte	0x5
 152 00b9 4D       		.byte	0x4d
 153 00ba A8000000 		.4byte	0xa8
 154 00be 03       		.uleb128 0x3
 155 00bf 96010000 		.4byte	.LASF18
 156 00c3 05       		.byte	0x5
 157 00c4 4F       		.byte	0x4f
 158 00c5 A8000000 		.4byte	0xa8
 159 00c9 03       		.uleb128 0x3
 160 00ca 38000000 		.4byte	.LASF19
 161 00ce 05       		.byte	0x5
 162 00cf 78       		.byte	0x78
 163 00d0 9D000000 		.4byte	0x9d
 164 00d4 05       		.uleb128 0x5
 165 00d5 0A000000 		.4byte	.LASF20
 166 00d9 06       		.byte	0x6
 167 00da 2C02     		.2byte	0x22c
 168 00dc B3000000 		.4byte	0xb3
 169 00e0 02       		.uleb128 0x2
 170 00e1 04       		.byte	0x4
 171 00e2 07       		.byte	0x7
 172 00e3 DA010000 		.4byte	.LASF21
 173 00e7 03       		.uleb128 0x3
 174 00e8 59010000 		.4byte	.LASF22
 175 00ec 07       		.byte	0x7
 176 00ed 21       		.byte	0x21
 177 00ee D4000000 		.4byte	0xd4
 178 00f2 06       		.uleb128 0x6
 179 00f3 3E020000 		.4byte	.LASF32
 180 00f7 01       		.byte	0x1
 181 00f8 2C       		.byte	0x2c
ARM GAS  C:\Users\acer\AppData\Local\Temp\ccdu6x8y.s 			page 5


 182 00f9 00000000 		.4byte	.LFB154
 183 00fd 0A000000 		.4byte	.LFE154-.LFB154
 184 0101 01       		.uleb128 0x1
 185 0102 9C       		.byte	0x9c
 186 0103 25010000 		.4byte	0x125
 187 0107 07       		.uleb128 0x7
 188 0108 657600   		.ascii	"ev\000"
 189 010b 01       		.byte	0x1
 190 010c 2C       		.byte	0x2c
 191 010d E7000000 		.4byte	0xe7
 192 0111 00000000 		.4byte	.LLST0
 193 0115 08       		.uleb128 0x8
 194 0116 08000000 		.4byte	.LVL2
 195 011a 6D010000 		.4byte	0x16d
 196 011e 09       		.uleb128 0x9
 197 011f 01       		.uleb128 0x1
 198 0120 50       		.byte	0x50
 199 0121 01       		.uleb128 0x1
 200 0122 31       		.byte	0x31
 201 0123 00       		.byte	0
 202 0124 00       		.byte	0
 203 0125 0A       		.uleb128 0xa
 204 0126 2C010000 		.4byte	.LASF23
 205 012a 08       		.byte	0x8
 206 012b 40       		.byte	0x40
 207 012c B3000000 		.4byte	0xb3
 208 0130 0A       		.uleb128 0xa
 209 0131 1F000000 		.4byte	.LASF24
 210 0135 08       		.byte	0x8
 211 0136 47       		.byte	0x47
 212 0137 BE000000 		.4byte	0xbe
 213 013b 0A       		.uleb128 0xa
 214 013c BF010000 		.4byte	.LASF25
 215 0140 08       		.byte	0x8
 216 0141 4A       		.byte	0x4a
 217 0142 B3000000 		.4byte	0xb3
 218 0146 0A       		.uleb128 0xa
 219 0147 70010000 		.4byte	.LASF26
 220 014b 09       		.byte	0x9
 221 014c 48       		.byte	0x48
 222 014d C9000000 		.4byte	0xc9
 223 0151 0A       		.uleb128 0xa
 224 0152 FE010000 		.4byte	.LASF27
 225 0156 0A       		.byte	0xa
 226 0157 44       		.byte	0x44
 227 0158 B3000000 		.4byte	0xb3
 228 015c 0B       		.uleb128 0xb
 229 015d 63010000 		.4byte	.LASF28
 230 0161 0B       		.byte	0xb
 231 0162 1207     		.2byte	0x712
 232 0164 68010000 		.4byte	0x168
 233 0168 0C       		.uleb128 0xc
 234 0169 76000000 		.4byte	0x76
 235 016d 0D       		.uleb128 0xd
 236 016e 3F000000 		.4byte	.LASF33
 237 0172 3F000000 		.4byte	.LASF33
 238 0176 0C       		.byte	0xc
ARM GAS  C:\Users\acer\AppData\Local\Temp\ccdu6x8y.s 			page 6


 239 0177 5E       		.byte	0x5e
 240 0178 00       		.byte	0
 241              		.section	.debug_abbrev,"",%progbits
 242              	.Ldebug_abbrev0:
 243 0000 01       		.uleb128 0x1
 244 0001 11       		.uleb128 0x11
 245 0002 01       		.byte	0x1
 246 0003 25       		.uleb128 0x25
 247 0004 0E       		.uleb128 0xe
 248 0005 13       		.uleb128 0x13
 249 0006 0B       		.uleb128 0xb
 250 0007 03       		.uleb128 0x3
 251 0008 0E       		.uleb128 0xe
 252 0009 1B       		.uleb128 0x1b
 253 000a 0E       		.uleb128 0xe
 254 000b 55       		.uleb128 0x55
 255 000c 17       		.uleb128 0x17
 256 000d 11       		.uleb128 0x11
 257 000e 01       		.uleb128 0x1
 258 000f 10       		.uleb128 0x10
 259 0010 17       		.uleb128 0x17
 260 0011 00       		.byte	0
 261 0012 00       		.byte	0
 262 0013 02       		.uleb128 0x2
 263 0014 24       		.uleb128 0x24
 264 0015 00       		.byte	0
 265 0016 0B       		.uleb128 0xb
 266 0017 0B       		.uleb128 0xb
 267 0018 3E       		.uleb128 0x3e
 268 0019 0B       		.uleb128 0xb
 269 001a 03       		.uleb128 0x3
 270 001b 0E       		.uleb128 0xe
 271 001c 00       		.byte	0
 272 001d 00       		.byte	0
 273 001e 03       		.uleb128 0x3
 274 001f 16       		.uleb128 0x16
 275 0020 00       		.byte	0
 276 0021 03       		.uleb128 0x3
 277 0022 0E       		.uleb128 0xe
 278 0023 3A       		.uleb128 0x3a
 279 0024 0B       		.uleb128 0xb
 280 0025 3B       		.uleb128 0x3b
 281 0026 0B       		.uleb128 0xb
 282 0027 49       		.uleb128 0x49
 283 0028 13       		.uleb128 0x13
 284 0029 00       		.byte	0
 285 002a 00       		.byte	0
 286 002b 04       		.uleb128 0x4
 287 002c 24       		.uleb128 0x24
 288 002d 00       		.byte	0
 289 002e 0B       		.uleb128 0xb
 290 002f 0B       		.uleb128 0xb
 291 0030 3E       		.uleb128 0x3e
 292 0031 0B       		.uleb128 0xb
 293 0032 03       		.uleb128 0x3
 294 0033 08       		.uleb128 0x8
 295 0034 00       		.byte	0
ARM GAS  C:\Users\acer\AppData\Local\Temp\ccdu6x8y.s 			page 7


 296 0035 00       		.byte	0
 297 0036 05       		.uleb128 0x5
 298 0037 16       		.uleb128 0x16
 299 0038 00       		.byte	0
 300 0039 03       		.uleb128 0x3
 301 003a 0E       		.uleb128 0xe
 302 003b 3A       		.uleb128 0x3a
 303 003c 0B       		.uleb128 0xb
 304 003d 3B       		.uleb128 0x3b
 305 003e 05       		.uleb128 0x5
 306 003f 49       		.uleb128 0x49
 307 0040 13       		.uleb128 0x13
 308 0041 00       		.byte	0
 309 0042 00       		.byte	0
 310 0043 06       		.uleb128 0x6
 311 0044 2E       		.uleb128 0x2e
 312 0045 01       		.byte	0x1
 313 0046 3F       		.uleb128 0x3f
 314 0047 19       		.uleb128 0x19
 315 0048 03       		.uleb128 0x3
 316 0049 0E       		.uleb128 0xe
 317 004a 3A       		.uleb128 0x3a
 318 004b 0B       		.uleb128 0xb
 319 004c 3B       		.uleb128 0x3b
 320 004d 0B       		.uleb128 0xb
 321 004e 27       		.uleb128 0x27
 322 004f 19       		.uleb128 0x19
 323 0050 11       		.uleb128 0x11
 324 0051 01       		.uleb128 0x1
 325 0052 12       		.uleb128 0x12
 326 0053 06       		.uleb128 0x6
 327 0054 40       		.uleb128 0x40
 328 0055 18       		.uleb128 0x18
 329 0056 9742     		.uleb128 0x2117
 330 0058 19       		.uleb128 0x19
 331 0059 01       		.uleb128 0x1
 332 005a 13       		.uleb128 0x13
 333 005b 00       		.byte	0
 334 005c 00       		.byte	0
 335 005d 07       		.uleb128 0x7
 336 005e 05       		.uleb128 0x5
 337 005f 00       		.byte	0
 338 0060 03       		.uleb128 0x3
 339 0061 08       		.uleb128 0x8
 340 0062 3A       		.uleb128 0x3a
 341 0063 0B       		.uleb128 0xb
 342 0064 3B       		.uleb128 0x3b
 343 0065 0B       		.uleb128 0xb
 344 0066 49       		.uleb128 0x49
 345 0067 13       		.uleb128 0x13
 346 0068 02       		.uleb128 0x2
 347 0069 17       		.uleb128 0x17
 348 006a 00       		.byte	0
 349 006b 00       		.byte	0
 350 006c 08       		.uleb128 0x8
 351 006d 898201   		.uleb128 0x4109
 352 0070 01       		.byte	0x1
ARM GAS  C:\Users\acer\AppData\Local\Temp\ccdu6x8y.s 			page 8


 353 0071 11       		.uleb128 0x11
 354 0072 01       		.uleb128 0x1
 355 0073 31       		.uleb128 0x31
 356 0074 13       		.uleb128 0x13
 357 0075 00       		.byte	0
 358 0076 00       		.byte	0
 359 0077 09       		.uleb128 0x9
 360 0078 8A8201   		.uleb128 0x410a
 361 007b 00       		.byte	0
 362 007c 02       		.uleb128 0x2
 363 007d 18       		.uleb128 0x18
 364 007e 9142     		.uleb128 0x2111
 365 0080 18       		.uleb128 0x18
 366 0081 00       		.byte	0
 367 0082 00       		.byte	0
 368 0083 0A       		.uleb128 0xa
 369 0084 34       		.uleb128 0x34
 370 0085 00       		.byte	0
 371 0086 03       		.uleb128 0x3
 372 0087 0E       		.uleb128 0xe
 373 0088 3A       		.uleb128 0x3a
 374 0089 0B       		.uleb128 0xb
 375 008a 3B       		.uleb128 0x3b
 376 008b 0B       		.uleb128 0xb
 377 008c 49       		.uleb128 0x49
 378 008d 13       		.uleb128 0x13
 379 008e 3F       		.uleb128 0x3f
 380 008f 19       		.uleb128 0x19
 381 0090 3C       		.uleb128 0x3c
 382 0091 19       		.uleb128 0x19
 383 0092 00       		.byte	0
 384 0093 00       		.byte	0
 385 0094 0B       		.uleb128 0xb
 386 0095 34       		.uleb128 0x34
 387 0096 00       		.byte	0
 388 0097 03       		.uleb128 0x3
 389 0098 0E       		.uleb128 0xe
 390 0099 3A       		.uleb128 0x3a
 391 009a 0B       		.uleb128 0xb
 392 009b 3B       		.uleb128 0x3b
 393 009c 05       		.uleb128 0x5
 394 009d 49       		.uleb128 0x49
 395 009e 13       		.uleb128 0x13
 396 009f 3F       		.uleb128 0x3f
 397 00a0 19       		.uleb128 0x19
 398 00a1 3C       		.uleb128 0x3c
 399 00a2 19       		.uleb128 0x19
 400 00a3 00       		.byte	0
 401 00a4 00       		.byte	0
 402 00a5 0C       		.uleb128 0xc
 403 00a6 35       		.uleb128 0x35
 404 00a7 00       		.byte	0
 405 00a8 49       		.uleb128 0x49
 406 00a9 13       		.uleb128 0x13
 407 00aa 00       		.byte	0
 408 00ab 00       		.byte	0
 409 00ac 0D       		.uleb128 0xd
ARM GAS  C:\Users\acer\AppData\Local\Temp\ccdu6x8y.s 			page 9


 410 00ad 2E       		.uleb128 0x2e
 411 00ae 00       		.byte	0
 412 00af 3F       		.uleb128 0x3f
 413 00b0 19       		.uleb128 0x19
 414 00b1 3C       		.uleb128 0x3c
 415 00b2 19       		.uleb128 0x19
 416 00b3 6E       		.uleb128 0x6e
 417 00b4 0E       		.uleb128 0xe
 418 00b5 03       		.uleb128 0x3
 419 00b6 0E       		.uleb128 0xe
 420 00b7 3A       		.uleb128 0x3a
 421 00b8 0B       		.uleb128 0xb
 422 00b9 3B       		.uleb128 0x3b
 423 00ba 0B       		.uleb128 0xb
 424 00bb 00       		.byte	0
 425 00bc 00       		.byte	0
 426 00bd 00       		.byte	0
 427              		.section	.debug_loc,"",%progbits
 428              	.Ldebug_loc0:
 429              	.LLST0:
 430 0000 00000000 		.4byte	.LVL0
 431 0004 04000000 		.4byte	.LVL1
 432 0008 0100     		.2byte	0x1
 433 000a 50       		.byte	0x50
 434 000b 04000000 		.4byte	.LVL1
 435 000f 0A000000 		.4byte	.LFE154
 436 0013 0400     		.2byte	0x4
 437 0015 F3       		.byte	0xf3
 438 0016 01       		.uleb128 0x1
 439 0017 50       		.byte	0x50
 440 0018 9F       		.byte	0x9f
 441 0019 00000000 		.4byte	0
 442 001d 00000000 		.4byte	0
 443              		.section	.debug_aranges,"",%progbits
 444 0000 1C000000 		.4byte	0x1c
 445 0004 0200     		.2byte	0x2
 446 0006 00000000 		.4byte	.Ldebug_info0
 447 000a 04       		.byte	0x4
 448 000b 00       		.byte	0
 449 000c 0000     		.2byte	0
 450 000e 0000     		.2byte	0
 451 0010 00000000 		.4byte	.LFB154
 452 0014 0A000000 		.4byte	.LFE154-.LFB154
 453 0018 00000000 		.4byte	0
 454 001c 00000000 		.4byte	0
 455              		.section	.debug_ranges,"",%progbits
 456              	.Ldebug_ranges0:
 457 0000 00000000 		.4byte	.LFB154
 458 0004 0A000000 		.4byte	.LFE154
 459 0008 00000000 		.4byte	0
 460 000c 00000000 		.4byte	0
 461              		.section	.debug_line,"",%progbits
 462              	.Ldebug_line0:
 463 0000 5A020000 		.section	.debug_str,"MS",%progbits,1
 463      02004402 
 463      00000201 
 463      FB0E0D00 
ARM GAS  C:\Users\acer\AppData\Local\Temp\ccdu6x8y.s 			page 10


 463      01010101 
 464              	.LASF9:
 465 0000 5F5F696E 		.ascii	"__int32_t\000"
 465      7433325F 
 465      7400
 466              	.LASF20:
 467 000a 4576656E 		.ascii	"EventMaskType\000"
 467      744D6173 
 467      6B547970 
 467      6500
 468              	.LASF12:
 469 0018 646F7562 		.ascii	"double\000"
 469      6C6500
 470              	.LASF24:
 471 001f 45455F6F 		.ascii	"EE_oo_IRQ_suspend_status\000"
 471      6F5F4952 
 471      515F7375 
 471      7370656E 
 471      645F7374 
 472              	.LASF19:
 473 0038 45455F54 		.ascii	"EE_TID\000"
 473      494400
 474              	.LASF33:
 475 003f 5254455F 		.ascii	"RTE_timertick_sp_common_tick\000"
 475      74696D65 
 475      72746963 
 475      6B5F7370 
 475      5F636F6D 
 476              	.LASF11:
 477 005c 666C6F61 		.ascii	"float\000"
 477      7400
 478              	.LASF1:
 479 0062 756E7369 		.ascii	"unsigned char\000"
 479      676E6564 
 479      20636861 
 479      7200
 480              	.LASF29:
 481 0070 474E5520 		.ascii	"GNU C11 5.4.1 20160609 (release) [ARM/embedded-5-br"
 481      43313120 
 481      352E342E 
 481      31203230 
 481      31363036 
 482 00a3 616E6368 		.ascii	"anch revision 237715] -mcpu=cortex-m3 -mthumb -g -O"
 482      20726576 
 482      6973696F 
 482      6E203233 
 482      37373135 
 483 00d6 67202D66 		.ascii	"g -ffunction-sections -ffat-lto-objects\000"
 483      66756E63 
 483      74696F6E 
 483      2D736563 
 483      74696F6E 
 484              	.LASF15:
 485 00fe 45455F49 		.ascii	"EE_INT32\000"
 485      4E543332 
 485      00
 486              	.LASF5:
ARM GAS  C:\Users\acer\AppData\Local\Temp\ccdu6x8y.s 			page 11


 487 0107 6C6F6E67 		.ascii	"long unsigned int\000"
 487      20756E73 
 487      69676E65 
 487      6420696E 
 487      7400
 488              	.LASF3:
 489 0119 73686F72 		.ascii	"short unsigned int\000"
 489      7420756E 
 489      7369676E 
 489      65642069 
 489      6E7400
 490              	.LASF23:
 491 012c 45455F6F 		.ascii	"EE_oo_IRQ_disable_count\000"
 491      6F5F4952 
 491      515F6469 
 491      7361626C 
 491      655F636F 
 492              	.LASF30:
 493 0144 736F7572 		.ascii	"source\\asw\\swc_age.c\000"
 493      63655C61 
 493      73775C73 
 493      77635F61 
 493      67652E63 
 494              	.LASF22:
 495 0159 5254455F 		.ascii	"RTE_event\000"
 495      6576656E 
 495      7400
 496              	.LASF28:
 497 0163 49544D5F 		.ascii	"ITM_RxBuffer\000"
 497      52784275 
 497      66666572 
 497      00
 498              	.LASF26:
 499 0170 45455F73 		.ascii	"EE_std_endcycle_next_tid\000"
 499      74645F65 
 499      6E646379 
 499      636C655F 
 499      6E657874 
 500              	.LASF8:
 501 0189 756E7369 		.ascii	"unsigned int\000"
 501      676E6564 
 501      20696E74 
 501      00
 502              	.LASF18:
 503 0196 45455F46 		.ascii	"EE_FREG\000"
 503      52454700 
 504              	.LASF16:
 505 019e 45455F55 		.ascii	"EE_UINT32\000"
 505      494E5433 
 505      3200
 506              	.LASF7:
 507 01a8 6C6F6E67 		.ascii	"long long unsigned int\000"
 507      206C6F6E 
 507      6720756E 
 507      7369676E 
 507      65642069 
 508              	.LASF25:
ARM GAS  C:\Users\acer\AppData\Local\Temp\ccdu6x8y.s 			page 12


 509 01bf 45455F41 		.ascii	"EE_ApplicationMode\000"
 509      70706C69 
 509      63617469 
 509      6F6E4D6F 
 509      646500
 510              	.LASF10:
 511 01d2 696E7433 		.ascii	"int32_t\000"
 511      325F7400 
 512              	.LASF21:
 513 01da 73697A65 		.ascii	"sizetype\000"
 513      74797065 
 513      00
 514              	.LASF6:
 515 01e3 6C6F6E67 		.ascii	"long long int\000"
 515      206C6F6E 
 515      6720696E 
 515      7400
 516              	.LASF13:
 517 01f1 63686172 		.ascii	"char\000"
 517      00
 518              	.LASF17:
 519 01f6 45455F55 		.ascii	"EE_UREG\000"
 519      52454700 
 520              	.LASF27:
 521 01fe 45455F49 		.ascii	"EE_IRQ_nesting_level\000"
 521      52515F6E 
 521      65737469 
 521      6E675F6C 
 521      6576656C 
 522              	.LASF2:
 523 0213 73686F72 		.ascii	"short int\000"
 523      7420696E 
 523      7400
 524              	.LASF4:
 525 021d 6C6F6E67 		.ascii	"long int\000"
 525      20696E74 
 525      00
 526              	.LASF14:
 527 0226 6C6F6E67 		.ascii	"long double\000"
 527      20646F75 
 527      626C6500 
 528              	.LASF0:
 529 0232 7369676E 		.ascii	"signed char\000"
 529      65642063 
 529      68617200 
 530              	.LASF32:
 531 023e 4147455F 		.ascii	"AGE_ageMeas_run\000"
 531      6167654D 
 531      6561735F 
 531      72756E00 
 532              	.LASF31:
 533 024e 433A5C53 		.ascii	"C:\\Sandbox\\Sem2\\EAA\\Lab\\Lab01\\Lab01EAA\\EGasP"
 533      616E6462 
 533      6F785C53 
 533      656D325C 
 533      4541415C 
 534 027a 6564616C 		.ascii	"edal.cydsn\000"
ARM GAS  C:\Users\acer\AppData\Local\Temp\ccdu6x8y.s 			page 13


 534      2E637964 
 534      736E00
 535              		.ident	"GCC: (GNU Tools for ARM Embedded Processors) 5.4.1 20160609 (release) [ARM/embedded-5-bran
